#-----------------------------------------------------------
# xsim v2017.4 (64-bit)
# SW Build 2086221 on Fri Dec 15 20:54:30 MST 2017
# IP Build 2085800 on Fri Dec 15 22:25:07 MST 2017
# Start of session at: Wed Feb  6 23:11:03 2019
# Process ID: 9034
# Current directory: /home/tansei/Desktop/186cpu/fpu/FSQRT
# Command line: xsim -mode tcl -source {xsim.dir/test_fsqrt.sim/xsim_script.tcl}
# Log file: /home/tansei/Desktop/186cpu/fpu/FSQRT/xsim.log
# Journal file: /home/tansei/Desktop/186cpu/fpu/FSQRT/xsim.jou
#-----------------------------------------------------------
source xsim.dir/test_fsqrt.sim/xsim_script.tcl
# xsim {test_fsqrt.sim} -autoloadwcfg -runall
Vivado Simulator 2017.4
Time resolution is 1 ps
run -all
$finish called at time : 33554432 ns : File "/home/tansei/Desktop/186cpu/fpu/FSQRT/test_fsqrt.sv" Line 80
run: Time (s): cpu = 00:00:00.01 ; elapsed = 00:00:30 . Memory (MB): peak = 1239.016 ; gain = 0.000 ; free physical = 10042 ; free virtual = 30261
exit
INFO: [Common 17-206] Exiting xsim at Wed Feb  6 23:12:00 2019...
