#-----------------------------------------------------------
# xsim v2017.4 (64-bit)
# SW Build 2086221 on Fri Dec 15 20:54:30 MST 2017
# IP Build 2085800 on Fri Dec 15 22:25:07 MST 2017
# Start of session at: Mon Feb 11 15:57:07 2019
# Process ID: 5148
# Current directory: /home/tansei/Desktop/186cpu/fpu/FSQRT
# Command line: xsim -mode tcl -source {xsim.dir/test_fsqrt.sim/xsim_script.tcl}
# Log file: /home/tansei/Desktop/186cpu/fpu/FSQRT/xsim.log
# Journal file: /home/tansei/Desktop/186cpu/fpu/FSQRT/xsim.jou
#-----------------------------------------------------------
source xsim.dir/test_fsqrt.sim/xsim_script.tcl
# xsim {test_fsqrt.sim} -autoloadwcfg -runall
Vivado Simulator 2017.4
Time resolution is 1 ps
run -all
x      =3.725290e-09  00110001100000000000000000000000
true y =6.103516e-05  00111000100000000000000000000000 
my   y =6.103516e-05  00111000100000000000000000000001 

x      =3.725290e-09  00110001100000000000000000000000
true y =6.103516e-05  00111000100000000000000000000000 
my   y =6.103516e-05  00111000100000000000000000000001 

x      =3.725290e-09  00110001100000000000000000000000
true y =6.103516e-05  00111000100000000000000000000000 
my   y =6.103516e-05  00111000100000000000000000000001 

x      =3.725290e-09  00110001100000000000000000000000
true y =6.103516e-05  00111000100000000000000000000000 
my   y =6.103516e-05  00111000100000000000000000000001 

x      =3.725290e-09  00110001100000000000000000000000
true y =6.103516e-05  00111000100000000000000000000000 
my   y =6.103516e-05  00111000100000000000000000000001 

x      =3.725290e-09  00110001100000000000000000000000
true y =6.103516e-05  00111000100000000000000000000000 
my   y =6.103516e-05  00111000100000000000000000000001 

x      =3.725290e-09  00110001100000000000000000000000
true y =6.103516e-05  00111000100000000000000000000000 
my   y =6.103516e-05  00111000100000000000000000000001 

x      =3.725290e-09  00110001100000000000000000000000
true y =6.103516e-05  00111000100000000000000000000000 
my   y =6.103516e-05  00111000100000000000000000000001 

x      =3.725290e-09  00110001100000000000000000000000
true y =6.103516e-05  00111000100000000000000000000000 
my   y =6.103516e-05  00111000100000000000000000000001 

x      =3.725290e-09  00110001100000000000000000000000
true y =6.103516e-05  00111000100000000000000000000000 
my   y =6.103516e-05  00111000100000000000000000000001 

x      =3.725290e-09  00110001100000000000000000000000
true y =6.103516e-05  00111000100000000000000000000000 
my   y =6.103516e-05  00111000100000000000000000000001 

x      =3.725290e-09  00110001100000000000000000000000
true y =6.103516e-05  00111000100000000000000000000000 
my   y =6.103516e-05  00111000100000000000000000000001 

x      =3.725290e-09  00110001100000000000000000000000
true y =6.103516e-05  00111000100000000000000000000000 
my   y =6.103516e-05  00111000100000000000000000000001 

x      =3.725290e-09  00110001100000000000000000000000
true y =6.103516e-05  00111000100000000000000000000000 
my   y =6.103516e-05  00111000100000000000000000000001 

x      =3.725290e-09  00110001100000000000000000000000
true y =6.103516e-05  00111000100000000000000000000000 
my   y =6.103516e-05  00111000100000000000000000000001 

x      =3.725290e-09  00110001100000000000000000000000
true y =6.103516e-05  00111000100000000000000000000000 
my   y =6.103516e-05  00111000100000000000000000000001 

x      =3.725290e-09  00110001100000000000000000000000
true y =6.103516e-05  00111000100000000000000000000000 
my   y =6.103516e-05  00111000100000000000000000000001 

x      =3.725290e-09  00110001100000000000000000000000
true y =6.103516e-05  00111000100000000000000000000000 
my   y =6.103516e-05  00111000100000000000000000000001 

x      =3.725290e-09  00110001100000000000000000000000
true y =6.103516e-05  00111000100000000000000000000000 
my   y =6.103516e-05  00111000100000000000000000000001 

x      =3.725290e-09  00110001100000000000000000000000
true y =6.103516e-05  00111000100000000000000000000000 
my   y =6.103516e-05  00111000100000000000000000000001 

x      =3.725290e-09  00110001100000000000000000000000
true y =6.103516e-05  00111000100000000000000000000000 
my   y =6.103516e-05  00111000100000000000000000000001 

x      =3.725290e-09  00110001100000000000000000000000
true y =6.103516e-05  00111000100000000000000000000000 
my   y =6.103516e-05  00111000100000000000000000000001 

x      =3.725290e-09  00110001100000000000000000000000
true y =6.103516e-05  00111000100000000000000000000000 
my   y =6.103516e-05  00111000100000000000000000000001 

x      =3.725290e-09  00110001100000000000000000000000
true y =6.103516e-05  00111000100000000000000000000000 
my   y =6.103516e-05  00111000100000000000000000000001 

x      =3.725290e-09  00110001100000000000000000000000
true y =6.103516e-05  00111000100000000000000000000000 
my   y =6.103516e-05  00111000100000000000000000000001 

x      =3.725290e-09  00110001100000000000000000000000
true y =6.103516e-05  00111000100000000000000000000000 
my   y =6.103516e-05  00111000100000000000000000000001 

x      =3.725290e-09  00110001100000000000000000000000
true y =6.103516e-05  00111000100000000000000000000000 
my   y =6.103516e-05  00111000100000000000000000000001 

x      =3.725290e-09  00110001100000000000000000000000
true y =6.103516e-05  00111000100000000000000000000000 
my   y =6.103516e-05  00111000100000000000000000000001 

x      =3.725290e-09  00110001100000000000000000000000
true y =6.103516e-05  00111000100000000000000000000000 
my   y =6.103516e-05  00111000100000000000000000000001 

x      =3.725290e-09  00110001100000000000000000000000
true y =6.103516e-05  00111000100000000000000000000000 
my   y =6.103516e-05  00111000100000000000000000000001 

x      =3.725290e-09  00110001100000000000000000000000
true y =6.103516e-05  00111000100000000000000000000000 
my   y =6.103516e-05  00111000100000000000000000000001 

x      =3.725290e-09  00110001100000000000000000000000
true y =6.103516e-05  00111000100000000000000000000000 
my   y =6.103516e-05  00111000100000000000000000000001 

x      =3.725290e-09  00110001100000000000000000000000
true y =6.103516e-05  00111000100000000000000000000000 
my   y =6.103516e-05  00111000100000000000000000000001 

x      =3.725290e-09  00110001100000000000000000000000
true y =6.103516e-05  00111000100000000000000000000000 
my   y =6.103516e-05  00111000100000000000000000000001 

x      =3.725290e-09  00110001100000000000000000000000
true y =6.103516e-05  00111000100000000000000000000000 
my   y =6.103516e-05  00111000100000000000000000000001 

x      =3.725290e-09  00110001100000000000000000000000
true y =6.103516e-05  00111000100000000000000000000000 
my   y =6.103516e-05  00111000100000000000000000000001 

x      =3.725290e-09  00110001100000000000000000000000
true y =6.103516e-05  00111000100000000000000000000000 
my   y =6.103516e-05  00111000100000000000000000000001 

x      =3.725290e-09  00110001100000000000000000000000
true y =6.103516e-05  00111000100000000000000000000000 
my   y =6.103516e-05  00111000100000000000000000000001 

x      =3.725290e-09  00110001100000000000000000000000
true y =6.103516e-05  00111000100000000000000000000000 
my   y =6.103516e-05  00111000100000000000000000000001 

x      =3.725290e-09  00110001100000000000000000000000
true y =6.103516e-05  00111000100000000000000000000000 
my   y =6.103516e-05  00111000100000000000000000000001 

x      =3.725290e-09  00110001100000000000000000000000
true y =6.103516e-05  00111000100000000000000000000000 
my   y =6.103516e-05  00111000100000000000000000000001 

x      =3.725290e-09  00110001100000000000000000000000
true y =6.103516e-05  00111000100000000000000000000000 
my   y =6.103516e-05  00111000100000000000000000000001 

x      =3.725290e-09  00110001100000000000000000000000
true y =6.103516e-05  00111000100000000000000000000000 
my   y =6.103516e-05  00111000100000000000000000000001 

x      =3.725290e-09  00110001100000000000000000000000
true y =6.103516e-05  00111000100000000000000000000000 
my   y =6.103516e-05  00111000100000000000000000000001 

x      =3.725290e-09  00110001100000000000000000000000
true y =6.103516e-05  00111000100000000000000000000000 
my   y =6.103516e-05  00111000100000000000000000000001 

x      =3.725290e-09  00110001100000000000000000000000
true y =6.103516e-05  00111000100000000000000000000000 
my   y =6.103516e-05  00111000100000000000000000000001 

x      =3.725290e-09  00110001100000000000000000000000
true y =6.103516e-05  00111000100000000000000000000000 
my   y =6.103516e-05  00111000100000000000000000000001 

x      =3.725290e-09  00110001100000000000000000000000
true y =6.103516e-05  00111000100000000000000000000000 
my   y =6.103516e-05  00111000100000000000000000000001 

x      =3.725290e-09  00110001100000000000000000000000
true y =6.103516e-05  00111000100000000000000000000000 
my   y =6.103516e-05  00111000100000000000000000000001 

x      =3.725290e-09  00110001100000000000000000000000
true y =6.103516e-05  00111000100000000000000000000000 
my   y =6.103516e-05  00111000100000000000000000000001 

x      =3.725290e-09  00110001100000000000000000000000
true y =6.103516e-05  00111000100000000000000000000000 
my   y =6.103516e-05  00111000100000000000000000000001 

x      =3.725290e-09  00110001100000000000000000000000
true y =6.103516e-05  00111000100000000000000000000000 
my   y =6.103516e-05  00111000100000000000000000000001 

x      =3.725290e-09  00110001100000000000000000000000
true y =6.103516e-05  00111000100000000000000000000000 
my   y =6.103516e-05  00111000100000000000000000000001 

x      =3.725290e-09  00110001100000000000000000000000
true y =6.103516e-05  00111000100000000000000000000000 
my   y =6.103516e-05  00111000100000000000000000000001 

x      =3.725290e-09  00110001100000000000000000000000
true y =6.103516e-05  00111000100000000000000000000000 
my   y =6.103516e-05  00111000100000000000000000000001 

x      =3.725290e-09  00110001100000000000000000000000
true y =6.103516e-05  00111000100000000000000000000000 
my   y =6.103516e-05  00111000100000000000000000000001 

x      =3.725290e-09  00110001100000000000000000000000
true y =6.103516e-05  00111000100000000000000000000000 
my   y =6.103516e-05  00111000100000000000000000000001 

x      =3.725290e-09  00110001100000000000000000000000
true y =6.103516e-05  00111000100000000000000000000000 
my   y =6.103516e-05  00111000100000000000000000000001 

x      =3.725290e-09  00110001100000000000000000000000
true y =6.103516e-05  00111000100000000000000000000000 
my   y =6.103516e-05  00111000100000000000000000000001 

x      =3.725290e-09  00110001100000000000000000000000
true y =6.103516e-05  00111000100000000000000000000000 
my   y =6.103516e-05  00111000100000000000000000000001 

x      =3.725290e-09  00110001100000000000000000000000
true y =6.103516e-05  00111000100000000000000000000000 
my   y =6.103516e-05  00111000100000000000000000000001 

x      =3.725290e-09  00110001100000000000000000000000
true y =6.103516e-05  00111000100000000000000000000000 
my   y =6.103516e-05  00111000100000000000000000000001 

x      =3.725290e-09  00110001100000000000000000000000
true y =6.103516e-05  00111000100000000000000000000000 
my   y =6.103516e-05  00111000100000000000000000000001 

x      =3.725290e-09  00110001100000000000000000000000
true y =6.103516e-05  00111000100000000000000000000000 
my   y =6.103516e-05  00111000100000000000000000000001 

x      =3.725290e-09  00110001100000000000000000000000
true y =6.103516e-05  00111000100000000000000000000000 
my   y =6.103516e-05  00111000100000000000000000000001 

x      =3.725290e-09  00110001100000000000000000000000
true y =6.103516e-05  00111000100000000000000000000000 
my   y =6.103516e-05  00111000100000000000000000000001 

x      =3.725290e-09  00110001100000000000000000000000
true y =6.103516e-05  00111000100000000000000000000000 
my   y =6.103516e-05  00111000100000000000000000000001 

x      =3.725290e-09  00110001100000000000000000000000
true y =6.103516e-05  00111000100000000000000000000000 
my   y =6.103516e-05  00111000100000000000000000000001 

x      =3.725290e-09  00110001100000000000000000000000
true y =6.103516e-05  00111000100000000000000000000000 
my   y =6.103516e-05  00111000100000000000000000000001 

x      =3.725290e-09  00110001100000000000000000000000
true y =6.103516e-05  00111000100000000000000000000000 
my   y =6.103516e-05  00111000100000000000000000000001 

x      =3.725290e-09  00110001100000000000000000000000
true y =6.103516e-05  00111000100000000000000000000000 
my   y =6.103516e-05  00111000100000000000000000000001 

x      =3.725290e-09  00110001100000000000000000000000
true y =6.103516e-05  00111000100000000000000000000000 
my   y =6.103516e-05  00111000100000000000000000000001 

x      =3.725290e-09  00110001100000000000000000000000
true y =6.103516e-05  00111000100000000000000000000000 
my   y =6.103516e-05  00111000100000000000000000000001 

x      =3.725290e-09  00110001100000000000000000000000
true y =6.103516e-05  00111000100000000000000000000000 
my   y =6.103516e-05  00111000100000000000000000000001 

x      =3.725290e-09  00110001100000000000000000000000
true y =6.103516e-05  00111000100000000000000000000000 
my   y =6.103516e-05  00111000100000000000000000000001 

x      =3.725290e-09  00110001100000000000000000000000
true y =6.103516e-05  00111000100000000000000000000000 
my   y =6.103516e-05  00111000100000000000000000000001 

x      =3.725290e-09  00110001100000000000000000000000
true y =6.103516e-05  00111000100000000000000000000000 
my   y =6.103516e-05  00111000100000000000000000000001 

x      =3.725290e-09  00110001100000000000000000000000
true y =6.103516e-05  00111000100000000000000000000000 
my   y =6.103516e-05  00111000100000000000000000000001 

x      =3.725290e-09  00110001100000000000000000000000
true y =6.103516e-05  00111000100000000000000000000000 
my   y =6.103516e-05  00111000100000000000000000000001 

x      =3.725290e-09  00110001100000000000000000000000
true y =6.103516e-05  00111000100000000000000000000000 
my   y =6.103516e-05  00111000100000000000000000000001 

x      =3.725290e-09  00110001100000000000000000000000
true y =6.103516e-05  00111000100000000000000000000000 
my   y =6.103516e-05  00111000100000000000000000000001 

x      =3.725290e-09  00110001100000000000000000000000
true y =6.103516e-05  00111000100000000000000000000000 
my   y =6.103516e-05  00111000100000000000000000000001 

x      =3.725290e-09  00110001100000000000000000000000
true y =6.103516e-05  00111000100000000000000000000000 
my   y =6.103516e-05  00111000100000000000000000000001 

x      =3.725290e-09  00110001100000000000000000000000
true y =6.103516e-05  00111000100000000000000000000000 
my   y =6.103516e-05  00111000100000000000000000000001 

x      =3.725290e-09  00110001100000000000000000000000
true y =6.103516e-05  00111000100000000000000000000000 
my   y =6.103516e-05  00111000100000000000000000000001 

x      =3.725290e-09  00110001100000000000000000000000
true y =6.103516e-05  00111000100000000000000000000000 
my   y =6.103516e-05  00111000100000000000000000000001 

x      =3.725290e-09  00110001100000000000000000000000
true y =6.103516e-05  00111000100000000000000000000000 
my   y =6.103516e-05  00111000100000000000000000000001 

x      =3.725290e-09  00110001100000000000000000000000
true y =6.103516e-05  00111000100000000000000000000000 
my   y =6.103516e-05  00111000100000000000000000000001 

x      =3.725290e-09  00110001100000000000000000000000
true y =6.103516e-05  00111000100000000000000000000000 
my   y =6.103516e-05  00111000100000000000000000000001 

x      =3.725290e-09  00110001100000000000000000000000
true y =6.103516e-05  00111000100000000000000000000000 
my   y =6.103516e-05  00111000100000000000000000000001 

x      =3.725290e-09  00110001100000000000000000000000
true y =6.103516e-05  00111000100000000000000000000000 
my   y =6.103516e-05  00111000100000000000000000000001 

x      =3.725290e-09  00110001100000000000000000000000
true y =6.103516e-05  00111000100000000000000000000000 
my   y =6.103516e-05  00111000100000000000000000000001 

x      =3.725290e-09  00110001100000000000000000000000
true y =6.103516e-05  00111000100000000000000000000000 
my   y =6.103516e-05  00111000100000000000000000000001 

x      =3.725290e-09  00110001100000000000000000000000
true y =6.103516e-05  00111000100000000000000000000000 
my   y =6.103516e-05  00111000100000000000000000000001 

x      =3.725290e-09  00110001100000000000000000000000
true y =6.103516e-05  00111000100000000000000000000000 
my   y =6.103516e-05  00111000100000000000000000000001 

x      =3.725290e-09  00110001100000000000000000000000
true y =6.103516e-05  00111000100000000000000000000000 
my   y =6.103516e-05  00111000100000000000000000000001 

x      =3.725290e-09  00110001100000000000000000000000
true y =6.103516e-05  00111000100000000000000000000000 
my   y =6.103516e-05  00111000100000000000000000000001 

x      =3.725290e-09  00110001100000000000000000000000
true y =6.103516e-05  00111000100000000000000000000000 
my   y =6.103516e-05  00111000100000000000000000000001 

x      =3.725290e-09  00110001100000000000000000000000
true y =6.103516e-05  00111000100000000000000000000000 
my   y =6.103516e-05  00111000100000000000000000000001 

x      =3.725290e-09  00110001100000000000000000000000
true y =6.103516e-05  00111000100000000000000000000000 
my   y =6.103516e-05  00111000100000000000000000000001 

x      =3.725290e-09  00110001100000000000000000000000
true y =6.103516e-05  00111000100000000000000000000000 
my   y =6.103516e-05  00111000100000000000000000000001 

x      =3.725290e-09  00110001100000000000000000000000
true y =6.103516e-05  00111000100000000000000000000000 
my   y =6.103516e-05  00111000100000000000000000000001 

x      =3.725290e-09  00110001100000000000000000000000
true y =6.103516e-05  00111000100000000000000000000000 
my   y =6.103516e-05  00111000100000000000000000000001 

x      =3.725290e-09  00110001100000000000000000000000
true y =6.103516e-05  00111000100000000000000000000000 
my   y =6.103516e-05  00111000100000000000000000000001 

x      =3.725290e-09  00110001100000000000000000000000
true y =6.103516e-05  00111000100000000000000000000000 
my   y =6.103516e-05  00111000100000000000000000000001 

x      =3.725290e-09  00110001100000000000000000000000
true y =6.103516e-05  00111000100000000000000000000000 
my   y =6.103516e-05  00111000100000000000000000000001 

x      =3.725290e-09  00110001100000000000000000000000
true y =6.103516e-05  00111000100000000000000000000000 
my   y =6.103516e-05  00111000100000000000000000000001 

x      =3.725290e-09  00110001100000000000000000000000
true y =6.103516e-05  00111000100000000000000000000000 
my   y =6.103516e-05  00111000100000000000000000000001 

x      =3.725290e-09  00110001100000000000000000000000
true y =6.103516e-05  00111000100000000000000000000000 
my   y =6.103516e-05  00111000100000000000000000000001 

x      =3.725290e-09  00110001100000000000000000000000
true y =6.103516e-05  00111000100000000000000000000000 
my   y =6.103516e-05  00111000100000000000000000000001 

x      =3.725290e-09  00110001100000000000000000000000
true y =6.103516e-05  00111000100000000000000000000000 
my   y =6.103516e-05  00111000100000000000000000000001 

x      =3.725290e-09  00110001100000000000000000000000
true y =6.103516e-05  00111000100000000000000000000000 
my   y =6.103516e-05  00111000100000000000000000000001 

x      =3.725290e-09  00110001100000000000000000000000
true y =6.103516e-05  00111000100000000000000000000000 
my   y =6.103516e-05  00111000100000000000000000000001 

x      =3.725290e-09  00110001100000000000000000000000
true y =6.103516e-05  00111000100000000000000000000000 
my   y =6.103516e-05  00111000100000000000000000000001 

x      =3.725290e-09  00110001100000000000000000000000
true y =6.103516e-05  00111000100000000000000000000000 
my   y =6.103516e-05  00111000100000000000000000000001 

x      =3.725290e-09  00110001100000000000000000000000
true y =6.103516e-05  00111000100000000000000000000000 
my   y =6.103516e-05  00111000100000000000000000000001 

x      =3.725290e-09  00110001100000000000000000000000
true y =6.103516e-05  00111000100000000000000000000000 
my   y =6.103516e-05  00111000100000000000000000000001 

x      =3.725290e-09  00110001100000000000000000000000
true y =6.103516e-05  00111000100000000000000000000000 
my   y =6.103516e-05  00111000100000000000000000000001 

x      =3.725290e-09  00110001100000000000000000000000
true y =6.103516e-05  00111000100000000000000000000000 
my   y =6.103516e-05  00111000100000000000000000000001 

x      =3.725290e-09  00110001100000000000000000000000
true y =6.103516e-05  00111000100000000000000000000000 
my   y =6.103516e-05  00111000100000000000000000000001 

x      =3.725290e-09  00110001100000000000000000000000
true y =6.103516e-05  00111000100000000000000000000000 
my   y =6.103516e-05  00111000100000000000000000000001 

x      =3.725290e-09  00110001100000000000000000000000
true y =6.103516e-05  00111000100000000000000000000000 
my   y =6.103516e-05  00111000100000000000000000000001 

x      =3.725290e-09  00110001100000000000000000000000
true y =6.103516e-05  00111000100000000000000000000000 
my   y =6.103516e-05  00111000100000000000000000000001 

x      =3.725290e-09  00110001100000000000000000000000
true y =6.103516e-05  00111000100000000000000000000000 
my   y =6.103516e-05  00111000100000000000000000000001 

x      =3.725290e-09  00110001100000000000000000000000
true y =6.103516e-05  00111000100000000000000000000000 
my   y =6.103516e-05  00111000100000000000000000000001 

x      =3.725290e-09  00110001100000000000000000000000
true y =6.103516e-05  00111000100000000000000000000000 
my   y =6.103516e-05  00111000100000000000000000000001 

x      =3.725290e-09  00110001100000000000000000000000
true y =6.103516e-05  00111000100000000000000000000000 
my   y =6.103516e-05  00111000100000000000000000000001 

x      =3.725290e-09  00110001100000000000000000000000
true y =6.103516e-05  00111000100000000000000000000000 
my   y =6.103516e-05  00111000100000000000000000000001 

x      =3.725290e-09  00110001100000000000000000000000
true y =6.103516e-05  00111000100000000000000000000000 
my   y =6.103516e-05  00111000100000000000000000000001 

x      =3.725290e-09  00110001100000000000000000000000
true y =6.103516e-05  00111000100000000000000000000000 
my   y =6.103516e-05  00111000100000000000000000000001 

x      =3.725290e-09  00110001100000000000000000000000
true y =6.103516e-05  00111000100000000000000000000000 
my   y =6.103516e-05  00111000100000000000000000000001 

x      =3.725290e-09  00110001100000000000000000000000
true y =6.103516e-05  00111000100000000000000000000000 
my   y =6.103516e-05  00111000100000000000000000000001 

x      =3.725290e-09  00110001100000000000000000000000
true y =6.103516e-05  00111000100000000000000000000000 
my   y =6.103516e-05  00111000100000000000000000000001 

x      =3.725290e-09  00110001100000000000000000000000
true y =6.103516e-05  00111000100000000000000000000000 
my   y =6.103516e-05  00111000100000000000000000000001 

x      =3.725290e-09  00110001100000000000000000000000
true y =6.103516e-05  00111000100000000000000000000000 
my   y =6.103516e-05  00111000100000000000000000000001 

x      =3.725290e-09  00110001100000000000000000000000
true y =6.103516e-05  00111000100000000000000000000000 
my   y =6.103516e-05  00111000100000000000000000000001 

x      =3.725290e-09  00110001100000000000000000000000
true y =6.103516e-05  00111000100000000000000000000000 
my   y =6.103516e-05  00111000100000000000000000000001 

x      =3.725290e-09  00110001100000000000000000000000
true y =6.103516e-05  00111000100000000000000000000000 
my   y =6.103516e-05  00111000100000000000000000000001 

x      =3.725290e-09  00110001100000000000000000000000
true y =6.103516e-05  00111000100000000000000000000000 
my   y =6.103516e-05  00111000100000000000000000000001 

x      =3.725290e-09  00110001100000000000000000000000
true y =6.103516e-05  00111000100000000000000000000000 
my   y =6.103516e-05  00111000100000000000000000000001 

x      =3.725290e-09  00110001100000000000000000000000
true y =6.103516e-05  00111000100000000000000000000000 
my   y =6.103516e-05  00111000100000000000000000000001 

x      =3.725290e-09  00110001100000000000000000000000
true y =6.103516e-05  00111000100000000000000000000000 
my   y =6.103516e-05  00111000100000000000000000000001 

x      =3.725290e-09  00110001100000000000000000000000
true y =6.103516e-05  00111000100000000000000000000000 
my   y =6.103516e-05  00111000100000000000000000000001 

x      =3.725290e-09  00110001100000000000000000000000
true y =6.103516e-05  00111000100000000000000000000000 
my   y =6.103516e-05  00111000100000000000000000000001 

x      =3.725290e-09  00110001100000000000000000000000
true y =6.103516e-05  00111000100000000000000000000000 
my   y =6.103516e-05  00111000100000000000000000000001 

x      =3.725290e-09  00110001100000000000000000000000
true y =6.103516e-05  00111000100000000000000000000000 
my   y =6.103516e-05  00111000100000000000000000000001 

x      =3.725290e-09  00110001100000000000000000000000
true y =6.103516e-05  00111000100000000000000000000000 
my   y =6.103516e-05  00111000100000000000000000000001 

x      =3.725290e-09  00110001100000000000000000000000
true y =6.103516e-05  00111000100000000000000000000000 
my   y =6.103516e-05  00111000100000000000000000000001 

x      =3.725290e-09  00110001100000000000000000000000
true y =6.103516e-05  00111000100000000000000000000000 
my   y =6.103516e-05  00111000100000000000000000000001 

x      =3.725290e-09  00110001100000000000000000000000
true y =6.103516e-05  00111000100000000000000000000000 
my   y =6.103516e-05  00111000100000000000000000000001 

x      =3.725290e-09  00110001100000000000000000000000
true y =6.103516e-05  00111000100000000000000000000000 
my   y =6.103516e-05  00111000100000000000000000000001 

x      =3.725290e-09  00110001100000000000000000000000
true y =6.103516e-05  00111000100000000000000000000000 
my   y =6.103516e-05  00111000100000000000000000000001 

x      =3.725290e-09  00110001100000000000000000000000
true y =6.103516e-05  00111000100000000000000000000000 
my   y =6.103516e-05  00111000100000000000000000000001 

x      =3.725290e-09  00110001100000000000000000000000
true y =6.103516e-05  00111000100000000000000000000000 
my   y =6.103516e-05  00111000100000000000000000000001 

x      =3.725290e-09  00110001100000000000000000000000
true y =6.103516e-05  00111000100000000000000000000000 
my   y =6.103516e-05  00111000100000000000000000000001 

x      =3.725290e-09  00110001100000000000000000000000
true y =6.103516e-05  00111000100000000000000000000000 
my   y =6.103516e-05  00111000100000000000000000000001 

x      =3.725290e-09  00110001100000000000000000000000
true y =6.103516e-05  00111000100000000000000000000000 
my   y =6.103516e-05  00111000100000000000000000000001 

x      =3.725290e-09  00110001100000000000000000000000
true y =6.103516e-05  00111000100000000000000000000000 
my   y =6.103516e-05  00111000100000000000000000000001 

x      =3.725290e-09  00110001100000000000000000000000
true y =6.103516e-05  00111000100000000000000000000000 
my   y =6.103516e-05  00111000100000000000000000000001 

x      =3.725290e-09  00110001100000000000000000000000
true y =6.103516e-05  00111000100000000000000000000000 
my   y =6.103516e-05  00111000100000000000000000000001 

x      =3.725290e-09  00110001100000000000000000000000
true y =6.103516e-05  00111000100000000000000000000000 
my   y =6.103516e-05  00111000100000000000000000000001 

x      =3.725290e-09  00110001100000000000000000000000
true y =6.103516e-05  00111000100000000000000000000000 
my   y =6.103516e-05  00111000100000000000000000000001 

x      =3.725290e-09  00110001100000000000000000000000
true y =6.103516e-05  00111000100000000000000000000000 
my   y =6.103516e-05  00111000100000000000000000000001 

x      =3.725290e-09  00110001100000000000000000000000
true y =6.103516e-05  00111000100000000000000000000000 
my   y =6.103516e-05  00111000100000000000000000000001 

x      =3.725290e-09  00110001100000000000000000000000
true y =6.103516e-05  00111000100000000000000000000000 
my   y =6.103516e-05  00111000100000000000000000000001 

x      =3.725290e-09  00110001100000000000000000000000
true y =6.103516e-05  00111000100000000000000000000000 
my   y =6.103516e-05  00111000100000000000000000000001 

x      =3.725290e-09  00110001100000000000000000000000
true y =6.103516e-05  00111000100000000000000000000000 
my   y =6.103516e-05  00111000100000000000000000000001 

x      =3.725290e-09  00110001100000000000000000000000
true y =6.103516e-05  00111000100000000000000000000000 
my   y =6.103516e-05  00111000100000000000000000000001 

x      =3.725290e-09  00110001100000000000000000000000
true y =6.103516e-05  00111000100000000000000000000000 
my   y =6.103516e-05  00111000100000000000000000000001 

x      =3.725290e-09  00110001100000000000000000000000
true y =6.103516e-05  00111000100000000000000000000000 
my   y =6.103516e-05  00111000100000000000000000000001 

x      =3.725290e-09  00110001100000000000000000000000
true y =6.103516e-05  00111000100000000000000000000000 
my   y =6.103516e-05  00111000100000000000000000000001 

x      =3.725290e-09  00110001100000000000000000000000
true y =6.103516e-05  00111000100000000000000000000000 
my   y =6.103516e-05  00111000100000000000000000000001 

x      =3.725290e-09  00110001100000000000000000000000
true y =6.103516e-05  00111000100000000000000000000000 
my   y =6.103516e-05  00111000100000000000000000000001 

x      =3.725290e-09  00110001100000000000000000000000
true y =6.103516e-05  00111000100000000000000000000000 
my   y =6.103516e-05  00111000100000000000000000000001 

x      =3.725290e-09  00110001100000000000000000000000
true y =6.103516e-05  00111000100000000000000000000000 
my   y =6.103516e-05  00111000100000000000000000000001 

x      =3.725290e-09  00110001100000000000000000000000
true y =6.103516e-05  00111000100000000000000000000000 
my   y =6.103516e-05  00111000100000000000000000000001 

x      =3.725290e-09  00110001100000000000000000000000
true y =6.103516e-05  00111000100000000000000000000000 
my   y =6.103516e-05  00111000100000000000000000000001 

x      =3.725290e-09  00110001100000000000000000000000
true y =6.103516e-05  00111000100000000000000000000000 
my   y =6.103516e-05  00111000100000000000000000000001 

x      =3.725290e-09  00110001100000000000000000000000
true y =6.103516e-05  00111000100000000000000000000000 
my   y =6.103516e-05  00111000100000000000000000000001 

x      =3.725290e-09  00110001100000000000000000000000
true y =6.103516e-05  00111000100000000000000000000000 
my   y =6.103516e-05  00111000100000000000000000000001 

x      =3.725290e-09  00110001100000000000000000000000
true y =6.103516e-05  00111000100000000000000000000000 
my   y =6.103516e-05  00111000100000000000000000000001 

x      =3.725290e-09  00110001100000000000000000000000
true y =6.103516e-05  00111000100000000000000000000000 
my   y =6.103516e-05  00111000100000000000000000000001 

x      =3.725290e-09  00110001100000000000000000000000
true y =6.103516e-05  00111000100000000000000000000000 
my   y =6.103516e-05  00111000100000000000000000000001 

x      =3.725290e-09  00110001100000000000000000000000
true y =6.103516e-05  00111000100000000000000000000000 
my   y =6.103516e-05  00111000100000000000000000000001 

x      =3.725290e-09  00110001100000000000000000000000
true y =6.103516e-05  00111000100000000000000000000000 
my   y =6.103516e-05  00111000100000000000000000000001 

x      =3.725290e-09  00110001100000000000000000000000
true y =6.103516e-05  00111000100000000000000000000000 
my   y =6.103516e-05  00111000100000000000000000000001 

x      =3.725290e-09  00110001100000000000000000000000
true y =6.103516e-05  00111000100000000000000000000000 
my   y =6.103516e-05  00111000100000000000000000000001 

x      =3.725290e-09  00110001100000000000000000000000
true y =6.103516e-05  00111000100000000000000000000000 
my   y =6.103516e-05  00111000100000000000000000000001 

x      =3.725290e-09  00110001100000000000000000000000
true y =6.103516e-05  00111000100000000000000000000000 
my   y =6.103516e-05  00111000100000000000000000000001 

x      =3.725290e-09  00110001100000000000000000000000
true y =6.103516e-05  00111000100000000000000000000000 
my   y =6.103516e-05  00111000100000000000000000000001 

x      =3.725290e-09  00110001100000000000000000000000
true y =6.103516e-05  00111000100000000000000000000000 
my   y =6.103516e-05  00111000100000000000000000000001 

x      =3.725290e-09  00110001100000000000000000000000
true y =6.103516e-05  00111000100000000000000000000000 
my   y =6.103516e-05  00111000100000000000000000000001 

x      =3.725290e-09  00110001100000000000000000000000
true y =6.103516e-05  00111000100000000000000000000000 
my   y =6.103516e-05  00111000100000000000000000000001 

x      =3.725290e-09  00110001100000000000000000000000
true y =6.103516e-05  00111000100000000000000000000000 
my   y =6.103516e-05  00111000100000000000000000000001 

x      =3.725290e-09  00110001100000000000000000000000
true y =6.103516e-05  00111000100000000000000000000000 
my   y =6.103516e-05  00111000100000000000000000000001 

x      =3.725290e-09  00110001100000000000000000000000
true y =6.103516e-05  00111000100000000000000000000000 
my   y =6.103516e-05  00111000100000000000000000000001 

x      =3.725290e-09  00110001100000000000000000000000
true y =6.103516e-05  00111000100000000000000000000000 
my   y =6.103516e-05  00111000100000000000000000000001 

x      =3.725290e-09  00110001100000000000000000000000
true y =6.103516e-05  00111000100000000000000000000000 
my   y =6.103516e-05  00111000100000000000000000000001 

x      =3.725290e-09  00110001100000000000000000000000
true y =6.103516e-05  00111000100000000000000000000000 
my   y =6.103516e-05  00111000100000000000000000000001 

x      =3.725290e-09  00110001100000000000000000000000
true y =6.103516e-05  00111000100000000000000000000000 
my   y =6.103516e-05  00111000100000000000000000000001 

x      =3.725290e-09  00110001100000000000000000000000
true y =6.103516e-05  00111000100000000000000000000000 
my   y =6.103516e-05  00111000100000000000000000000001 

x      =3.725290e-09  00110001100000000000000000000000
true y =6.103516e-05  00111000100000000000000000000000 
my   y =6.103516e-05  00111000100000000000000000000001 

x      =3.725290e-09  00110001100000000000000000000000
true y =6.103516e-05  00111000100000000000000000000000 
my   y =6.103516e-05  00111000100000000000000000000001 

x      =3.725290e-09  00110001100000000000000000000000
true y =6.103516e-05  00111000100000000000000000000000 
my   y =6.103516e-05  00111000100000000000000000000001 

x      =3.725290e-09  00110001100000000000000000000000
true y =6.103516e-05  00111000100000000000000000000000 
my   y =6.103516e-05  00111000100000000000000000000001 

x      =3.725290e-09  00110001100000000000000000000000
true y =6.103516e-05  00111000100000000000000000000000 
my   y =6.103516e-05  00111000100000000000000000000001 

x      =3.725290e-09  00110001100000000000000000000000
true y =6.103516e-05  00111000100000000000000000000000 
my   y =6.103516e-05  00111000100000000000000000000001 

x      =3.725290e-09  00110001100000000000000000000000
true y =6.103516e-05  00111000100000000000000000000000 
my   y =6.103516e-05  00111000100000000000000000000001 

x      =3.725290e-09  00110001100000000000000000000000
true y =6.103516e-05  00111000100000000000000000000000 
my   y =6.103516e-05  00111000100000000000000000000001 

x      =3.725290e-09  00110001100000000000000000000000
true y =6.103516e-05  00111000100000000000000000000000 
my   y =6.103516e-05  00111000100000000000000000000001 

x      =3.725290e-09  00110001100000000000000000000000
true y =6.103516e-05  00111000100000000000000000000000 
my   y =6.103516e-05  00111000100000000000000000000001 

x      =3.725290e-09  00110001100000000000000000000000
true y =6.103516e-05  00111000100000000000000000000000 
my   y =6.103516e-05  00111000100000000000000000000001 

x      =3.725290e-09  00110001100000000000000000000000
true y =6.103516e-05  00111000100000000000000000000000 
my   y =6.103516e-05  00111000100000000000000000000001 

x      =3.725290e-09  00110001100000000000000000000000
true y =6.103516e-05  00111000100000000000000000000000 
my   y =6.103516e-05  00111000100000000000000000000001 

x      =3.725290e-09  00110001100000000000000000000000
true y =6.103516e-05  00111000100000000000000000000000 
my   y =6.103516e-05  00111000100000000000000000000001 

x      =3.725290e-09  00110001100000000000000000000000
true y =6.103516e-05  00111000100000000000000000000000 
my   y =6.103516e-05  00111000100000000000000000000001 

x      =3.725290e-09  00110001100000000000000000000000
true y =6.103516e-05  00111000100000000000000000000000 
my   y =6.103516e-05  00111000100000000000000000000001 

x      =3.725290e-09  00110001100000000000000000000000
true y =6.103516e-05  00111000100000000000000000000000 
my   y =6.103516e-05  00111000100000000000000000000001 

x      =3.725290e-09  00110001100000000000000000000000
true y =6.103516e-05  00111000100000000000000000000000 
my   y =6.103516e-05  00111000100000000000000000000001 

x      =3.725290e-09  00110001100000000000000000000000
true y =6.103516e-05  00111000100000000000000000000000 
my   y =6.103516e-05  00111000100000000000000000000001 

x      =3.725290e-09  00110001100000000000000000000000
true y =6.103516e-05  00111000100000000000000000000000 
my   y =6.103516e-05  00111000100000000000000000000001 

x      =3.725290e-09  00110001100000000000000000000000
true y =6.103516e-05  00111000100000000000000000000000 
my   y =6.103516e-05  00111000100000000000000000000001 

x      =3.725290e-09  00110001100000000000000000000000
true y =6.103516e-05  00111000100000000000000000000000 
my   y =6.103516e-05  00111000100000000000000000000001 

x      =3.725290e-09  00110001100000000000000000000000
true y =6.103516e-05  00111000100000000000000000000000 
my   y =6.103516e-05  00111000100000000000000000000001 

x      =3.725290e-09  00110001100000000000000000000000
true y =6.103516e-05  00111000100000000000000000000000 
my   y =6.103516e-05  00111000100000000000000000000001 

x      =3.725290e-09  00110001100000000000000000000000
true y =6.103516e-05  00111000100000000000000000000000 
my   y =6.103516e-05  00111000100000000000000000000001 

x      =3.725290e-09  00110001100000000000000000000000
true y =6.103516e-05  00111000100000000000000000000000 
my   y =6.103516e-05  00111000100000000000000000000001 

x      =3.725290e-09  00110001100000000000000000000000
true y =6.103516e-05  00111000100000000000000000000000 
my   y =6.103516e-05  00111000100000000000000000000001 

x      =3.725290e-09  00110001100000000000000000000000
true y =6.103516e-05  00111000100000000000000000000000 
my   y =6.103516e-05  00111000100000000000000000000001 

x      =3.725290e-09  00110001100000000000000000000000
true y =6.103516e-05  00111000100000000000000000000000 
my   y =6.103516e-05  00111000100000000000000000000001 

x      =3.725290e-09  00110001100000000000000000000000
true y =6.103516e-05  00111000100000000000000000000000 
my   y =6.103516e-05  00111000100000000000000000000001 

x      =3.725290e-09  00110001100000000000000000000000
true y =6.103516e-05  00111000100000000000000000000000 
my   y =6.103516e-05  00111000100000000000000000000001 

x      =3.725290e-09  00110001100000000000000000000000
true y =6.103516e-05  00111000100000000000000000000000 
my   y =6.103516e-05  00111000100000000000000000000001 

x      =3.725290e-09  00110001100000000000000000000000
true y =6.103516e-05  00111000100000000000000000000000 
my   y =6.103516e-05  00111000100000000000000000000001 

x      =3.725290e-09  00110001100000000000000000000000
true y =6.103516e-05  00111000100000000000000000000000 
my   y =6.103516e-05  00111000100000000000000000000001 

x      =3.725290e-09  00110001100000000000000000000000
true y =6.103516e-05  00111000100000000000000000000000 
my   y =6.103516e-05  00111000100000000000000000000001 

x      =3.725290e-09  00110001100000000000000000000000
true y =6.103516e-05  00111000100000000000000000000000 
my   y =6.103516e-05  00111000100000000000000000000001 

x      =3.725290e-09  00110001100000000000000000000000
true y =6.103516e-05  00111000100000000000000000000000 
my   y =6.103516e-05  00111000100000000000000000000001 

x      =3.725290e-09  00110001100000000000000000000000
true y =6.103516e-05  00111000100000000000000000000000 
my   y =6.103516e-05  00111000100000000000000000000001 

x      =3.725290e-09  00110001100000000000000000000000
true y =6.103516e-05  00111000100000000000000000000000 
my   y =6.103516e-05  00111000100000000000000000000001 

x      =3.725290e-09  00110001100000000000000000000000
true y =6.103516e-05  00111000100000000000000000000000 
my   y =6.103516e-05  00111000100000000000000000000001 

x      =3.725290e-09  00110001100000000000000000000000
true y =6.103516e-05  00111000100000000000000000000000 
my   y =6.103516e-05  00111000100000000000000000000001 

x      =3.725290e-09  00110001100000000000000000000000
true y =6.103516e-05  00111000100000000000000000000000 
my   y =6.103516e-05  00111000100000000000000000000001 

x      =3.725290e-09  00110001100000000000000000000000
true y =6.103516e-05  00111000100000000000000000000000 
my   y =6.103516e-05  00111000100000000000000000000001 

x      =3.725290e-09  00110001100000000000000000000000
true y =6.103516e-05  00111000100000000000000000000000 
my   y =6.103516e-05  00111000100000000000000000000001 

x      =3.725290e-09  00110001100000000000000000000000
true y =6.103516e-05  00111000100000000000000000000000 
my   y =6.103516e-05  00111000100000000000000000000001 

x      =3.725290e-09  00110001100000000000000000000000
true y =6.103516e-05  00111000100000000000000000000000 
my   y =6.103516e-05  00111000100000000000000000000001 

x      =3.725290e-09  00110001100000000000000000000000
true y =6.103516e-05  00111000100000000000000000000000 
my   y =6.103516e-05  00111000100000000000000000000001 

x      =3.725290e-09  00110001100000000000000000000000
true y =6.103516e-05  00111000100000000000000000000000 
my   y =6.103516e-05  00111000100000000000000000000001 

x      =3.725290e-09  00110001100000000000000000000000
true y =6.103516e-05  00111000100000000000000000000000 
my   y =6.103516e-05  00111000100000000000000000000001 

x      =3.725290e-09  00110001100000000000000000000000
true y =6.103516e-05  00111000100000000000000000000000 
my   y =6.103516e-05  00111000100000000000000000000001 

x      =3.725290e-09  00110001100000000000000000000000
true y =6.103516e-05  00111000100000000000000000000000 
my   y =6.103516e-05  00111000100000000000000000000001 

x      =3.725290e-09  00110001100000000000000000000000
true y =6.103516e-05  00111000100000000000000000000000 
my   y =6.103516e-05  00111000100000000000000000000001 

x      =3.725290e-09  00110001100000000000000000000000
true y =6.103516e-05  00111000100000000000000000000000 
my   y =6.103516e-05  00111000100000000000000000000001 

INFO: [Common 17-41] Interrupt caught. Command should exit soon.
INFO: [Common 17-344] 'run' was cancelled
exit
INFO: [Common 17-206] Exiting xsim at Mon Feb 11 15:57:35 2019...
