#-----------------------------------------------------------
# xsim v2017.4 (64-bit)
# SW Build 2086221 on Fri Dec 15 20:54:30 MST 2017
# IP Build 2085800 on Fri Dec 15 22:25:07 MST 2017
# Start of session at: Tue Oct  2 17:26:53 2018
# Process ID: 9215
# Current directory: /home/tansei/Desktop/class/3A/CPU/FADD
# Command line: xsim -mode tcl -source {xsim.dir/test_fadd.sim/xsim_script.tcl}
# Log file: /home/tansei/Desktop/class/3A/CPU/FADD/xsim.log
# Journal file: /home/tansei/Desktop/class/3A/CPU/FADD/xsim.jou
#-----------------------------------------------------------
source xsim.dir/test_fadd.sim/xsim_script.tcl
# xsim {test_fadd.sim} -autoloadwcfg -runall
Vivado Simulator 2017.4
Time resolution is 1 ps
run -all
$finish called at time : 52898 us : File "/home/tansei/Desktop/class/3A/CPU/FADD/test_fadd.sv" Line 141
run: Time (s): cpu = 00:00:00.06 ; elapsed = 00:01:15 . Memory (MB): peak = 1239.016 ; gain = 0.000 ; free physical = 6386 ; free virtual = 30060
exit
INFO: [Common 17-206] Exiting xsim at Tue Oct  2 17:28:17 2018...
