#-----------------------------------------------------------
# xsim v2017.4 (64-bit)
# SW Build 2086221 on Fri Dec 15 20:54:30 MST 2017
# IP Build 2085800 on Fri Dec 15 22:25:07 MST 2017
# Start of session at: Tue Dec  4 13:47:03 2018
# Process ID: 17240
# Current directory: /home/tansei/Desktop/186cpu/fpu/FADD
# Command line: xsim -mode tcl -source {xsim.dir/test_fadd.sim/xsim_script.tcl}
# Log file: /home/tansei/Desktop/186cpu/fpu/FADD/xsim.log
# Journal file: /home/tansei/Desktop/186cpu/fpu/FADD/xsim.jou
#-----------------------------------------------------------
source xsim.dir/test_fadd.sim/xsim_script.tcl
# xsim {test_fadd.sim} -autoloadwcfg -runall
Vivado Simulator 2017.4
Time resolution is 1 ps
run -all
$finish called at time : 52898 us : File "/home/tansei/Desktop/186cpu/fpu/FADD/test_fadd.sv" Line 141
run: Time (s): cpu = 00:00:00.04 ; elapsed = 00:01:13 . Memory (MB): peak = 1239.012 ; gain = 0.000 ; free physical = 902 ; free virtual = 26017
exit
INFO: [Common 17-206] Exiting xsim at Tue Dec  4 13:48:26 2018...
