#-----------------------------------------------------------
# xsim v2017.4 (64-bit)
# SW Build 2086221 on Fri Dec 15 20:54:30 MST 2017
# IP Build 2085800 on Fri Dec 15 22:25:07 MST 2017
# Start of session at: Tue Oct 16 14:19:27 2018
# Process ID: 32429
# Current directory: /home/tansei/Desktop/186cpu/fpu/FLE
# Command line: xsim -mode tcl -source {xsim.dir/test_fle.sim/xsim_script.tcl}
# Log file: /home/tansei/Desktop/186cpu/fpu/FLE/xsim.log
# Journal file: /home/tansei/Desktop/186cpu/fpu/FLE/xsim.jou
#-----------------------------------------------------------
source xsim.dir/test_fle.sim/xsim_script.tcl
# xsim {test_fle.sim} -autoloadwcfg -runall
Vivado Simulator 2017.4
Time resolution is 1 ps
run -all
x1, x2 = 10000000000000000000000000000000 00000000000000000000000000000000
0
1
x1, x2 = 00000000000000000000000000000000 01111111100000000000000000000001
0
1
x1, x2 = 00000000000000000000000000000000 01111111100000000000000000000010
0
1
x1, x2 = 00000000000000000000000000000000 01111111101110000000000000000000
0
1
x1, x2 = 00000000000000000000000000000000 01111111110000000000000000000000
0
1
x1, x2 = 00000000000000000000000000000000 01111111110111111111111111111111
0
1
x1, x2 = 00000000000000000000000000000000 01111111111111111111111111111111
0
1
x1, x2 = 00000000000000000000000000000000 01111111101111011010110001111000
0
1
x1, x2 = 00000000000000000000000000000000 01111111100111010100001001010010
0
1
x1, x2 = 00000000000000000000000000000000 01111111100111101001100110110111
0
1
x1, x2 = 00000000000000000000000000000001 01111111100000000000000000000001
0
1
x1, x2 = 00000000000000000000000000000001 01111111100000000000000000000010
0
1
x1, x2 = 00000000000000000000000000000001 01111111101110000000000000000000
0
1
x1, x2 = 00000000000000000000000000000001 01111111110000000000000000000000
0
1
x1, x2 = 00000000000000000000000000000001 01111111110111111111111111111111
0
1
x1, x2 = 00000000000000000000000000000001 01111111111111111111111111111111
0
1
x1, x2 = 00000000000000000000000000000001 01111111100001011111101000110101
0
1
x1, x2 = 00000000000000000000000000000001 01111111101100101100001011100001
0
1
x1, x2 = 00000000000000000000000000000001 01111111101011000000111000011001
0
1
x1, x2 = 00000000000000000000000000000010 01111111100000000000000000000001
0
1
x1, x2 = 00000000000000000000000000000010 01111111100000000000000000000010
0
1
x1, x2 = 00000000000000000000000000000010 01111111101110000000000000000000
0
1
x1, x2 = 00000000000000000000000000000010 01111111110000000000000000000000
0
1
x1, x2 = 00000000000000000000000000000010 01111111110111111111111111111111
0
1
x1, x2 = 00000000000000000000000000000010 01111111111111111111111111111111
0
1
x1, x2 = 00000000000000000000000000000010 01111111100101110010100010000111
0
1
x1, x2 = 00000000000000000000000000000010 01111111101000010010110101100001
0
1
x1, x2 = 00000000000000000000000000000010 01111111100000001010100100011101
0
1
x1, x2 = 00000000001110000000000000000000 01111111100000000000000000000001
0
1
x1, x2 = 00000000001110000000000000000000 01111111100000000000000000000010
0
1
x1, x2 = 00000000001110000000000000000000 01111111101110000000000000000000
0
1
x1, x2 = 00000000001110000000000000000000 01111111110000000000000000000000
0
1
x1, x2 = 00000000001110000000000000000000 01111111110111111111111111111111
0
1
x1, x2 = 00000000001110000000000000000000 01111111111111111111111111111111
0
1
x1, x2 = 00000000001110000000000000000000 01111111101110110011110100111001
0
1
x1, x2 = 00000000001110000000000000000000 01111111100001010100111001110011
0
1
x1, x2 = 00000000001110000000000000000000 01111111101011100111100110101010
0
1
x1, x2 = 00000000010000000000000000000000 01111111100000000000000000000001
0
1
x1, x2 = 00000000010000000000000000000000 01111111100000000000000000000010
0
1
x1, x2 = 00000000010000000000000000000000 01111111101110000000000000000000
0
1
x1, x2 = 00000000010000000000000000000000 01111111110000000000000000000000
0
1
x1, x2 = 00000000010000000000000000000000 01111111110111111111111111111111
0
1
x1, x2 = 00000000010000000000000000000000 01111111111111111111111111111111
0
1
x1, x2 = 00000000010000000000000000000000 01111111100011110000010111101001
0
1
x1, x2 = 00000000010000000000000000000000 01111111101111011101001001110100
0
1
x1, x2 = 00000000010000000000000000000000 01111111101001001111000101101101
0
1
x1, x2 = 00000000010111111111111111111111 01111111100000000000000000000001
0
1
x1, x2 = 00000000010111111111111111111111 01111111100000000000000000000010
0
1
x1, x2 = 00000000010111111111111111111111 01111111101110000000000000000000
0
1
x1, x2 = 00000000010111111111111111111111 01111111110000000000000000000000
0
1
x1, x2 = 00000000010111111111111111111111 01111111110111111111111111111111
0
1
x1, x2 = 00000000010111111111111111111111 01111111111111111111111111111111
0
1
x1, x2 = 00000000010111111111111111111111 01111111100001010101100110100101
0
1
x1, x2 = 00000000010111111111111111111111 01111111101110111010111100101111
0
1
x1, x2 = 00000000010111111111111111111111 01111111101000000000100111110110
0
1
x1, x2 = 00000000011111111111111111111111 01111111100000000000000000000001
0
1
x1, x2 = 00000000011111111111111111111111 01111111100000000000000000000010
0
1
x1, x2 = 00000000011111111111111111111111 01111111101110000000000000000000
0
1
x1, x2 = 00000000011111111111111111111111 01111111110000000000000000000000
0
1
x1, x2 = 00000000011111111111111111111111 01111111110111111111111111111111
0
1
x1, x2 = 00000000011111111111111111111111 01111111111111111111111111111111
0
1
x1, x2 = 00000000011111111111111111111111 01111111100111111010011000011010
0
1
x1, x2 = 00000000011111111111111111111111 01111111101000010001101011011011
0
1
x1, x2 = 00000000011111111111111111111111 01111111101110101001010100001011
0
1
x1, x2 = 00000000001110110101001011001011 01111111100000000000000000000001
0
1
x1, x2 = 00000000000000000110010011000001 01111111100000000000000000000010
0
1
x1, x2 = 00000000001011111101110011000110 01111111101110000000000000000000
0
1
x1, x2 = 00000000000011111111100111000001 01111111110000000000000000000000
0
1
x1, x2 = 00000000001110101000001010000011 01111111110111111111111111111111
0
1
x1, x2 = 00000000001111101010111111000000 01111111111111111111111111111111
0
1
x1, x2 = 00000000000111110010101111011101 01111111100011010010000010010111
0
1
x1, x2 = 00000000000000010110011111110111 01111111100111101010110000101101
0
1
x1, x2 = 00000000001110110010001011111010 01111111100110110101010011010001
0
1
x1, x2 = 00000000001011001001100101010000 01111111100000000000000000000001
0
1
x1, x2 = 00000000000100000000100011111000 01111111100000000000000000000010
0
1
x1, x2 = 00000000000000110111001011001111 01111111101110000000000000000000
0
1
x1, x2 = 00000000001001100100011101001010 01111111110000000000000000000000
0
1
x1, x2 = 00000000000011111000110001100000 01111111110111111111111111111111
0
1
x1, x2 = 00000000001101001010010111100010 01111111111111111111111111111111
0
1
x1, x2 = 00000000001101110011101001011111 01111111100011111010011111111111
0
1
x1, x2 = 00000000000100001010011110000100 01111111100111000100110111110011
0
1
x1, x2 = 00000000000100110001110111000001 01111111100100100110001000011011
0
1
x1, x2 = 00000000000101010001110010010111 01111111100000000000000000000001
0
1
x1, x2 = 00000000001100101000000010100011 01111111100000000000000000000010
0
1
x1, x2 = 00000000000111000010101111000001 01111111101110000000000000000000
0
1
x1, x2 = 00000000000010001111100101010100 01111111110000000000000000000000
0
1
x1, x2 = 00000000001011010101111101101000 01111111110111111111111111111111
0
1
x1, x2 = 00000000000101010110011100100100 01111111111111111111111111111111
0
1
x1, x2 = 00000000000001001110010011000100 01111111100011001100001111111110
0
1
x1, x2 = 00000000001010110011000100110001 01111111100001101001010011010100
0
1
x1, x2 = 00000000001010000110100110100110 01111111100111111101110010111000
0
1
x1, x2 = 10000000000000000000000000000000 01111111100000000000000000000001
0
1
x1, x2 = 10000000000000000000000000000000 01111111100000000000000000000010
0
1
x1, x2 = 10000000000000000000000000000000 01111111101110000000000000000000
0
1
x1, x2 = 10000000000000000000000000000000 01111111110000000000000000000000
0
1
x1, x2 = 10000000000000000000000000000000 01111111110111111111111111111111
0
1
x1, x2 = 10000000000000000000000000000000 01111111111111111111111111111111
0
1
x1, x2 = 10000000000000000000000000000000 01111111100010100000001101101010
0
1
x1, x2 = 10000000000000000000000000000000 01111111100110110000010000010000
0
1
x1, x2 = 10000000000000000000000000000000 01111111101001101111000011101111
0
1
x1, x2 = 10000000000000000000000000000001 01111111100000000000000000000001
0
1
x1, x2 = 10000000000000000000000000000001 01111111100000000000000000000010
0
1
x1, x2 = 10000000000000000000000000000001 01111111101110000000000000000000
0
1
x1, x2 = 10000000000000000000000000000001 01111111110000000000000000000000
0
1
x1, x2 = 10000000000000000000000000000001 01111111110111111111111111111111
0
1
x1, x2 = 10000000000000000000000000000001 01111111111111111111111111111111
0
1
x1, x2 = 10000000000000000000000000000001 01111111100110011001001011011101
0
1
x1, x2 = 10000000000000000000000000000001 01111111100011001111000010110001
0
1
x1, x2 = 10000000000000000000000000000001 01111111100001101100111000111100
0
1
x1, x2 = 10000000000000000000000000000010 01111111100000000000000000000001
0
1
x1, x2 = 10000000000000000000000000000010 01111111100000000000000000000010
0
1
x1, x2 = 10000000000000000000000000000010 01111111101110000000000000000000
0
1
x1, x2 = 10000000000000000000000000000010 01111111110000000000000000000000
0
1
x1, x2 = 10000000000000000000000000000010 01111111110111111111111111111111
0
1
x1, x2 = 10000000000000000000000000000010 01111111111111111111111111111111
0
1
x1, x2 = 10000000000000000000000000000010 01111111101010001000011100100110
0
1
x1, x2 = 10000000000000000000000000000010 01111111101101111001011100100101
0
1
x1, x2 = 10000000000000000000000000000010 01111111100101011100101001000110
0
1
x1, x2 = 10000000001110000000000000000000 01111111100000000000000000000001
0
1
x1, x2 = 10000000001110000000000000000000 01111111100000000000000000000010
0
1
x1, x2 = 10000000001110000000000000000000 01111111101110000000000000000000
0
1
x1, x2 = 10000000001110000000000000000000 01111111110000000000000000000000
0
1
x1, x2 = 10000000001110000000000000000000 01111111110111111111111111111111
0
1
x1, x2 = 10000000001110000000000000000000 01111111111111111111111111111111
0
1
x1, x2 = 10000000001110000000000000000000 01111111101111101111101101110101
0
1
x1, x2 = 10000000001110000000000000000000 01111111101010011000000000000100
0
1
x1, x2 = 10000000001110000000000000000000 01111111101111111011010000001011
0
1
x1, x2 = 10000000010000000000000000000000 01111111100000000000000000000001
0
1
x1, x2 = 10000000010000000000000000000000 01111111100000000000000000000010
0
1
x1, x2 = 10000000010000000000000000000000 01111111101110000000000000000000
0
1
x1, x2 = 10000000010000000000000000000000 01111111110000000000000000000000
0
1
x1, x2 = 10000000010000000000000000000000 01111111110111111111111111111111
0
1
x1, x2 = 10000000010000000000000000000000 01111111111111111111111111111111
0
1
x1, x2 = 10000000010000000000000000000000 01111111101100100100111110000101
0
1
x1, x2 = 10000000010000000000000000000000 01111111100110000110011010011001
0
1
x1, x2 = 10000000010000000000000000000000 01111111100110010111001100011010
0
1
x1, x2 = 10000000010111111111111111111111 01111111100000000000000000000001
0
1
x1, x2 = 10000000010111111111111111111111 01111111100000000000000000000010
0
1
x1, x2 = 10000000010111111111111111111111 01111111101110000000000000000000
0
1
x1, x2 = 10000000010111111111111111111111 01111111110000000000000000000000
0
1
x1, x2 = 10000000010111111111111111111111 01111111110111111111111111111111
0
1
x1, x2 = 10000000010111111111111111111111 01111111111111111111111111111111
0
1
x1, x2 = 10000000010111111111111111111111 01111111100100111100000101000101
0
1
x1, x2 = 10000000010111111111111111111111 01111111101001111000100011111000
0
1
x1, x2 = 10000000010111111111111111111111 01111111100101001111010111111000
0
1
x1, x2 = 10000000011111111111111111111111 01111111100000000000000000000001
0
1
x1, x2 = 10000000011111111111111111111111 01111111100000000000000000000010
0
1
x1, x2 = 10000000011111111111111111111111 01111111101110000000000000000000
0
1
x1, x2 = 10000000011111111111111111111111 01111111110000000000000000000000
0
1
x1, x2 = 10000000011111111111111111111111 01111111110111111111111111111111
0
1
x1, x2 = 10000000011111111111111111111111 01111111111111111111111111111111
0
1
x1, x2 = 10000000011111111111111111111111 01111111101111101101000010101100
0
1
x1, x2 = 10000000011111111111111111111111 01111111100100100000101101111100
0
1
x1, x2 = 10000000011111111111111111111111 01111111100001000101001101011010
0
1
x1, x2 = 10000000000000010010010010101101 01111111100000000000000000000001
0
1
x1, x2 = 10000000001100111111101101000101 01111111100000000000000000000010
0
1
x1, x2 = 10000000001010000001101010010110 01111111101110000000000000000000
0
1
x1, x2 = 10000000000011001001110111010001 01111111110000000000000000000000
0
1
x1, x2 = 10000000001011110000100110111111 01111111110111111111111111111111
0
1
x1, x2 = 10000000001010001010110000101001 01111111111111111111111111111111
0
1
x1, x2 = 10000000001110001100010011000111 01111111101110101011001100011001
0
1
x1, x2 = 10000000001100101100110000110110 01111111100000100111001110011101
0
1
x1, x2 = 10000000001100101100110100111000 01111111100100101011010000111000
0
1
x1, x2 = 10000000001111100101100000001010 01111111100000000000000000000001
0
1
x1, x2 = 10000000001011101000111101100101 01111111100000000000000000000010
0
1
x1, x2 = 10000000001101100010000110101100 01111111101110000000000000000000
0
1
x1, x2 = 10000000001110100011010100001110 01111111110000000000000000000000
0
1
x1, x2 = 10000000000111000111011111000101 01111111110111111111111111111111
0
1
x1, x2 = 10000000001001011100000111111000 01111111111111111111111111111111
0
1
x1, x2 = 10000000000011011111000101100100 01111111100100000100011110000101
0
1
x1, x2 = 10000000001100000110000000010110 01111111101101000010000111001100
0
1
x1, x2 = 10000000000000100111110111000000 01111111101000010010010110001101
0
1
x1, x2 = 10000000001111100100110011101100 01111111100000000000000000000001
0
1
x1, x2 = 10000000001101111110010010001110 01111111100000000000000000000010
0
1
x1, x2 = 10000000001010110011000011101001 01111111101110000000000000000000
0
1
x1, x2 = 10000000001110101000010001000110 01111111110000000000000000000000
0
1
x1, x2 = 10000000000110011100110110010100 01111111110111111111111111111111
0
1
x1, x2 = 10000000001011011101011000001110 01111111111111111111111111111111
0
1
x1, x2 = 10000000001000001011111100001011 01111111101101110011010001100011
0
1
x1, x2 = 10000000000000010101010100101101 01111111100100011101001111101110
0
1
x1, x2 = 10000000001101111000110000010111 01111111101011101101001110010010
0
1
x1, x2 = 00000000100000000000000000000000 01111111100000000000000000000001
0
1
x1, x2 = 00000000100000000000000000000000 01111111100000000000000000000010
0
1
x1, x2 = 00000000100000000000000000000000 01111111101110000000000000000000
0
1
x1, x2 = 00000000100000000000000000000000 01111111110000000000000000000000
0
1
x1, x2 = 00000000100000000000000000000000 01111111110111111111111111111111
0
1
x1, x2 = 00000000100000000000000000000000 01111111111111111111111111111111
0
1
x1, x2 = 00000000100000000000000000000000 01111111100000111001101101101100
0
1
x1, x2 = 00000000100000000000000000000000 01111111101100111111111110110110
0
1
x1, x2 = 00000000100000000000000000000000 01111111100101100101011011001011
0
1
x1, x2 = 00000000100000000000000000000001 01111111100000000000000000000001
0
1
x1, x2 = 00000000100000000000000000000001 01111111100000000000000000000010
0
1
x1, x2 = 00000000100000000000000000000001 01111111101110000000000000000000
0
1
x1, x2 = 00000000100000000000000000000001 01111111110000000000000000000000
0
1
x1, x2 = 00000000100000000000000000000001 01111111110111111111111111111111
0
1
x1, x2 = 00000000100000000000000000000001 01111111111111111111111111111111
0
1
x1, x2 = 00000000100000000000000000000001 01111111100101100110011100111001
0
1
x1, x2 = 00000000100000000000000000000001 01111111101001110100001100010101
0
1
x1, x2 = 00000000100000000000000000000001 01111111101011010101101110111101
0
1
x1, x2 = 00000000100000000000000000000010 01111111100000000000000000000001
0
1
x1, x2 = 00000000100000000000000000000010 01111111100000000000000000000010
0
1
x1, x2 = 00000000100000000000000000000010 01111111101110000000000000000000
0
1
x1, x2 = 00000000100000000000000000000010 01111111110000000000000000000000
0
1
x1, x2 = 00000000100000000000000000000010 01111111110111111111111111111111
0
1
x1, x2 = 00000000100000000000000000000010 01111111111111111111111111111111
0
1
x1, x2 = 00000000100000000000000000000010 01111111101101111010100011011011
0
1
x1, x2 = 00000000100000000000000000000010 01111111100000000011010010100101
0
1
x1, x2 = 00000000100000000000000000000010 01111111101110111110111010010001
0
1
x1, x2 = 00000000101110000000000000000000 01111111100000000000000000000001
0
1
x1, x2 = 00000000101110000000000000000000 01111111100000000000000000000010
0
1
x1, x2 = 00000000101110000000000000000000 01111111101110000000000000000000
0
1
x1, x2 = 00000000101110000000000000000000 01111111110000000000000000000000
0
1
x1, x2 = 00000000101110000000000000000000 01111111110111111111111111111111
0
1
x1, x2 = 00000000101110000000000000000000 01111111111111111111111111111111
0
1
x1, x2 = 00000000101110000000000000000000 01111111101011001011111100011101
0
1
x1, x2 = 00000000101110000000000000000000 01111111101001101110011000000111
0
1
x1, x2 = 00000000101110000000000000000000 01111111100110110101111100101110
0
1
x1, x2 = 00000000110000000000000000000000 01111111100000000000000000000001
0
1
x1, x2 = 00000000110000000000000000000000 01111111100000000000000000000010
0
1
x1, x2 = 00000000110000000000000000000000 01111111101110000000000000000000
0
1
x1, x2 = 00000000110000000000000000000000 01111111110000000000000000000000
0
1
x1, x2 = 00000000110000000000000000000000 01111111110111111111111111111111
0
1
x1, x2 = 00000000110000000000000000000000 01111111111111111111111111111111
0
1
x1, x2 = 00000000110000000000000000000000 01111111101011101000010010011101
0
1
x1, x2 = 00000000110000000000000000000000 01111111100110010110110010011000
0
1
x1, x2 = 00000000110000000000000000000000 01111111101101110011010001000001
0
1
x1, x2 = 00000000110111111111111111111111 01111111100000000000000000000001
0
1
x1, x2 = 00000000110111111111111111111111 01111111100000000000000000000010
0
1
x1, x2 = 00000000110111111111111111111111 01111111101110000000000000000000
0
1
x1, x2 = 00000000110111111111111111111111 01111111110000000000000000000000
0
1
x1, x2 = 00000000110111111111111111111111 01111111110111111111111111111111
0
1
x1, x2 = 00000000110111111111111111111111 01111111111111111111111111111111
0
1
x1, x2 = 00000000110111111111111111111111 01111111100111011010000101101001
0
1
x1, x2 = 00000000110111111111111111111111 01111111100101100001101100100011
0
1
x1, x2 = 00000000110111111111111111111111 01111111101101111110000001011010
0
1
x1, x2 = 00000000111111111111111111111111 01111111100000000000000000000001
0
1
x1, x2 = 00000000111111111111111111111111 01111111100000000000000000000010
0
1
x1, x2 = 00000000111111111111111111111111 01111111101110000000000000000000
0
1
x1, x2 = 00000000111111111111111111111111 01111111110000000000000000000000
0
1
x1, x2 = 00000000111111111111111111111111 01111111110111111111111111111111
0
1
x1, x2 = 00000000111111111111111111111111 01111111111111111111111111111111
0
1
x1, x2 = 00000000111111111111111111111111 01111111101111010110100000101110
0
1
x1, x2 = 00000000111111111111111111111111 01111111101001001000100011011111
0
1
x1, x2 = 00000000111111111111111111111111 01111111100100111110001000111111
0
1
x1, x2 = 00000000101111101010100000011111 01111111100000000000000000000001
0
1
x1, x2 = 00000000100101001111110100000101 01111111100000000000000000000010
0
1
x1, x2 = 00000000101011010011111100111010 01111111101110000000000000000000
0
1
x1, x2 = 00000000101010111011010010100101 01111111110000000000000000000000
0
1
x1, x2 = 00000000100100001011111100010111 01111111110111111111111111111111
0
1
x1, x2 = 00000000101101001011011001000100 01111111111111111111111111111111
0
1
x1, x2 = 00000000101110110001011110010001 01111111100101010000001110111011
0
1
x1, x2 = 00000000101111110001111111001011 01111111101101001010010011110001
0
1
x1, x2 = 00000000101110010100101111101110 01111111101010101000010000110101
0
1
x1, x2 = 00000000100100110100100001010100 01111111100000000000000000000001
0
1
x1, x2 = 00000000101100010110001100101100 01111111100000000000000000000010
0
1
x1, x2 = 00000000100000010101001001110011 01111111101110000000000000000000
0
1
x1, x2 = 00000000101100011011000110011110 01111111110000000000000000000000
0
1
x1, x2 = 00000000101011011111010110100100 01111111110111111111111111111111
0
1
x1, x2 = 00000000101010110110010101010110 01111111111111111111111111111111
0
1
x1, x2 = 00000000101110110110111001000011 01111111101100111100100110010011
0
1
x1, x2 = 00000000100010000000111100001000 01111111101111111110011010100111
0
1
x1, x2 = 00000000100010011000100111100101 01111111100010001100111011101111
0
1
x1, x2 = 00000000100101100100001010001011 01111111100000000000000000000001
0
1
x1, x2 = 00000000101111110100100100000111 01111111100000000000000000000010
0
1
x1, x2 = 00000000101010011011011111010101 01111111101110000000000000000000
0
1
x1, x2 = 00000000100100110010100101011000 01111111110000000000000000000000
0
1
x1, x2 = 00000000100010100000011010011100 01111111110111111111111111111111
0
1
x1, x2 = 00000000101110001110111111001000 01111111111111111111111111111111
0
1
x1, x2 = 00000000100011011010010000011000 01111111100110010011111001000010
0
1
x1, x2 = 00000000101000101000110110100101 01111111100000011000000110111000
0
1
x1, x2 = 00000000100000111011000000111010 01111111101000001110010100111100
0
1
x1, x2 = 10000000100000000000000000000000 01111111100000000000000000000001
0
1
x1, x2 = 10000000100000000000000000000000 01111111100000000000000000000010
0
1
x1, x2 = 10000000100000000000000000000000 01111111101110000000000000000000
0
1
x1, x2 = 10000000100000000000000000000000 01111111110000000000000000000000
0
1
x1, x2 = 10000000100000000000000000000000 01111111110111111111111111111111
0
1
x1, x2 = 10000000100000000000000000000000 01111111111111111111111111111111
0
1
x1, x2 = 10000000100000000000000000000000 01111111100011000101001111011110
0
1
x1, x2 = 10000000100000000000000000000000 01111111101111110101010011110100
0
1
x1, x2 = 10000000100000000000000000000000 01111111101110110100101110000011
0
1
x1, x2 = 10000000100000000000000000000001 01111111100000000000000000000001
0
1
x1, x2 = 10000000100000000000000000000001 01111111100000000000000000000010
0
1
x1, x2 = 10000000100000000000000000000001 01111111101110000000000000000000
0
1
x1, x2 = 10000000100000000000000000000001 01111111110000000000000000000000
0
1
x1, x2 = 10000000100000000000000000000001 01111111110111111111111111111111
0
1
x1, x2 = 10000000100000000000000000000001 01111111111111111111111111111111
0
1
x1, x2 = 10000000100000000000000000000001 01111111100100111001111101100001
0
1
x1, x2 = 10000000100000000000000000000001 01111111101011111010101001100101
0
1
x1, x2 = 10000000100000000000000000000001 01111111101101111010011101100000
0
1
x1, x2 = 10000000100000000000000000000010 01111111100000000000000000000001
0
1
x1, x2 = 10000000100000000000000000000010 01111111100000000000000000000010
0
1
x1, x2 = 10000000100000000000000000000010 01111111101110000000000000000000
0
1
x1, x2 = 10000000100000000000000000000010 01111111110000000000000000000000
0
1
x1, x2 = 10000000100000000000000000000010 01111111110111111111111111111111
0
1
x1, x2 = 10000000100000000000000000000010 01111111111111111111111111111111
0
1
x1, x2 = 10000000100000000000000000000010 01111111101100010011110011111010
0
1
x1, x2 = 10000000100000000000000000000010 01111111100000001111010111101001
0
1
x1, x2 = 10000000100000000000000000000010 01111111101010101010000100111010
0
1
x1, x2 = 10000000101110000000000000000000 01111111100000000000000000000001
0
1
x1, x2 = 10000000101110000000000000000000 01111111100000000000000000000010
0
1
x1, x2 = 10000000101110000000000000000000 01111111101110000000000000000000
0
1
x1, x2 = 10000000101110000000000000000000 01111111110000000000000000000000
0
1
x1, x2 = 10000000101110000000000000000000 01111111110111111111111111111111
0
1
x1, x2 = 10000000101110000000000000000000 01111111111111111111111111111111
0
1
x1, x2 = 10000000101110000000000000000000 01111111100011011000000011011001
0
1
x1, x2 = 10000000101110000000000000000000 01111111101101000110010100011000
0
1
x1, x2 = 10000000101110000000000000000000 01111111101011110010100100001111
0
1
x1, x2 = 10000000110000000000000000000000 01111111100000000000000000000001
0
1
x1, x2 = 10000000110000000000000000000000 01111111100000000000000000000010
0
1
x1, x2 = 10000000110000000000000000000000 01111111101110000000000000000000
0
1
x1, x2 = 10000000110000000000000000000000 01111111110000000000000000000000
0
1
x1, x2 = 10000000110000000000000000000000 01111111110111111111111111111111
0
1
x1, x2 = 10000000110000000000000000000000 01111111111111111111111111111111
0
1
x1, x2 = 10000000110000000000000000000000 01111111101010000011011110111001
0
1
x1, x2 = 10000000110000000000000000000000 01111111100000011111110000111101
0
1
x1, x2 = 10000000110000000000000000000000 01111111101000111001101101101110
0
1
x1, x2 = 10000000110111111111111111111111 01111111100000000000000000000001
0
1
x1, x2 = 10000000110111111111111111111111 01111111100000000000000000000010
0
1
x1, x2 = 10000000110111111111111111111111 01111111101110000000000000000000
0
1
x1, x2 = 10000000110111111111111111111111 01111111110000000000000000000000
0
1
x1, x2 = 10000000110111111111111111111111 01111111110111111111111111111111
0
1
x1, x2 = 10000000110111111111111111111111 01111111111111111111111111111111
0
1
x1, x2 = 10000000110111111111111111111111 01111111100101100101000010001001
0
1
x1, x2 = 10000000110111111111111111111111 01111111101111101011011001101100
0
1
x1, x2 = 10000000110111111111111111111111 01111111101001110011111111011100
0
1
x1, x2 = 10000000111111111111111111111111 01111111100000000000000000000001
0
1
x1, x2 = 10000000111111111111111111111111 01111111100000000000000000000010
0
1
x1, x2 = 10000000111111111111111111111111 01111111101110000000000000000000
0
1
x1, x2 = 10000000111111111111111111111111 01111111110000000000000000000000
0
1
x1, x2 = 10000000111111111111111111111111 01111111110111111111111111111111
0
1
x1, x2 = 10000000111111111111111111111111 01111111111111111111111111111111
0
1
x1, x2 = 10000000111111111111111111111111 01111111100010001001000001000000
0
1
x1, x2 = 10000000111111111111111111111111 01111111101011101111100100000000
0
1
x1, x2 = 10000000111111111111111111111111 01111111100000100011101000001110
0
1
x1, x2 = 10000000101000100000111110000001 01111111100000000000000000000001
0
1
x1, x2 = 10000000100100001100101100001001 01111111100000000000000000000010
0
1
x1, x2 = 10000000100010110110111010001010 01111111101110000000000000000000
0
1
x1, x2 = 10000000100011100011110000110101 01111111110000000000000000000000
0
1
x1, x2 = 10000000101010011111001111010011 01111111110111111111111111111111
0
1
x1, x2 = 10000000100011010010001000101101 01111111111111111111111111111111
0
1
x1, x2 = 10000000101011010111100111111011 01111111100101110111000110111101
0
1
x1, x2 = 10000000100010011100100110001010 01111111100111001001001111100001
0
1
x1, x2 = 10000000100001100001011110101100 01111111100000010011011100011100
0
1
x1, x2 = 10000000101001100110011010001110 01111111100000000000000000000001
0
1
x1, x2 = 10000000100000101110001100011001 01111111100000000000000000000010
0
1
x1, x2 = 10000000101100010100110011010000 01111111101110000000000000000000
0
1
x1, x2 = 10000000101100001001010011100010 01111111110000000000000000000000
0
1
x1, x2 = 10000000100110001111100010001001 01111111110111111111111111111111
0
1
x1, x2 = 10000000101001101101001011101100 01111111111111111111111111111111
0
1
x1, x2 = 10000000101110001110100011001000 01111111101011000111011010011001
0
1
x1, x2 = 10000000101110100001011100011010 01111111100010101110010000000000
0
1
x1, x2 = 10000000100011001010010101100100 01111111101010100011011111100001
0
1
x1, x2 = 10000000100001001111010001100000 01111111100000000000000000000001
0
1
x1, x2 = 10000000100000001110000001110010 01111111100000000000000000000010
0
1
x1, x2 = 10000000100010110111101001111101 01111111101110000000000000000000
0
1
x1, x2 = 10000000101001011111001111001010 01111111110000000000000000000000
0
1
x1, x2 = 10000000100011111100111001001000 01111111110111111111111111111111
0
1
x1, x2 = 10000000101010011000101000110010 01111111111111111111111111111111
0
1
x1, x2 = 10000000101110011101001111011111 01111111101011111010011000100111
0
1
x1, x2 = 10000000101111110110001100100001 01111111101011000110010001010010
0
1
x1, x2 = 10000000101101100100000000101011 01111111100111100000101110010110
0
1
x1, x2 = 00000001000000000000000000000000 01111111100000000000000000000001
0
1
x1, x2 = 00000001000000000000000000000000 01111111100000000000000000000010
0
1
x1, x2 = 00000001000000000000000000000000 01111111101110000000000000000000
0
1
x1, x2 = 00000001000000000000000000000000 01111111110000000000000000000000
0
1
x1, x2 = 00000001000000000000000000000000 01111111110111111111111111111111
0
1
x1, x2 = 00000001000000000000000000000000 01111111111111111111111111111111
0
1
x1, x2 = 00000001000000000000000000000000 01111111101111001000101001100000
0
1
x1, x2 = 00000001000000000000000000000000 01111111101000011011110100011010
0
1
x1, x2 = 00000001000000000000000000000000 01111111101110010001001111011111
0
1
x1, x2 = 00000001000000000000000000000001 01111111100000000000000000000001
0
1
x1, x2 = 00000001000000000000000000000001 01111111100000000000000000000010
0
1
x1, x2 = 00000001000000000000000000000001 01111111101110000000000000000000
0
1
x1, x2 = 00000001000000000000000000000001 01111111110000000000000000000000
0
1
x1, x2 = 00000001000000000000000000000001 01111111110111111111111111111111
0
1
x1, x2 = 00000001000000000000000000000001 01111111111111111111111111111111
0
1
x1, x2 = 00000001000000000000000000000001 01111111100101011101010000111101
0
1
x1, x2 = 00000001000000000000000000000001 01111111101111101100001101001001
0
1
x1, x2 = 00000001000000000000000000000001 01111111101101011010100101100001
0
1
x1, x2 = 00000001000000000000000000000010 01111111100000000000000000000001
0
1
x1, x2 = 00000001000000000000000000000010 01111111100000000000000000000010
0
1
x1, x2 = 00000001000000000000000000000010 01111111101110000000000000000000
0
1
x1, x2 = 00000001000000000000000000000010 01111111110000000000000000000000
0
1
x1, x2 = 00000001000000000000000000000010 01111111110111111111111111111111
0
1
x1, x2 = 00000001000000000000000000000010 01111111111111111111111111111111
0
1
x1, x2 = 00000001000000000000000000000010 01111111101100110010100100101111
0
1
x1, x2 = 00000001000000000000000000000010 01111111101111100011101111101001
0
1
x1, x2 = 00000001000000000000000000000010 01111111100010100011010000000101
0
1
x1, x2 = 00000001001110000000000000000000 01111111100000000000000000000001
0
1
x1, x2 = 00000001001110000000000000000000 01111111100000000000000000000010
0
1
x1, x2 = 00000001001110000000000000000000 01111111101110000000000000000000
0
1
x1, x2 = 00000001001110000000000000000000 01111111110000000000000000000000
0
1
x1, x2 = 00000001001110000000000000000000 01111111110111111111111111111111
0
1
x1, x2 = 00000001001110000000000000000000 01111111111111111111111111111111
0
1
x1, x2 = 00000001001110000000000000000000 01111111100101010100000100000001
0
1
x1, x2 = 00000001001110000000000000000000 01111111100100110111110110011011
0
1
x1, x2 = 00000001001110000000000000000000 01111111100101110100010010110010
0
1
x1, x2 = 00000001010000000000000000000000 01111111100000000000000000000001
0
1
x1, x2 = 00000001010000000000000000000000 01111111100000000000000000000010
0
1
x1, x2 = 00000001010000000000000000000000 01111111101110000000000000000000
0
1
x1, x2 = 00000001010000000000000000000000 01111111110000000000000000000000
0
1
x1, x2 = 00000001010000000000000000000000 01111111110111111111111111111111
0
1
x1, x2 = 00000001010000000000000000000000 01111111111111111111111111111111
0
1
x1, x2 = 00000001010000000000000000000000 01111111100100010000001101010001
0
1
x1, x2 = 00000001010000000000000000000000 01111111100111000000011010111100
0
1
x1, x2 = 00000001010000000000000000000000 01111111100001000111011100010101
0
1
x1, x2 = 00000001010111111111111111111111 01111111100000000000000000000001
0
1
x1, x2 = 00000001010111111111111111111111 01111111100000000000000000000010
0
1
x1, x2 = 00000001010111111111111111111111 01111111101110000000000000000000
0
1
x1, x2 = 00000001010111111111111111111111 01111111110000000000000000000000
0
1
x1, x2 = 00000001010111111111111111111111 01111111110111111111111111111111
0
1
x1, x2 = 00000001010111111111111111111111 01111111111111111111111111111111
0
1
x1, x2 = 00000001010111111111111111111111 01111111101101001110100100101101
0
1
x1, x2 = 00000001010111111111111111111111 01111111101000111000011100010111
0
1
x1, x2 = 00000001010111111111111111111111 01111111101001101011011010111110
0
1
x1, x2 = 00000001011111111111111111111111 01111111100000000000000000000001
0
1
x1, x2 = 00000001011111111111111111111111 01111111100000000000000000000010
0
1
x1, x2 = 00000001011111111111111111111111 01111111101110000000000000000000
0
1
x1, x2 = 00000001011111111111111111111111 01111111110000000000000000000000
0
1
x1, x2 = 00000001011111111111111111111111 01111111110111111111111111111111
0
1
x1, x2 = 00000001011111111111111111111111 01111111111111111111111111111111
0
1
x1, x2 = 00000001011111111111111111111111 01111111100001100010101001000010
0
1
x1, x2 = 00000001011111111111111111111111 01111111100101101111011011100011
0
1
x1, x2 = 00000001011111111111111111111111 01111111100100000010111101110011
0
1
x1, x2 = 00000001000111001111110101110011 01111111100000000000000000000001
0
1
x1, x2 = 00000001000010001001010101001001 01111111100000000000000000000010
0
1
x1, x2 = 00000001001111011010000110101110 01111111101110000000000000000000
0
1
x1, x2 = 00000001001111100110111110001001 01111111110000000000000000000000
0
1
x1, x2 = 00000001001100011111101110101011 01111111110111111111111111111111
0
1
x1, x2 = 00000001001110011011110011001000 01111111111111111111111111111111
0
1
x1, x2 = 00000001000110100000001101000101 01111111100000111110011011011111
0
1
x1, x2 = 00000001001101111101011110011111 01111111100010011001110110110101
0
1
x1, x2 = 00000001001010100111010011100010 01111111100100001011001110011001
0
1
x1, x2 = 00000001001010001111011101011000 01111111100000000000000000000001
0
1
x1, x2 = 00000001001101011011110101100000 01111111100000000000000000000010
0
1
x1, x2 = 00000001000001100011001000010111 01111111101110000000000000000000
0
1
x1, x2 = 00000001000110000001101111110010 01111111110000000000000000000000
0
1
x1, x2 = 00000001001010110101111011101000 01111111110111111111111111111111
0
1
x1, x2 = 00000001001101010010010011001010 01111111111111111111111111111111
0
1
x1, x2 = 00000001001101101010001000100111 01111111101000101110101100100111
0
1
x1, x2 = 00000001000011100111011010001100 01111111101001100111111101011011
0
1
x1, x2 = 00000001001001101111011000001001 01111111101110100011101111000011
0
1
x1, x2 = 00000001000010100110100001111111 01111111100000000000000000000001
0
1
x1, x2 = 00000001001000110001000101101011 01111111100000000000000000000010
0
1
x1, x2 = 00000001001000100100001111101001 01111111101110000000000000000000
0
1
x1, x2 = 00000001000011000101100101011100 01111111110000000000000000000000
0
1
x1, x2 = 00000001000010011010110111010000 01111111110111111111111111111111
0
1
x1, x2 = 00000001001000110111100001101100 01111111111111111111111111111111
0
1
x1, x2 = 00000001001100010110001101101100 01111111100001001011100010000110
0
1
x1, x2 = 00000001001011001110101000011001 01111111101100110110111010011100
0
1
x1, x2 = 00000001001010011111011011001110 01111111101100001110110111000000
0
1
x1, x2 = 10000001000000000000000000000000 01111111100000000000000000000001
0
1
x1, x2 = 10000001000000000000000000000000 01111111100000000000000000000010
0
1
x1, x2 = 10000001000000000000000000000000 01111111101110000000000000000000
0
1
x1, x2 = 10000001000000000000000000000000 01111111110000000000000000000000
0
1
x1, x2 = 10000001000000000000000000000000 01111111110111111111111111111111
0
1
x1, x2 = 10000001000000000000000000000000 01111111111111111111111111111111
0
1
x1, x2 = 10000001000000000000000000000000 01111111101000011010010001010010
0
1
x1, x2 = 10000001000000000000000000000000 01111111100110101010010111011000
0
1
x1, x2 = 10000001000000000000000000000000 01111111100110101010011000010111
0
1
x1, x2 = 10000001000000000000000000000001 01111111100000000000000000000001
0
1
x1, x2 = 10000001000000000000000000000001 01111111100000000000000000000010
0
1
x1, x2 = 10000001000000000000000000000001 01111111101110000000000000000000
0
1
x1, x2 = 10000001000000000000000000000001 01111111110000000000000000000000
0
1
x1, x2 = 10000001000000000000000000000001 01111111110111111111111111111111
0
1
x1, x2 = 10000001000000000000000000000001 01111111111111111111111111111111
0
1
x1, x2 = 10000001000000000000000000000001 01111111100111001010101111100101
0
1
x1, x2 = 10000001000000000000000000000001 01111111100101010110010000011001
0
1
x1, x2 = 10000001000000000000000000000001 01111111100011111000000010000100
0
1
x1, x2 = 10000001000000000000000000000010 01111111100000000000000000000001
0
1
x1, x2 = 10000001000000000000000000000010 01111111100000000000000000000010
0
1
x1, x2 = 10000001000000000000000000000010 01111111101110000000000000000000
0
1
x1, x2 = 10000001000000000000000000000010 01111111110000000000000000000000
0
1
x1, x2 = 10000001000000000000000000000010 01111111110111111111111111111111
0
1
x1, x2 = 10000001000000000000000000000010 01111111111111111111111111111111
0
1
x1, x2 = 10000001000000000000000000000010 01111111101101001111001011001110
0
1
x1, x2 = 10000001000000000000000000000010 01111111100010010101010010101101
0
1
x1, x2 = 10000001000000000000000000000010 01111111101100100111100000101110
0
1
x1, x2 = 10000001001110000000000000000000 01111111100000000000000000000001
0
1
x1, x2 = 10000001001110000000000000000000 01111111100000000000000000000010
0
1
x1, x2 = 10000001001110000000000000000000 01111111101110000000000000000000
0
1
x1, x2 = 10000001001110000000000000000000 01111111110000000000000000000000
0
1
x1, x2 = 10000001001110000000000000000000 01111111110111111111111111111111
0
1
x1, x2 = 10000001001110000000000000000000 01111111111111111111111111111111
0
1
x1, x2 = 10000001001110000000000000000000 01111111101100110000011000111101
0
1
x1, x2 = 10000001001110000000000000000000 01111111101010100100101000101100
0
1
x1, x2 = 10000001001110000000000000000000 01111111100011011001111000010011
0
1
x1, x2 = 10000001010000000000000000000000 01111111100000000000000000000001
0
1
x1, x2 = 10000001010000000000000000000000 01111111100000000000000000000010
0
1
x1, x2 = 10000001010000000000000000000000 01111111101110000000000000000000
0
1
x1, x2 = 10000001010000000000000000000000 01111111110000000000000000000000
0
1
x1, x2 = 10000001010000000000000000000000 01111111110111111111111111111111
0
1
x1, x2 = 10000001010000000000000000000000 01111111111111111111111111111111
0
1
x1, x2 = 10000001010000000000000000000000 01111111100000010001111111101101
0
1
x1, x2 = 10000001010000000000000000000000 01111111101100101001000111100001
0
1
x1, x2 = 10000001010000000000000000000000 01111111100010001100001111000010
0
1
x1, x2 = 10000001010111111111111111111111 01111111100000000000000000000001
0
1
x1, x2 = 10000001010111111111111111111111 01111111100000000000000000000010
0
1
x1, x2 = 10000001010111111111111111111111 01111111101110000000000000000000
0
1
x1, x2 = 10000001010111111111111111111111 01111111110000000000000000000000
0
1
x1, x2 = 10000001010111111111111111111111 01111111110111111111111111111111
0
1
x1, x2 = 10000001010111111111111111111111 01111111111111111111111111111111
0
1
x1, x2 = 10000001010111111111111111111111 01111111101101111101111111001101
0
1
x1, x2 = 10000001010111111111111111111111 01111111101010001110001111100000
0
1
x1, x2 = 10000001010111111111111111111111 01111111101100001000100111000000
0
1
x1, x2 = 10000001011111111111111111111111 01111111100000000000000000000001
0
1
x1, x2 = 10000001011111111111111111111111 01111111100000000000000000000010
0
1
x1, x2 = 10000001011111111111111111111111 01111111101110000000000000000000
0
1
x1, x2 = 10000001011111111111111111111111 01111111110000000000000000000000
0
1
x1, x2 = 10000001011111111111111111111111 01111111110111111111111111111111
0
1
x1, x2 = 10000001011111111111111111111111 01111111111111111111111111111111
0
1
x1, x2 = 10000001011111111111111111111111 01111111100111010100111111010100
0
1
x1, x2 = 10000001011111111111111111111111 01111111100110101110011010000100
0
1
x1, x2 = 10000001011111111111111111111111 01111111100000110010000011000010
0
1
x1, x2 = 10000001001111011111101001010101 01111111100000000000000000000001
0
1
x1, x2 = 10000001001011001001101011001101 01111111100000000000000000000010
0
1
x1, x2 = 10000001001000011100001001111110 01111111101110000000000000000000
0
1
x1, x2 = 10000001001001101101101010011001 01111111110000000000000000000000
0
1
x1, x2 = 10000001000011111101110111100111 01111111110111111111111111111111
0
1
x1, x2 = 10000001001000001001100000110001 01111111111111111111111111111111
0
1
x1, x2 = 10000001000001010010111100101111 01111111101110110011000001100001
0
1
x1, x2 = 10000001001110111100011011011110 01111111100101011011010000100101
0
1
x1, x2 = 10000001001011000110001000100000 01111111101001101011101000000000
0
1
x1, x2 = 10000001000111010111010100010010 01111111100000000000000000000001
0
1
x1, x2 = 10000001000110100011011011001101 01111111100000000000000000000010
0
1
x1, x2 = 10000001000100110111011111110100 01111111101110000000000000000000
0
1
x1, x2 = 10000001001000011111010010110110 01111111110000000000000000000000
0
1
x1, x2 = 10000001000101000111100101001101 01111111110111111111111111111111
0
1
x1, x2 = 10000001000110101110001111100000 01111111111111111111111111111111
0
1
x1, x2 = 10000001001110101110000000101100 01111111101100111010010110101101
0
1
x1, x2 = 10000001001100101100111000011110 01111111100001001010011000110100
0
1
x1, x2 = 10000001000111011100110100001000 01111111100011100100101000110101
0
1
x1, x2 = 10000001000111101001101111010100 01111111100000000000000000000001
0
1
x1, x2 = 10000001000000001101110001010110 01111111100000000000000000000010
0
1
x1, x2 = 10000001001101101100010000010001 01111111101110000000000000000000
0
1
x1, x2 = 10000001001000000110001101001110 01111111110000000000000000000000
0
1
x1, x2 = 10000001000010001100111011111100 01111111110111111111111111111111
0
1
x1, x2 = 10000001000011000011111001010110 01111111111111111111111111111111
0
1
x1, x2 = 10000001000011011110100010110011 01111111101001110001011111101011
0
1
x1, x2 = 10000001001100000111000100010101 01111111100111011111010010110110
0
1
x1, x2 = 10000001000111111111010000111111 01111111101111000100001110011010
0
1
INFO: [Common 17-41] Interrupt caught. Command should exit soon.
x1, x2 = 00000001100000000000000000000000 01111111100000000000000000000001
0
1
x1, x2 = 00000001100000000000000000000000 01111111100000000000000000000010
0
1
x1, x2 = 00000001100000000000000000000000 01111111101110000000000000000000
0
1
x1, x2 = 00000001100000000000000000000000 01111111110000000000000000000000
0
1
x1, x2 = 00000001100000000000000000000000 01111111110111111111111111111111
0
1
x1, x2 = 00000001100000000000000000000000 01111111111111111111111111111111
0
1
x1, x2 = 00000001100000000000000000000000 01111111101010000111100101010100
0
1
x1, x2 = 00000001100000000000000000000000 01111111101001100111101001111110
0
1
x1, x2 = 00000001100000000000000000000000 01111111100001101101000011110011
0
1
x1, x2 = 00000001100000000000000000000001 01111111100000000000000000000001
0
1
x1, x2 = 00000001100000000000000000000001 01111111100000000000000000000010
0
1
x1, x2 = 00000001100000000000000000000001 01111111101110000000000000000000
0
1
x1, x2 = 00000001100000000000000000000001 01111111110000000000000000000000
0
1
x1, x2 = 00000001100000000000000000000001 01111111110111111111111111111111
0
1
x1, x2 = 00000001100000000000000000000001 01111111111111111111111111111111
0
1
x1, x2 = 00000001100000000000000000000001 01111111100001000100000101000001
0
1
x1, x2 = 00000001100000000000000000000001 01111111101110010100001101111101
0
1
x1, x2 = 00000001100000000000000000000001 01111111100001001111011100000101
0
1
x1, x2 = 00000001100000000000000000000010 01111111100000000000000000000001
0
1
x1, x2 = 00000001100000000000000000000010 01111111100000000000000000000010
0
1
x1, x2 = 00000001100000000000000000000010 01111111101110000000000000000000
0
1
x1, x2 = 00000001100000000000000000000010 01111111110000000000000000000000
0
1
x1, x2 = 00000001100000000000000000000010 01111111110111111111111111111111
0
1
x1, x2 = 00000001100000000000000000000010 01111111111111111111111111111111
0
1
x1, x2 = 00000001100000000000000000000010 01111111100010011010100110000011
0
1
x1, x2 = 00000001100000000000000000000010 01111111100110110100001100101101
0
1
x1, x2 = 00000001100000000000000000000010 01111111101010110111100101111001
0
1
x1, x2 = 00000001101110000000000000000000 01111111100000000000000000000001
0
1
x1, x2 = 00000001101110000000000000000000 01111111100000000000000000000010
0
1
x1, x2 = 00000001101110000000000000000000 01111111101110000000000000000000
0
1
x1, x2 = 00000001101110000000000000000000 01111111110000000000000000000000
0
1
x1, x2 = 00000001101110000000000000000000 01111111110111111111111111111111
0
1
x1, x2 = 00000001101110000000000000000000 01111111111111111111111111111111
0
1
x1, x2 = 00000001101110000000000000000000 01111111101101001100001011100101
0
1
x1, x2 = 00000001101110000000000000000000 01111111100010110001010100101111
0
1
x1, x2 = 00000001101110000000000000000000 01111111101000100010101000110110
0
1
x1, x2 = 00000001110000000000000000000000 01111111100000000000000000000001
0
1
x1, x2 = 00000001110000000000000000000000 01111111100000000000000000000010
0
1
x1, x2 = 00000001110000000000000000000000 01111111101110000000000000000000
0
1
x1, x2 = 00000001110000000000000000000000 01111111110000000000000000000000
0
1
x1, x2 = 00000001110000000000000000000000 01111111110111111111111111111111
0
1
x1, x2 = 00000001110000000000000000000000 01111111111111111111111111111111
0
1
x1, x2 = 00000001110000000000000000000000 01111111101101101000001000000101
0
1
x1, x2 = 00000001110000000000000000000000 01111111100001011010000011100000
0
1
x1, x2 = 00000001110000000000000000000000 01111111100011001011100111101001
0
1
x1, x2 = 00000001110111111111111111111111 01111111100000000000000000000001
0
1
x1, x2 = 00000001110111111111111111111111 01111111100000000000000000000010
0
1
x1, x2 = 00000001110111111111111111111111 01111111101110000000000000000000
0
1
x1, x2 = 00000001110111111111111111111111 01111111110000000000000000000000
0
1
x1, x2 = 00000001110111111111111111111111 01111111110111111111111111111111
0
1
x1, x2 = 00000001110111111111111111111111 01111111111111111111111111111111
0
1
x1, x2 = 00000001110111111111111111111111 01111111100010110011000011110001
0
1
x1, x2 = 00000001110111111111111111111111 01111111101000111111001100001011
0
1
x1, x2 = 00000001110111111111111111111111 01111111101011001000110100100010
0
1
x1, x2 = 00000001111111111111111111111111 01111111100000000000000000000001
0
1
x1, x2 = 00000001111111111111111111111111 01111111100000000000000000000010
0
1
x1, x2 = 00000001111111111111111111111111 01111111101110000000000000000000
0
1
x1, x2 = 00000001111111111111111111111111 01111111110000000000000000000000
0
1
x1, x2 = 00000001111111111111111111111111 01111111110111111111111111111111
0
1
x1, x2 = 00000001111111111111111111111111 01111111111111111111111111111111
0
1
x1, x2 = 00000001111111111111111111111111 01111111101110011110110001010110
0
1
x1, x2 = 00000001111111111111111111111111 01111111101110000110010011100111
0
1
x1, x2 = 00000001111111111111111111111111 01111111101011110111110010100111
0
1
x1, x2 = 00000001100101100101001011000111 01111111100000000000000000000001
0
1
x1, x2 = 00000001100110110010110110001101 01111111100000000000000000000010
0
1
x1, x2 = 00000001101000010000010000100010 01111111101110000000000000000000
0
1
x1, x2 = 00000001100010000010101001101101 01111111110000000000000000000000
0
1
x1, x2 = 00000001100111100011100000111111 01111111110111111111111111111111
0
1
x1, x2 = 00000001100011011100001101001100 01111111111111111111111111111111
0
1
x1, x2 = 00000001101110111110111011111001 01111111100110011100101000000011
0
1
x1, x2 = 00000001101010111000111101110011 01111111100111011001011001111001
0
1
x1, x2 = 00000001100011101001110111010110 01111111100011011110001011111101
0
1
x1, x2 = 00000001101011011010011001011100 01111111100000000000000000000001
0
1
x1, x2 = 00000001100111010001011110010100 01111111100000000000000000000010
0
1
x1, x2 = 00000001100100100001000110111011 01111111101110000000000000000000
0
1
x1, x2 = 00000001100110011000011001000110 01111111110000000000000000000000
0
1
x1, x2 = 00000001100001111100100000101100 01111111110111111111111111111111
0
1
x1, x2 = 00000001100100011110010000111110 01111111111111111111111111111111
0
1
x1, x2 = 00000001101010001101011000001011 01111111100111010000110010111011
0
1
x1, x2 = 00000001101000111101111000010000 01111111100100000001100000001111
0
1
x1, x2 = 00000001101010110110001000101101 01111111101001101010100010010111
0
1
x1, x2 = 00000001101100011000111001110011 01111111100000000000000000000001
0
1
x1, x2 = 00000001100111011101100111001111 01111111100000000000000000000010
0
1
x1, x2 = 00000001100001011100111111111101 01111111101110000000000000000000
0
1
x1, x2 = 00000001101101001000100101100000 01111111110000000000000000000000
0
1
x1, x2 = 00000001101011000101010100000100 01111111110111111111111111111111
0
1
x1, x2 = 00000001100101010000000100010000 01111111111111111111111111111111
0
1
x1, x2 = 00000001101100000010001011000000 01111111100011110011001011001010
0
1
x1, x2 = 00000001100010100100011010001101 01111111100111000101101110000000
0
1
x1, x2 = 00000001100110110011110101100010 01111111100011111111011001000100
0
1
x1, x2 = 10000001100000000000000000000000 01111111100000000000000000000001
0
1
x1, x2 = 10000001100000000000000000000000 01111111100000000000000000000010
0
1
x1, x2 = 10000001100000000000000000000000 01111111101110000000000000000000
0
1
x1, x2 = 10000001100000000000000000000000 01111111110000000000000000000000
0
1
x1, x2 = 10000001100000000000000000000000 01111111110111111111111111111111
0
1
x1, x2 = 10000001100000000000000000000000 01111111111111111111111111111111
0
1
x1, x2 = 10000001100000000000000000000000 01111111100010011111010011000110
0
1
x1, x2 = 10000001100000000000000000000000 01111111101011001111011010111100
0
1
x1, x2 = 10000001100000000000000000000000 01111111100001010000000010101011
0
1
x1, x2 = 10000001100000000000000000000001 01111111100000000000000000000001
0
1
x1, x2 = 10000001100000000000000000000001 01111111100000000000000000000010
0
1
x1, x2 = 10000001100000000000000000000001 01111111101110000000000000000000
0
1
x1, x2 = 10000001100000000000000000000001 01111111110000000000000000000000
0
1
x1, x2 = 10000001100000000000000000000001 01111111110111111111111111111111
0
1
x1, x2 = 10000001100000000000000000000001 01111111111111111111111111111111
0
1
x1, x2 = 10000001100000000000000000000001 01111111101101001011100001101001
0
1
x1, x2 = 10000001100000000000000000000001 01111111101111100001110111001101
0
1
x1, x2 = 10000001100000000000000000000001 01111111100011100101100110101000
0
1
x1, x2 = 10000001100000000000000000000010 01111111100000000000000000000001
0
1
x1, x2 = 10000001100000000000000000000010 01111111100000000000000000000010
0
1
x1, x2 = 10000001100000000000000000000010 01111111101110000000000000000000
0
1
x1, x2 = 10000001100000000000000000000010 01111111110000000000000000000000
0
1
x1, x2 = 10000001100000000000000000000010 01111111110111111111111111111111
0
1
x1, x2 = 10000001100000000000000000000010 01111111111111111111111111111111
0
1
x1, x2 = 10000001100000000000000000000010 01111111101100111010100010100010
0
1
x1, x2 = 10000001100000000000000000000010 01111111100100001011001101110001
0
1
x1, x2 = 10000001100000000000000000000010 01111111101011010100111100100010
0
1
x1, x2 = 10000001101110000000000000000000 01111111100000000000000000000001
0
1
x1, x2 = 10000001101110000000000000000000 01111111100000000000000000000010
0
1
x1, x2 = 10000001101110000000000000000000 01111111101110000000000000000000
0
1
x1, x2 = 10000001101110000000000000000000 01111111110000000000000000000000
0
1
x1, x2 = 10000001101110000000000000000000 01111111110111111111111111111111
0
1
x1, x2 = 10000001101110000000000000000000 01111111111111111111111111111111
0
1
x1, x2 = 10000001101110000000000000000000 01111111101011111000101110100001
0
1
x1, x2 = 10000001101110000000000000000000 01111111100010110010111101000000
0
1
x1, x2 = 10000001101110000000000000000000 01111111100110110001001100010111
0
1
x1, x2 = 10000001110000000000000000000000 01111111100000000000000000000001
0
1
x1, x2 = 10000001110000000000000000000000 01111111100000000000000000000010
0
1
x1, x2 = 10000001110000000000000000000000 01111111101110000000000000000000
0
1
x1, x2 = 10000001110000000000000000000000 01111111110000000000000000000000
0
1
x1, x2 = 10000001110000000000000000000000 01111111110111111111111111111111
0
1
x1, x2 = 10000001110000000000000000000000 01111111111111111111111111111111
0
1
x1, x2 = 10000001110000000000000000000000 01111111101111010000100000100001
0
1
x1, x2 = 10000001110000000000000000000000 01111111101010100010011110000101
0
1
x1, x2 = 10000001110000000000000000000000 01111111100010001110110000010110
0
1
x1, x2 = 10000001110111111111111111111111 01111111100000000000000000000001
0
1
x1, x2 = 10000001110111111111111111111111 01111111100000000000000000000010
0
1
x1, x2 = 10000001110111111111111111111111 01111111101110000000000000000000
0
1
x1, x2 = 10000001110111111111111111111111 01111111110000000000000000000000
0
1
x1, x2 = 10000001110111111111111111111111 01111111110111111111111111111111
0
1
x1, x2 = 10000001110111111111111111111111 01111111111111111111111111111111
0
1
x1, x2 = 10000001110111111111111111111111 01111111101110000110111100010001
0
1
x1, x2 = 10000001110111111111111111111111 01111111101001100001000101010100
0
1
x1, x2 = 10000001110111111111111111111111 01111111101100001101001110100100
0
1
x1, x2 = 10000001111111111111111111111111 01111111100000000000000000000001
0
1
x1, x2 = 10000001111111111111111111111111 01111111100000000000000000000010
0
1
x1, x2 = 10000001111111111111111111111111 01111111101110000000000000000000
0
1
x1, x2 = 10000001111111111111111111111111 01111111110000000000000000000000
0
1
x1, x2 = 10000001111111111111111111111111 01111111110111111111111111111111
0
1
x1, x2 = 10000001111111111111111111111111 01111111111111111111111111111111
0
1
x1, x2 = 10000001111111111111111111111111 01111111101111010000111101101000
0
1
x1, x2 = 10000001111111111111111111111111 01111111100101011101010000001000
0
1
x1, x2 = 10000001111111111111111111111111 01111111100001110000011101110110
0
1
x1, x2 = 10000001100101001110010100101001 01111111100000000000000000000001
0
1
x1, x2 = 10000001100001110110101010010001 01111111100000000000000000000010
0
1
x1, x2 = 10000001101010110001011001110010 01111111101110000000000000000000
0
1
x1, x2 = 10000001100101100111100011111101 01111111110000000000000000000000
0
1
x1, x2 = 10000001101000001100011111111011 01111111110111111111111111111111
0
1
x1, x2 = 10000001101000110000111000110101 01111111111111111111111111111111
0
1
x1, x2 = 10000001101111111110010001100011 01111111101001011110111100000101
0
1
x1, x2 = 10000001100010001100010000110010 01111111101011011101010001101001
0
1
x1, x2 = 10000001101001011010110010010100 01111111100000110011110011100100
0
1
x1, x2 = 10000001101000111000001110010110 01111111100000000000000000000001
0
1
x1, x2 = 10000001101101001000101010000001 01111111100000000000000000000010
0
1
x1, x2 = 10000001100111001010001100011000 01111111101110000000000000000000
0
1
x1, x2 = 10000001100011100101010010001010 01111111110000000000000000000000
0
1
x1, x2 = 10000001100011101111101000010001 01111111110111111111111111111111
0
1
x1, x2 = 10000001100000011111010011010100 01111111111111111111111111111111
0
1
x1, x2 = 10000001100100111101011110010000 01111111101001011101010011000001
0
1
x1, x2 = 10000001100110101000010100100010 01111111101000010110100001101000
0
1
x1, x2 = 10000001101101011111010010101100 01111111100011010101110010001001
0
1
x1, x2 = 10000001100010110100001101001000 01111111100000000000000000000001
0
1
x1, x2 = 10000001101101111101100000111010 01111111100000000000000000000010
0
1
x1, x2 = 10000001101011010000110110100101 01111111101110000000000000000000
0
1
x1, x2 = 10000001101010011101001011010010 01111111110000000000000000000000
0
1
x1, x2 = 10000001100001001100111110110000 01111111110111111111111111111111
0
1
x1, x2 = 10000001100101011111001001111010 01111111111111111111111111111111
0
1
x1, x2 = 10000001100111001111110110000111 01111111100111011000100110101111
0
1
x1, x2 = 10000001100101000111111100001001 01111111101001101000010100011010
0
1
x1, x2 = 10000001101101001010100001010011 01111111100010010111101110011110
0
1
x1, x2 = 00000010000000000000000000000000 01111111100000000000000000000001
0
1
x1, x2 = 00000010000000000000000000000000 01111111100000000000000000000010
0
1
x1, x2 = 00000010000000000000000000000000 01111111101110000000000000000000
0
1
x1, x2 = 00000010000000000000000000000000 01111111110000000000000000000000
0
1
x1, x2 = 00000010000000000000000000000000 01111111110111111111111111111111
0
1
x1, x2 = 00000010000000000000000000000000 01111111111111111111111111111111
0
1
x1, x2 = 00000010000000000000000000000000 01111111100001110110100001001000
0
1
x1, x2 = 00000010000000000000000000000000 01111111100000100011011111100010
0
1
x1, x2 = 00000010000000000000000000000000 01111111101111111000111000000111
0
1
x1, x2 = 00000010000000000000000000000001 01111111100000000000000000000001
0
1
x1, x2 = 00000010000000000000000000000001 01111111100000000000000000000010
0
1
x1, x2 = 00000010000000000000000000000001 01111111101110000000000000000000
0
1
x1, x2 = 00000010000000000000000000000001 01111111110000000000000000000000
0
1
x1, x2 = 00000010000000000000000000000001 01111111110111111111111111111111
0
1
x1, x2 = 00000010000000000000000000000001 01111111111111111111111111111111
0
1
x1, x2 = 00000010000000000000000000000001 01111111101000011010111001000101
0
1
x1, x2 = 00000010000000000000000000000001 01111111100101101100001110110001
0
1
x1, x2 = 00000010000000000000000000000001 01111111100110110100010010101001
0
1
x1, x2 = 00000010000000000000000000000010 01111111100000000000000000000001
0
1
x1, x2 = 00000010000000000000000000000010 01111111100000000000000000000010
0
1
x1, x2 = 00000010000000000000000000000010 01111111101110000000000000000000
0
1
x1, x2 = 00000010000000000000000000000010 01111111110000000000000000000000
0
1
x1, x2 = 00000010000000000000000000000010 01111111110111111111111111111111
0
1
x1, x2 = 00000010000000000000000000000010 01111111111111111111111111111111
0
1
x1, x2 = 00000010000000000000000000000010 01111111101110110010100111010111
0
1
x1, x2 = 00000010000000000000000000000010 01111111100101110100101001110001
0
1
x1, x2 = 00000010000000000000000000000010 01111111100111111011111011101101
0
1
x1, x2 = 00000010001110000000000000000000 01111111100000000000000000000001
0
1
x1, x2 = 00000010001110000000000000000000 01111111100000000000000000000010
0
1
x1, x2 = 00000010001110000000000000000000 01111111101110000000000000000000
0
1
x1, x2 = 00000010001110000000000000000000 01111111110000000000000000000000
0
1
x1, x2 = 00000010001110000000000000000000 01111111110111111111111111111111
0
1
x1, x2 = 00000010001110000000000000000000 01111111111111111111111111111111
0
1
x1, x2 = 00000010001110000000000000000000 01111111100010110100010011001001
0
1
x1, x2 = 00000010001110000000000000000000 01111111100011011010110011000011
0
1
x1, x2 = 00000010001110000000000000000000 01111111101111000000111110111010
0
1
x1, x2 = 00000010010000000000000000000000 01111111100000000000000000000001
0
1
x1, x2 = 00000010010000000000000000000000 01111111100000000000000000000010
0
1
x1, x2 = 00000010010000000000000000000000 01111111101110000000000000000000
0
1
x1, x2 = 00000010010000000000000000000000 01111111110000000000000000000000
0
1
x1, x2 = 00000010010000000000000000000000 01111111110111111111111111111111
0
1
x1, x2 = 00000010010000000000000000000000 01111111111111111111111111111111
0
1
x1, x2 = 00000010010000000000000000000000 01111111100111110000000010111001
0
1
x1, x2 = 00000010010000000000000000000000 01111111100101100011101100000100
0
1
x1, x2 = 00000010010000000000000000000000 01111111100011111111110010111101
0
1
x1, x2 = 00000010010111111111111111111111 01111111100000000000000000000001
0
1
x1, x2 = 00000010010111111111111111111111 01111111100000000000000000000010
0
1
x1, x2 = 00000010010111111111111111111111 01111111101110000000000000000000
0
1
x1, x2 = 00000010010111111111111111111111 01111111110000000000000000000000
0
1
x1, x2 = 00000010010111111111111111111111 01111111110111111111111111111111
0
1
x1, x2 = 00000010010111111111111111111111 01111111111111111111111111111111
0
1
x1, x2 = 00000010010111111111111111111111 01111111101000000111100010110101
0
1
x1, x2 = 00000010010111111111111111111111 01111111100101110101111011111111
0
1
x1, x2 = 00000010010111111111111111111111 01111111100010010110001110000110
0
1
x1, x2 = 00000010011111111111111111111111 01111111100000000000000000000001
0
1
x1, x2 = 00000010011111111111111111111111 01111111100000000000000000000010
0
1
x1, x2 = 00000010011111111111111111111111 01111111101110000000000000000000
0
1
x1, x2 = 00000010011111111111111111111111 01111111110000000000000000000000
0
1
x1, x2 = 00000010011111111111111111111111 01111111110111111111111111111111
0
1
x1, x2 = 00000010011111111111111111111111 01111111111111111111111111111111
0
1
x1, x2 = 00000010011111111111111111111111 01111111100110001010111001101010
0
1
x1, x2 = 00000010011111111111111111111111 01111111100010001101001011101011
0
1
x1, x2 = 00000010011111111111111111111111 01111111101100011100100111011011
0
1
x1, x2 = 00000010001010101010100000011011 01111111100000000000000000000001
0
1
x1, x2 = 00000010000011001100010111010001 01111111100000000000000000000010
0
1
x1, x2 = 00000010000101110110011010010110 01111111101110000000000000000000
0
1
x1, x2 = 00000010000010001110010101010001 01111111110000000000000000000000
0
1
x1, x2 = 00000010000101010111010011010011 01111111110111111111111111111111
0
1
x1, x2 = 00000010001100001100100111010000 01111111111111111111111111111111
0
1
x1, x2 = 00000010001000001101101010101101 01111111100101101010110100100111
0
1
x1, x2 = 00000010000110100100011101000111 01111111101100001000111100111101
0
1
x1, x2 = 00000010001001011100011011001010 01111111101000100001001001100001
0
1
x1, x2 = 00000010001000010101010101100000 01111111100000000000000000000001
0
1
x1, x2 = 00000010001001110111000111001000 01111111100000000000000000000010
0
1
x1, x2 = 00000010001001001111000101011111 01111111101110000000000000000000
0
1
x1, x2 = 00000010001101011111000010011010 01111111110000000000000000000000
0
1
x1, x2 = 00000010000000110011000101110000 01111111110111111111111111111111
0
1
x1, x2 = 00000010000000011010001110110010 01111111111111111111111111111111
0
1
x1, x2 = 00000010000100100000100111101111 01111111101000100010111001001111
0
1
x1, x2 = 00000010000010000100010110010100 01111111101111001011000011000011
0
1
x1, x2 = 00000010000101101100111001010001 01111111100011100001010101101011
0
1
x1, x2 = 00000010000010111011010001100111 01111111100000000000000000000001
0
1
x1, x2 = 00000010001011111010001000110011 01111111100000000000000000000010
0
1
x1, x2 = 00000010000101000101110000010001 01111111101110000000000000000000
0
1
x1, x2 = 00000010000010111011100101100100 01111111110000000000000000000000
0
1
x1, x2 = 00000010001100011111110000111000 01111111110111111111111111111111
0
1
x1, x2 = 00000010000011011000100110110100 01111111111111111111111111111111
0
1
x1, x2 = 00000010000010011110001000010100 01111111101110001010110100001110
0
1
x1, x2 = 00000010001110101010001100000001 01111111101111000100100001100100
0
1
x1, x2 = 00000010000101111000001111110110 01111111101111011111111011001000
0
1
x1, x2 = 10000010000000000000000000000000 01111111100000000000000000000001
0
1
x1, x2 = 10000010000000000000000000000000 01111111100000000000000000000010
0
1
x1, x2 = 10000010000000000000000000000000 01111111101110000000000000000000
0
1
x1, x2 = 10000010000000000000000000000000 01111111110000000000000000000000
0
1
x1, x2 = 10000010000000000000000000000000 01111111110111111111111111111111
0
1
x1, x2 = 10000010000000000000000000000000 01111111111111111111111111111111
0
1
x1, x2 = 10000010000000000000000000000000 01111111100001010100010100111010
0
1
x1, x2 = 10000010000000000000000000000000 01111111101101100100011110100000
0
1
x1, x2 = 10000010000000000000000000000000 01111111101110100101101100111111
0
1
x1, x2 = 10000010000000000000000000000001 01111111100000000000000000000001
0
1
x1, x2 = 10000010000000000000000000000001 01111111100000000000000000000010
0
1
x1, x2 = 10000010000000000000000000000001 01111111101110000000000000000000
0
1
x1, x2 = 10000010000000000000000000000001 01111111110000000000000000000000
0
1
x1, x2 = 10000010000000000000000000000001 01111111110111111111111111111111
0
1
x1, x2 = 10000010000000000000000000000001 01111111111111111111111111111111
0
1
x1, x2 = 10000010000000000000000000000001 01111111100110111100010011101101
0
1
x1, x2 = 10000010000000000000000000000001 01111111101010011101011110000001
0
1
x1, x2 = 10000010000000000000000000000001 01111111101101000011001011001100
0
1
x1, x2 = 10000010000000000000000000000010 01111111100000000000000000000001
0
1
x1, x2 = 10000010000000000000000000000010 01111111100000000000000000000010
0
1
x1, x2 = 10000010000000000000000000000010 01111111101110000000000000000000
0
1
x1, x2 = 10000010000000000000000000000010 01111111110000000000000000000000
0
1
x1, x2 = 10000010000000000000000000000010 01111111110111111111111111111111
0
1
x1, x2 = 10000010000000000000000000000010 01111111111111111111111111111111
0
1
x1, x2 = 10000010000000000000000000000010 01111111101011010101111001110110
0
1
x1, x2 = 10000010000000000000000000000010 01111111100101110001001000110101
0
1
x1, x2 = 10000010000000000000000000000010 01111111100110110010011000010110
0
1
x1, x2 = 10000010001110000000000000000000 01111111100000000000000000000001
0
1
x1, x2 = 10000010001110000000000000000000 01111111100000000000000000000010
0
1
x1, x2 = 10000010001110000000000000000000 01111111101110000000000000000000
0
1
x1, x2 = 10000010001110000000000000000000 01111111110000000000000000000000
0
1
x1, x2 = 10000010001110000000000000000000 01111111110111111111111111111111
0
1
x1, x2 = 10000010001110000000000000000000 01111111111111111111111111111111
0
1
x1, x2 = 10000010001110000000000000000000 01111111100000110001000100000101
0
1
x1, x2 = 10000010001110000000000000000000 01111111100101110001010001010100
0
1
x1, x2 = 10000010001110000000000000000000 01111111100101111000100000011011
0
1
x1, x2 = 10000010010000000000000000000000 01111111100000000000000000000001
0
1
x1, x2 = 10000010010000000000000000000000 01111111100000000000000000000010
0
1
x1, x2 = 10000010010000000000000000000000 01111111101110000000000000000000
0
1
x1, x2 = 10000010010000000000000000000000 01111111110000000000000000000000
0
1
x1, x2 = 10000010010000000000000000000000 01111111110111111111111111111111
0
1
x1, x2 = 10000010010000000000000000000000 01111111111111111111111111111111
0
1
x1, x2 = 10000010010000000000000000000000 01111111100110111111000001010101
0
1
x1, x2 = 10000010010000000000000000000000 01111111101010001011110100101001
0
1
x1, x2 = 10000010010000000000000000000000 01111111101001000001010001101010
0
1
x1, x2 = 10000010010111111111111111111111 01111111100000000000000000000001
0
1
x1, x2 = 10000010010111111111111111111111 01111111100000000000000000000010
0
1
x1, x2 = 10000010010111111111111111111111 01111111101110000000000000000000
0
1
x1, x2 = 10000010010111111111111111111111 01111111110000000000000000000000
0
1
x1, x2 = 10000010010111111111111111111111 01111111110111111111111111111111
0
1
x1, x2 = 10000010010111111111111111111111 01111111111111111111111111111111
0
1
x1, x2 = 10000010010111111111111111111111 01111111100101111111111001010101
0
1
x1, x2 = 10000010010111111111111111111111 01111111101101100011111011001000
0
1
x1, x2 = 10000010010111111111111111111111 01111111101010000001110110001000
0
1
x1, x2 = 10000010011111111111111111111111 01111111100000000000000000000001
0
1
x1, x2 = 10000010011111111111111111111111 01111111100000000000000000000010
0
1
x1, x2 = 10000010011111111111111111111111 01111111101110000000000000000000
0
1
x1, x2 = 10000010011111111111111111111111 01111111110000000000000000000000
0
1
x1, x2 = 10000010011111111111111111111111 01111111110111111111111111111111
0
1
x1, x2 = 10000010011111111111111111111111 01111111111111111111111111111111
0
1
x1, x2 = 10000010011111111111111111111111 01111111101001111100111011111100
0
1
x1, x2 = 10000010011111111111111111111111 01111111100111111100000110001100
0
1
x1, x2 = 10000010011111111111111111111111 01111111100011011110111000101010
0
1
x1, x2 = 10000010001001101100111111111101 01111111100000000000000000000001
0
1
x1, x2 = 10000010001000010011101001010101 01111111100000000000000000000010
0
1
x1, x2 = 10000010001001110110101001100110 01111111101110000000000000000000
0
1
x1, x2 = 10000010000111010001011101100001 01111111110000000000000000000000
0
1
x1, x2 = 10000010000111001011001000001111 01111111110111111111111111111111
0
1
x1, x2 = 10000010000101001000010000111001 01111111111111111111111111111111
0
1
x1, x2 = 10000010000111011001100110010111 01111111100101111010110110101001
0
1
x1, x2 = 10000010001100001100000110000110 01111111101001001111010010101101
0
1
x1, x2 = 10000010001100011111011100001000 01111111100101101011111111001000
0
1
x1, x2 = 10000010001110001001001000011010 01111111100000000000000000000001
0
1
x1, x2 = 10000010000100011101111000110101 01111111100000000000000000000010
0
1
x1, x2 = 10000010000011001100111000111100 01111111101110000000000000000000
0
1
x1, x2 = 10000010001101011011010001011110 01111111110000000000000000000000
0
1
x1, x2 = 10000010000010000111101011010101 01111111110111111111111111111111
0
1
x1, x2 = 10000010000111000000010111001000 01111111111111111111111111111111
0
1
x1, x2 = 10000010000000111100111011110100 01111111100000110000001111010101
0
1
x1, x2 = 10000010001100010011110000100110 01111111101000010010101010011100
0
1
x1, x2 = 10000010000101010001110001010000 01111111101001110110111011011101
0
1
x1, x2 = 10000010000010101110101010111100 01111111100000000000000000000001
0
1
x1, x2 = 10000010001001011101010000011110 01111111100000000000000000000010
0
1
x1, x2 = 10000010001011100101011100111001 01111111101110000000000000000000
0
1
x1, x2 = 10000010000000100100001001010110 01111111110000000000000000000000
0
1
x1, x2 = 10000010000000111101000001100100 01111111110111111111111111111111
0
1
x1, x2 = 10000010000001101010011010011110 01111111111111111111111111111111
0
1
x1, x2 = 10000010001001110001001001011011 01111111100100101111101101110011
0
1
x1, x2 = 10000010001010111000110011111101 01111111100001100001010101111110
0
1
x1, x2 = 10000010001101000101110001100111 01111111100001011011001110100010
0
1
x1, x2 = 00000010100000000000000000000000 01111111100000000000000000000001
0
1
x1, x2 = 00000010100000000000000000000000 01111111100000000000000000000010
0
1
x1, x2 = 00000010100000000000000000000000 01111111101110000000000000000000
0
1
x1, x2 = 00000010100000000000000000000000 01111111110000000000000000000000
0
1
x1, x2 = 00000010100000000000000000000000 01111111110111111111111111111111
0
1
x1, x2 = 00000010100000000000000000000000 01111111111111111111111111111111
0
1
x1, x2 = 00000010100000000000000000000000 01111111100110010101011100111100
0
1
x1, x2 = 00000010100000000000000000000000 01111111101101001111010101000110
0
1
x1, x2 = 00000010100000000000000000000000 01111111101000110100101100011011
0
1
x1, x2 = 00000010100000000000000000000001 01111111100000000000000000000001
0
1
x1, x2 = 00000010100000000000000000000001 01111111100000000000000000000010
0
1
x1, x2 = 00000010100000000000000000000001 01111111101110000000000000000000
0
1
x1, x2 = 00000010100000000000000000000001 01111111110000000000000000000000
0
1
x1, x2 = 00000010100000000000000000000001 01111111110111111111111111111111
0
1
x1, x2 = 00000010100000000000000000000001 01111111111111111111111111111111
0
1
x1, x2 = 00000010100000000000000000000001 01111111101011100001101101001001
0
1
x1, x2 = 00000010100000000000000000000001 01111111100101110100001111100101
0
1
x1, x2 = 00000010100000000000000000000001 01111111101110001001001001001101
0
1
x1, x2 = 00000010100000000000000000000010 01111111100000000000000000000001
0
1
x1, x2 = 00000010100000000000000000000010 01111111100000000000000000000010
0
1
x1, x2 = 00000010100000000000000000000010 01111111101110000000000000000000
0
1
x1, x2 = 00000010100000000000000000000010 01111111110000000000000000000000
0
1
x1, x2 = 00000010100000000000000000000010 01111111110111111111111111111111
0
1
x1, x2 = 00000010100000000000000000000010 01111111111111111111111111111111
0
1
x1, x2 = 00000010100000000000000000000010 01111111100001111010101000101011
0
1
x1, x2 = 00000010100000000000000000000010 01111111101100100101000110110101
0
1
x1, x2 = 00000010100000000000000000000010 01111111101001110000010001100001
0
1
x1, x2 = 00000010101110000000000000000000 01111111100000000000000000000001
0
1
x1, x2 = 00000010101110000000000000000000 01111111100000000000000000000010
0
1
x1, x2 = 00000010101110000000000000000000 01111111101110000000000000000000
0
1
x1, x2 = 00000010101110000000000000000000 01111111110000000000000000000000
0
1
x1, x2 = 00000010101110000000000000000000 01111111110111111111111111111111
0
1
x1, x2 = 00000010101110000000000000000000 01111111111111111111111111111111
0
1
x1, x2 = 00000010101110000000000000000000 01111111100110001100011010101101
0
1
x1, x2 = 00000010101110000000000000000000 01111111100110110100010001010111
0
1
x1, x2 = 00000010101110000000000000000000 01111111101001001111010100111110
0
1
x1, x2 = 00000010110000000000000000000000 01111111100000000000000000000001
0
1
x1, x2 = 00000010110000000000000000000000 01111111100000000000000000000010
0
1
x1, x2 = 00000010110000000000000000000000 01111111101110000000000000000000
0
1
x1, x2 = 00000010110000000000000000000000 01111111110000000000000000000000
0
1
x1, x2 = 00000010110000000000000000000000 01111111110111111111111111111111
0
1
x1, x2 = 00000010110000000000000000000000 01111111111111111111111111111111
0
1
x1, x2 = 00000010110000000000000000000000 01111111100010100111111101101101
0
1
x1, x2 = 00000010110000000000000000000000 01111111100011011101010100101000
0
1
x1, x2 = 00000010110000000000000000000000 01111111100011100011111110010001
0
1
x1, x2 = 00000010110111111111111111111111 01111111100000000000000000000001
0
1
x1, x2 = 00000010110111111111111111111111 01111111100000000000000000000010
0
1
x1, x2 = 00000010110111111111111111111111 01111111101110000000000000000000
0
1
x1, x2 = 00000010110111111111111111111111 01111111110000000000000000000000
0
1
x1, x2 = 00000010110111111111111111111111 01111111110111111111111111111111
0
1
x1, x2 = 00000010110111111111111111111111 01111111111111111111111111111111
0
1
x1, x2 = 00000010110111111111111111111111 01111111101101001100000001111001
0
1
x1, x2 = 00000010110111111111111111111111 01111111101111011100101011110011
0
1
x1, x2 = 00000010110111111111111111111111 01111111101111010011100111101010
0
1
x1, x2 = 00000010111111111111111111111111 01111111100000000000000000000001
0
1
x1, x2 = 00000010111111111111111111111111 01111111100000000000000000000010
0
1
x1, x2 = 00000010111111111111111111111111 01111111101110000000000000000000
0
1
x1, x2 = 00000010111111111111111111111111 01111111110000000000000000000000
0
1
x1, x2 = 00000010111111111111111111111111 01111111110111111111111111111111
0
1
x1, x2 = 00000010111111111111111111111111 01111111111111111111111111111111
0
1
x1, x2 = 00000010111111111111111111111111 01111111101000100111000001111110
0
1
x1, x2 = 00000010111111111111111111111111 01111111100010000100000011101111
0
1
x1, x2 = 00000010111111111111111111111111 01111111100101110001011100001111
0
1
x1, x2 = 00000010100110011111110101101111 01111111100000000000000000000001
0
1
x1, x2 = 00000010100111010101111000010101 01111111100000000000000000000010
0
1
x1, x2 = 00000010101000001100100100001010 01111111101110000000000000000000
0
1
x1, x2 = 00000010100000001010000000110101 01111111110000000000000000000000
0
1
x1, x2 = 00000010100101111011000101100111 01111111110111111111111111111111
0
1
x1, x2 = 00000010101000101101000001010100 01111111111111111111111111111111
0
1
x1, x2 = 00000010100010001100011001100001 01111111101110101001000001001011
0
1
x1, x2 = 00000010100000111111111100011011 01111111100000101000100000000001
0
1
x1, x2 = 00000010101011111110111110111110 01111111100011010100000111000101
0
1
x1, x2 = 00000010100001000000010001100100 01111111100000000000000000000001
0
1
x1, x2 = 00000010100101001100101111111100 01111111100000000000000000000010
0
1
x1, x2 = 00000010101111101101000100000011 01111111101110000000000000000000
0
1
x1, x2 = 00000010101011010101101011101110 01111111110000000000000000000000
0
1
x1, x2 = 00000010100111011001101010110100 01111111110111111111111111111111
0
1
x1, x2 = 00000010100001000110001100100110 01111111111111111111111111111111
0
1
x1, x2 = 00000010101100100011110111010011 01111111101100100100111111100011
0
1
x1, x2 = 00000010101110111010110100011000 01111111101011000100100101110111
0
1
x1, x2 = 00000010101010010011101001110101 01111111101100001000001000111111
0
1
x1, x2 = 00000010100110001101101001011011 01111111100000000000000000000001
0
1
x1, x2 = 00000010100110000110101010010111 01111111100000000000000000000010
0
1
x1, x2 = 00000010100011011110100000100101 01111111101110000000000000000000
0
1
x1, x2 = 00000010100100011110100101101000 01111111110000000000000000000000
0
1
x1, x2 = 00000010100110101010001101101100 01111111110111111111111111111111
0
1
x1, x2 = 00000010100011010001001001011000 01111111111111111111111111111111
0
1
x1, x2 = 00000010101111101010000101101000 01111111100000010010011101010010
0
1
x1, x2 = 00000010101111011111111101110101 01111111100100110011010101001000
0
1
x1, x2 = 00000010100111101100101010001010 01111111101110110000011101001100
0
1
x1, x2 = 10000010100000000000000000000000 01111111100000000000000000000001
0
1
x1, x2 = 10000010100000000000000000000000 01111111100000000000000000000010
0
1
x1, x2 = 10000010100000000000000000000000 01111111101110000000000000000000
0
1
x1, x2 = 10000010100000000000000000000000 01111111110000000000000000000000
0
1
x1, x2 = 10000010100000000000000000000000 01111111110111111111111111111111
0
1
x1, x2 = 10000010100000000000000000000000 01111111111111111111111111111111
0
1
x1, x2 = 10000010100000000000000000000000 01111111100100111001010110101110
0
1
x1, x2 = 10000010100000000000000000000000 01111111101101101001100010000100
0
1
x1, x2 = 10000010100000000000000000000000 01111111101110101011010111010011
0
1
x1, x2 = 10000010100000000000000000000001 01111111100000000000000000000001
0
1
x1, x2 = 10000010100000000000000000000001 01111111100000000000000000000010
0
1
x1, x2 = 10000010100000000000000000000001 01111111101110000000000000000000
0
1
x1, x2 = 10000010100000000000000000000001 01111111110000000000000000000000
0
1
x1, x2 = 10000010100000000000000000000001 01111111110111111111111111111111
0
1
x1, x2 = 10000010100000000000000000000001 01111111111111111111111111111111
0
1
x1, x2 = 10000010100000000000000000000001 01111111100100011101000101110001
0
1
x1, x2 = 10000010100000000000000000000001 01111111100110001001000100110101
0
1
x1, x2 = 10000010100000000000000000000001 01111111100000010000101111110000
0
1
x1, x2 = 10000010100000000000000000000010 01111111100000000000000000000001
0
1
x1, x2 = 10000010100000000000000000000010 01111111100000000000000000000010
0
1
x1, x2 = 10000010100000000000000000000010 01111111101110000000000000000000
0
1
x1, x2 = 10000010100000000000000000000010 01111111110000000000000000000000
0
1
x1, x2 = 10000010100000000000000000000010 01111111110111111111111111111111
0
1
x1, x2 = 10000010100000000000000000000010 01111111111111111111111111111111
0
1
x1, x2 = 10000010100000000000000000000010 01111111101000100001010001001010
0
1
x1, x2 = 10000010100000000000000000000010 01111111100111000111000011111001
0
1
x1, x2 = 10000010100000000000000000000010 01111111101110111111110100001010
0
1
x1, x2 = 10000010101110000000000000000000 01111111100000000000000000000001
0
1
x1, x2 = 10000010101110000000000000000000 01111111100000000000000000000010
0
1
x1, x2 = 10000010101110000000000000000000 01111111101110000000000000000000
0
1
x1, x2 = 10000010101110000000000000000000 01111111110000000000000000000000
0
1
x1, x2 = 10000010101110000000000000000000 01111111110111111111111111111111
0
1
x1, x2 = 10000010101110000000000000000000 01111111111111111111111111111111
0
1
x1, x2 = 10000010101110000000000000000000 01111111101011011001011001101001
0
1
x1, x2 = 10000010101110000000000000000000 01111111100011011111100101101000
0
1
x1, x2 = 10000010101110000000000000000000 01111111100000101111110100011111
0
1
x1, x2 = 10000010110000000000000000000000 01111111100000000000000000000001
0
1
x1, x2 = 10000010110000000000000000000000 01111111100000000000000000000010
0
1
x1, x2 = 10000010110000000000000000000000 01111111101110000000000000000000
0
1
x1, x2 = 10000010110000000000000000000000 01111111110000000000000000000000
0
1
x1, x2 = 10000010110000000000000000000000 01111111110111111111111111111111
0
1
x1, x2 = 10000010110000000000000000000000 01111111111111111111111111111111
0
1
x1, x2 = 10000010110000000000000000000000 01111111100111011101100010001001
0
1
x1, x2 = 10000010110000000000000000000000 01111111101011100101001011001101
0
1
x1, x2 = 10000010110000000000000000000000 01111111100110100011110010111110
0
1
x1, x2 = 10000010110111111111111111111111 01111111100000000000000000000001
0
1
x1, x2 = 10000010110111111111111111111111 01111111100000000000000000000010
0
1
x1, x2 = 10000010110111111111111111111111 01111111101110000000000000000000
0
1
x1, x2 = 10000010110111111111111111111111 01111111110000000000000000000000
0
1
x1, x2 = 10000010110111111111111111111111 01111111110111111111111111111111
0
1
x1, x2 = 10000010110111111111111111111111 01111111111111111111111111111111
0
1
x1, x2 = 10000010110111111111111111111111 01111111100101101000110110011001
0
1
x1, x2 = 10000010110111111111111111111111 01111111100110010110110000111100
0
1
x1, x2 = 10000010110111111111111111111111 01111111100101100110011101101100
0
1
x1, x2 = 10000010111111111111111111111111 01111111100000000000000000000001
0
1
x1, x2 = 10000010111111111111111111111111 01111111100000000000000000000010
0
1
x1, x2 = 10000010111111111111111111111111 01111111101110000000000000000000
0
1
x1, x2 = 10000010111111111111111111111111 01111111110000000000000000000000
0
1
x1, x2 = 10000010111111111111111111111111 01111111110111111111111111111111
0
1
x1, x2 = 10000010111111111111111111111111 01111111111111111111111111111111
0
1
x1, x2 = 10000010111111111111111111111111 01111111100111011000111010010000
0
1
x1, x2 = 10000010111111111111111111111111 01111111101110001010111100010000
0
1
x1, x2 = 10000010111111111111111111111111 01111111100101111101010011011110
0
1
x1, x2 = 10000010101100111011101011010001 01111111100000000000000000000001
0
1
x1, x2 = 10000010101110100000101000011001 01111111100000000000000000000010
0
1
x1, x2 = 10000010100101101011111001011010 01111111101110000000000000000000
0
1
x1, x2 = 10000010101110101011010111000101 01111111110000000000000000000000
0
1
x1, x2 = 10000010100000111001110000100011 01111111110111111111111111111111
0
1
x1, x2 = 10000010101101001111101000111101 01111111111111111111111111111111
0
1
x1, x2 = 10000010100111100100111011001011 01111111100100000110110001001101
0
1
x1, x2 = 10000010101100111011111011011010 01111111101110110001010011110001
0
1
x1, x2 = 10000010100100010100000101111100 01111111101000010100001010101100
0
1
x1, x2 = 10000010100111001010000010011110 01111111100000000000000000000001
0
1
x1, x2 = 10000010101100100011000111101001 01111111100000000000000000000010
0
1
x1, x2 = 10000010101000111111100101100000 01111111101110000000000000000000
0
1
x1, x2 = 10000010100110000001010000110010 01111111110000000000000000000000
0
1
x1, x2 = 10000010100000001111101110011001 01111111110111111111111111111111
0
1
x1, x2 = 10000010101010010001011010111100 01111111111111111111111111111111
0
1
x1, x2 = 10000010100010101100011001011000 01111111100010110011001011101001
0
1
x1, x2 = 10000010101101101111001100101010 01111111100000111110110011010000
0
1
x1, x2 = 10000010101110110100001111110100 01111111100111001000000100110001
0
1
x1, x2 = 10000010100111011001001000110000 01111111100000000000000000000001
0
1
x1, x2 = 10000010100010101101000000000010 01111111100000000000000000000010
0
1
x1, x2 = 10000010101110101010000011001101 01111111101110000000000000000000
0
1
x1, x2 = 10000010101010011011000111011010 01111111110000000000000000000000
0
1
x1, x2 = 10000010100001011101000100011000 01111111110111111111111111111111
0
1
x1, x2 = 10000010100111100101101011000010 01111111111111111111111111111111
0
1
x1, x2 = 10000010101011000010011100101111 01111111100001110110110100110111
0
1
x1, x2 = 10000010101101011001101011110001 01111111101111001010010111100010
0
1
x1, x2 = 10000010100111110001000001111011 01111111101100001110101110100110
0
1
INFO: [Common 17-344] 'run' was cancelled
exit
INFO: [Common 17-206] Exiting xsim at Tue Oct 16 14:19:35 2018...
