#-----------------------------------------------------------
# xsim v2017.4 (64-bit)
# SW Build 2086221 on Fri Dec 15 20:54:30 MST 2017
# IP Build 2085800 on Fri Dec 15 22:25:07 MST 2017
# Start of session at: Tue Dec 11 13:51:35 2018
# Process ID: 10768
# Current directory: /home/tansei/Desktop/186cpu/fpu/FLE
# Command line: xsim -mode tcl -source {xsim.dir/test_fle.sim/xsim_script.tcl}
# Log file: /home/tansei/Desktop/186cpu/fpu/FLE/xsim.log
# Journal file: /home/tansei/Desktop/186cpu/fpu/FLE/xsim.jou
#-----------------------------------------------------------
source xsim.dir/test_fle.sim/xsim_script.tcl
# xsim {test_fle.sim} -autoloadwcfg -runall
Vivado Simulator 2017.4
Time resolution is 1 ps
run -all
x1, x2 = 00000000000000000000000000000000 10000000000000000000000000000000
0
1
x1, x2 = 10000000000000000000000000000000 00000000000000000000000000000000
0
1
INFO: [Common 17-41] Interrupt caught. Command should exit soon.
INFO: [Common 17-344] 'run' was cancelled
exit
INFO: [Common 17-206] Exiting xsim at Tue Dec 11 13:51:44 2018...
