#-----------------------------------------------------------
# xsim v2017.4 (64-bit)
# SW Build 2086221 on Fri Dec 15 20:54:30 MST 2017
# IP Build 2085800 on Fri Dec 15 22:25:07 MST 2017
# Start of session at: Mon Oct 22 22:06:47 2018
# Process ID: 11209
# Current directory: /home/tansei/Desktop/186cpu/fpu/FMUL
# Command line: xsim -mode tcl -source {xsim.dir/test_fmul.sim/xsim_script.tcl}
# Log file: /home/tansei/Desktop/186cpu/fpu/FMUL/xsim.log
# Journal file: /home/tansei/Desktop/186cpu/fpu/FMUL/xsim.jou
#-----------------------------------------------------------
source xsim.dir/test_fmul.sim/xsim_script.tcl
# xsim {test_fmul.sim} -autoloadwcfg -runall
Vivado Simulator 2017.4
Time resolution is 1 ps
run -all
$finish called at time : 52080160 ns : File "/home/tansei/Desktop/186cpu/fpu/FMUL/test_fmul.sv" Line 138
run: Time (s): cpu = 00:00:00.04 ; elapsed = 00:01:06 . Memory (MB): peak = 1239.016 ; gain = 0.000 ; free physical = 6104 ; free virtual = 28514
exit
INFO: [Common 17-206] Exiting xsim at Mon Oct 22 22:08:22 2018...
