#-----------------------------------------------------------
# xsim v2017.4 (64-bit)
# SW Build 2086221 on Fri Dec 15 20:54:30 MST 2017
# IP Build 2085800 on Fri Dec 15 22:25:07 MST 2017
# Start of session at: Wed Oct 31 12:33:31 2018
# Process ID: 15819
# Current directory: /home/tansei/Desktop/186cpu/fpu/FDIV
# Command line: xsim -mode tcl -source {xsim.dir/test_fdiv.sim/xsim_script.tcl}
# Log file: /home/tansei/Desktop/186cpu/fpu/FDIV/xsim.log
# Journal file: /home/tansei/Desktop/186cpu/fpu/FDIV/xsim.jou
#-----------------------------------------------------------
source xsim.dir/test_fdiv.sim/xsim_script.tcl
# xsim {test_fdiv.sim} -autoloadwcfg -runall
Vivado Simulator 2017.4
Time resolution is 1 ps
run -all
$finish called at time : 51670080 ns : File "/home/tansei/Desktop/186cpu/fpu/FDIV/test_fdiv.sv" Line 138
run: Time (s): cpu = 00:00:00.33 ; elapsed = 00:10:52 . Memory (MB): peak = 1239.012 ; gain = 0.000 ; free physical = 5382 ; free virtual = 28021
exit
INFO: [Common 17-206] Exiting xsim at Wed Oct 31 12:44:30 2018...
