#-----------------------------------------------------------
# xsim v2017.4 (64-bit)
# SW Build 2086221 on Fri Dec 15 20:54:30 MST 2017
# IP Build 2085800 on Fri Dec 15 22:25:07 MST 2017
# Start of session at: Wed Oct 31 11:59:53 2018
# Process ID: 15026
# Current directory: /home/tansei/Desktop/186cpu/fpu/FDIV
# Command line: xsim -mode tcl -source {xsim.dir/test_fdiv.sim/xsim_script.tcl}
# Log file: /home/tansei/Desktop/186cpu/fpu/FDIV/xsim.log
# Journal file: /home/tansei/Desktop/186cpu/fpu/FDIV/xsim.jou
#-----------------------------------------------------------
source xsim.dir/test_fdiv.sim/xsim_script.tcl
# xsim {test_fdiv.sim} -autoloadwcfg -runall
Vivado Simulator 2017.4
Time resolution is 1 ps
run -all
x1, x2 = 00000000101110001011001010010011 00000000110000000000000000000000
9.619664e-01 00111111011101100100001101101111 
9.619663e-01 00111111011101100100001101101101 

x1, x2 = 00000000101000011010111100001110 00000000110000000000000000000000
8.421032e-01 00111111010101111001010000010011 
8.421031e-01 00111111010101111001010000010001 

x1, x2 = 00000000100100001011011001001011 10000000110000000000000000000000
-7.537088e-01 10111111010000001111001100001111 
-7.537087e-01 10111111010000001111001100001101 

x1, x2 = 00000000101101000110001011101101 10000000110000000000000000000000
-9.395127e-01 10111111011100001000001111100111 
-9.395126e-01 10111111011100001000001111100101 

x1, x2 = 10000000100100100111000110010111 00000000110000000000000000000000
-7.627277e-01 10111111010000110100001000011111 
-7.627276e-01 10111111010000110100001000011101 

x1, x2 = 10000000100111101111010010011000 00000000110000000000000000000000
-8.278929e-01 10111111010100111111000011001011 
-8.278928e-01 10111111010100111111000011001001 

x1, x2 = 00000000100000011010110011000001 00000001010000000000000000000000
3.376948e-01 00111110101011001110011001010111 
3.376948e-01 00111110101011001110011001010101 

x1, x2 = 00000000100010000001110110100100 10000001010000000000000000000000
-3.544682e-01 10111110101101010111110011011011 
-3.544681e-01 10111110101101010111110011011001 

x1, x2 = 00000000100000101111100010100111 10000001010000000000000000000000
-3.410711e-01 10111110101011101010000011011111 
-3.410710e-01 10111110101011101010000011011101 

x1, x2 = 10000000100111010001101010111111 00000001010000000000000000000000
-4.091262e-01 10111110110100010111100011111111 
-4.091262e-01 10111110110100010111100011111101 

x1, x2 = 00000000100000000000000000000001 00000001100111110001000001101011
2.011767e-01 00111110010011100000000101000111 
2.011767e-01 00111110010011100000000101000101 

x1, x2 = 00000000101000011011101011101101 10000001110000000000000000000000
-2.105862e-01 10111110010101111010001111100111 
-2.105861e-01 10111110010101111010001111100101 

x1, x2 = 10000000101111010000111010001101 10000001110000000000000000000000
2.461678e-01 00111110011111000001001101100111 
2.461677e-01 00111110011111000001001101100101 

x1, x2 = 00000000101111011010010101110111 00000010010000000000000000000000
1.234677e-01 00111101111111001101110010011111 
1.234677e-01 00111101111111001101110010011101 

x1, x2 = 10000000100111001111111010011111 00000010010000000000000000000000
-1.022100e-01 10111101110100010101001101111111 
-1.022100e-01 10111101110100010101001101111101 

x1, x2 = 10000000101101010110111010010010 00000010010000000000000000000000
-1.181197e-01 10111101111100011110100011000011 
-1.181197e-01 10111101111100011110100011000001 

x1, x2 = 10000000101100110000010011111000 00000010010000000000000000000000
-1.165491e-01 10111101111011101011000101001011 
-1.165491e-01 10111101111011101011000101001001 

x1, x2 = 10000000100000110101100010001111 10000010010000000000000000000000
8.551167e-02 00111101101011110010000010111111 
8.551166e-02 00111101101011110010000010111101 

x1, x2 = 00000000100000001101111001111011 00000010110000000000000000000000
4.194957e-02 00111101001010111101001101001111 
4.194956e-02 00111101001010111101001101001101 

x1, x2 = 00000000101001001011010000011000 10000010110000000000000000000000
-5.361442e-02 10111101010110111001101011001011 
-5.361441e-02 10111101010110111001101011001001 

x1, x2 = 10000000100101101000001111001001 10000010110000000000000000000000
4.899570e-02 00111101010010001010111110110111 
4.899569e-02 00111101010010001010111110110101 

x1, x2 = 10000000101110000100011010010110 10000010110000000000000000000000
5.998559e-02 00111101011101011011001101110011 
5.998558e-02 00111101011101011011001101110001 

x1, x2 = 10000000101000111011011100001101 10000010101100100110110110010011
5.734632e-02 00111101011010101110001111111001 
5.734631e-02 00111101011010101110001111110111 

x1, x2 = 00000000101101000001110111000011 10000011010000000000000000000000
-2.931580e-02 10111100111100000010011110101111 
-2.931579e-02 10111100111100000010011110101101 

x1, x2 = 00000000101111110110010011100000 10000011010000000000000000000000
-3.115137e-02 10111100111111110011000100101011 
-3.115137e-02 10111100111111110011000100101001 

x1, x2 = 10000000100100010000101101000001 00000011010000000000000000000000
-2.360742e-02 10111100110000010110010001010111 
-2.360741e-02 10111100110000010110010001010101 

x1, x2 = 10000000101011100101010101101101 00000011010000000000000000000000
-2.837462e-02 10111100111010000111000111100111 
-2.837462e-02 10111100111010000111000111100101 

x1, x2 = 10000000101111101001101101101011 10000011010000000000000000000000
3.102329e-02 00111100111111100010010010001111 
3.102329e-02 00111100111111100010010010001101 

x1, x2 = 00000000100100000110001101011100 00000011110000000000000000000000
1.175034e-02 00111100010000001000010001111011 
1.175033e-02 00111100010000001000010001111001 

x1, x2 = 00000000100100101101001001100000 00000011110000000000000000000000
1.194839e-02 00111100010000111100001100101011 
1.194839e-02 00111100010000111100001100101001 

x1, x2 = 00000000101000111110101100100111 10000011110000000000000000000000
-1.333973e-02 10111100010110101000111011011111 
-1.333973e-02 10111100010110101000111011011101 

x1, x2 = 10000000100100100011100010110101 00000011110000000000000000000000
-1.189954e-02 10111100010000101111011001000111 
-1.189954e-02 10111100010000101111011001000101 

x1, x2 = 10000000100101011111000010011111 00000011110000000000000000000000
-1.220214e-02 10111100010001111110101101111111 
-1.220214e-02 10111100010001111110101101111101 

x1, x2 = 10000000100001110110011010011110 00000011110000000000000000000000
-1.101895e-02 10111100001101001000100011010011 
-1.101895e-02 10111100001101001000100011010001 

x1, x2 = 10000000100001110011010111001111 10000011110000000000000000000000
1.100343e-02 00111100001101000100011110111111 
1.100343e-02 00111100001101000100011110111101 

x1, x2 = 00000000101110001100111110010100 00000100010000000000000000000000
7.519973e-03 00111011111101100110101000011011 
7.519972e-03 00111011111101100110101000011001 

x1, x2 = 00000000100001000111010010110001 00000100010000000000000000000000
5.389641e-03 00111011101100001001101110010111 
5.389641e-03 00111011101100001001101110010101 

x1, x2 = 00000000100000000000000000000010 10000100001100000001111011101000
-5.677925e-03 10111011101110100000110111100011 
-5.677924e-03 10111011101110100000110111100001 

x1, x2 = 10000000101000000110001101000000 00000100010000000000000000000000
-6.526192e-03 10111011110101011101100110101011 
-6.526191e-03 10111011110101011101100110101001 

x1, x2 = 10000000100100010010101110011001 00000100010000000000000000000000
-5.906995e-03 10111011110000011000111101110111 
-5.906994e-03 10111011110000011000111101110101 

x1, x2 = 10000000100101100111101111010100 10000100010000000000000000000000
6.123198e-03 00111011110010001010010100011011 
6.123197e-03 00111011110010001010010100011001 

x1, x2 = 00000000100011111011101110011000 00000100110000000000000000000000
2.924251e-03 00111011001111111010010011001011 
2.924251e-03 00111011001111111010010011001001 

x1, x2 = 00000000101010001010110011011100 10000100110000000000000000000000
-3.431706e-03 10111011011000001110011001111011 
-3.431706e-03 10111011011000001110011001111001 

x1, x2 = 00000000101010000101100100110011 10000100110000000000000000000000
-3.425058e-03 10111011011000000111011011101111 
-3.425057e-03 10111011011000000111011011101101 

x1, x2 = 10000000100000011011000111001110 00000100110000000000000000000000
-2.638642e-03 10111011001011001110110100010011 
-2.638642e-03 10111011001011001110110100010001 

x1, x2 = 00000000101100010101000110001111 10000101010000000000000000000000
-1.803778e-03 10111010111011000110110010111111 
-1.803778e-03 10111010111011000110110010111101 

x1, x2 = 10000000101110001111100010011011 00000101010000000000000000000000
-1.881623e-03 10111010111101101010000011001111 
-1.881623e-03 10111010111101101010000011001101 

x1, x2 = 10000000100111010010011010101101 10000101010000000000000000000000
1.598623e-03 00111010110100011000100011100111 
1.598623e-03 00111010110100011000100011100101 

x1, x2 = 00000000101101100111010001001001 00000101110000000000000000000000
9.280102e-04 00111010011100110100010110110111 
9.280102e-04 00111010011100110100010110110101 

x1, x2 = 00000000101010010011011100111100 00000101110000000000000000000000
8.606759e-04 00111010011000011001111011111011 
8.606758e-04 00111010011000011001111011111001 

x1, x2 = 00000000100000000000000000000001 10000101100000100111000000100001
-9.583098e-04 10111010011110110011011100010101 
-9.583097e-04 10111010011110110011011100010011 

x1, x2 = 00000000100010010010000000111010 10000101110000000000000000000000
-6.974583e-04 10111010001101101101010110100011 
-6.974582e-04 10111010001101101101010110100001 

x1, x2 = 10000000100100000100010011101010 00000101110000000000000000000000
-7.337911e-04 10111010010000000101101111100011 
-7.337910e-04 10111010010000000101101111100001 

x1, x2 = 10000000100001111101010110000000 10000101110000000000000000000000
6.908874e-04 00111010001101010001110010101011 
6.908873e-04 00111010001101010001110010101001 

x1, x2 = 00000000101110101000110011001001 00000110010000000000000000000000
4.744210e-04 00111001111110001011101110110111 
4.744210e-04 00111001111110001011101110110101 

x1, x2 = 00000000100101001000100111111000 10000110010000000000000000000000
-3.777541e-04 10111001110001100000110101001011 
-3.777540e-04 10111001110001100000110101001001 

x1, x2 = 00000000100111111011001011100010 00000110110000000000000000000000
2.030675e-04 00111001010101001110111010000011 
2.030675e-04 00111001010101001110111010000001 

x1, x2 = 00000000101100011111000000101100 10000110110000000000000000000000
-2.262601e-04 10111001011011010100000000111011 
-2.262601e-04 10111001011011010100000000111001 

x1, x2 = 00000000100100011110111101100110 10000111001010101110001011110001
-1.042467e-04 10111000110110101001111100000011 
-1.042467e-04 10111000110110101001111100000001 

x1, x2 = 10000000101000001011110110011010 00000111010000000000000000000000
-1.021961e-04 10111000110101100101001000100011 
-1.021961e-04 10111000110101100101001000100001 

x1, x2 = 10000000101100010011101010100000 10000111010000000000000000000000
1.126792e-04 00111000111011000100111000101011 
1.126792e-04 00111000111011000100111000101001 

x1, x2 = 10000000101100000101010010001010 10000111010000000000000000000000
1.121077e-04 00111000111010110001101101100011 
1.121077e-04 00111000111010110001101101100001 

x1, x2 = 00000000110111111111111111111111 00000111101000001001001011111110
8.514366e-05 00111000101100101000111100101000 
8.514365e-05 00111000101100101000111100100110 

x1, x2 = 00000000101100011000101111101110 00000111110000000000000000000000
5.644054e-05 00111000011011001011101010010011 
5.644054e-05 00111000011011001011101010010001 

x1, x2 = 00000000100000000000000000000001 10000111100011010101111100110110
-5.526204e-05 10111000011001111100100100101011 
-5.526204e-05 10111000011001111100100100101001 

x1, x2 = 00000000101001001000011011010110 10000111110000000000000000000000
-5.230163e-05 10111000010110110101111001110011 
-5.230162e-05 10111000010110110101111001110001 

x1, x2 = 10000000101011110010100010010000 00000111110000000000000000000000
-5.568137e-05 10111000011010011000101101101011 
-5.568136e-05 10111000011010011000101101101001 

x1, x2 = 10000000100111111110100001000011 00000111110000000000000000000000
-5.083315e-05 10111000010101010011010110101111 
-5.083315e-05 10111000010101010011010110101101 

x1, x2 = 10000000100011010001000001011000 10000111110000000000000000000000
4.484299e-05 00111000001111000001010111001011 
4.484298e-05 00111000001111000001010111001001 

x1, x2 = 00000000101110100101100100011011 00001000010000000000000000000000
2.961923e-05 00110111111110000111011011001111 
2.961922e-05 00110111111110000111011011001101 

x1, x2 = 00000000101101010011101111010001 00001000010000000000000000000000
2.880631e-05 00110111111100011010010100010111 
2.880631e-05 00110111111100011010010100010101 

x1, x2 = 00000000100000000000000000000001 10001000000001000110110111000001
-2.949700e-05 10110111111101110111000001010101 
-2.949700e-05 10110111111101110111000001010011 

x1, x2 = 00000000100000010010000000111100 10001000010000000000000000000000
-2.052401e-05 10110111101011000010101011111011 
-2.052401e-05 10110111101011000010101011111001 

x1, x2 = 10000000101111101001110011010011 00001000010000000000000000000000
-3.029706e-05 10110111111111100010011001101111 
-3.029705e-05 10110111111111100010011001101101 

x1, x2 = 10000000101011010101000010111000 00001000010000000000000000000000
-2.754773e-05 10110111111001110001011001001011 
-2.754772e-05 10110111111001110001011001001001 

x1, x2 = 10000000101111011111100110011001 00001000001001100011000000010000
-3.488571e-05 10111000000100100101001000111110 
-3.488570e-05 10111000000100100101001000111100 

x1, x2 = 10000000100111111010101010100101 10001000010000000000000000000000
2.537832e-05 00110111110101001110001110000111 
2.537832e-05 00110111110101001110001110000101 

x1, x2 = 00000000100010011011111011100011 00001000110000000000000000000000
1.094704e-05 00110111001101111010100100101111 
1.094704e-05 00110111001101111010100100101101 

x1, x2 = 00000000101101100000011100001000 00001000110000000000000000000000
1.446624e-05 00110111011100101011010000001011 
1.446624e-05 00110111011100101011010000001001 

x1, x2 = 10000000101011001010100010101111 10001000110000000000000000000000
1.372170e-05 00110111011001100011011000111111 
1.372170e-05 00110111011001100011011000111101 

x1, x2 = 10000000100010010110100000101011 10001000110000000000000000000000
1.092012e-05 00110111001101110011010110001111 
1.092012e-05 00110111001101110011010110001101 

x1, x2 = 00000000101001111110101011001111 00001001010000000000000000000000
6.672431e-06 00110110110111111110001110111111 
6.672430e-06 00110110110111111110001110111101 

x1, x2 = 00000000101000011110001010000110 00001001010000000000000000000000
6.432726e-06 00110110110101111101100010110011 
6.432726e-06 00110110110101111101100010110001 

x1, x2 = 00000000100000000000000000000001 10001001000001111010000010001110
-7.200347e-06 10110110111100011001101010000010 
-7.200346e-06 10110110111100011001101010000000 

x1, x2 = 10000000101111001000100001111101 00001001110000000000000000000000
-3.745817e-06 10110110011110110110000010100111 
-3.745817e-06 10110110011110110110000010100101 

x1, x2 = 10000000100001001010010101010001 00001001101011110000001010011010
-2.891280e-06 10110110010000100000011111010010 
-2.891280e-06 10110110010000100000011111010000 

x1, x2 = 10000000101001010111111110100110 10001001110000000000000000000000
3.288162e-06 00110110010111001010101000110011 
3.288162e-06 00110110010111001010101000110001 

x1, x2 = 00000000101111101001000111001001 00001010010000000000000000000000
1.893138e-06 00110101111111100001011110110111 
1.893137e-06 00110101111111100001011110110101 

x1, x2 = 00000000101101011111111101101101 10001010010000000000000000000000
-1.807985e-06 10110101111100101010100111100111 
-1.807985e-06 10110101111100101010100111100101 

x1, x2 = 00000000101001101010011010101011 10001010010000000000000000000000
-1.655529e-06 10110101110111100011001110001111 
-1.655529e-06 10110101110111100011001110001101 

x1, x2 = 10000000110000000000000000000000 00001010000001111011000000011110
-2.698920e-06 10110110001101010001111100011000 
-2.698920e-06 10110110001101010001111100010110 

x1, x2 = 10000000101000000101100011001111 00001010010000000000000000000000
-1.592903e-06 10110101110101011100101110111111 
-1.592903e-06 10110101110101011100101110111101 

x1, x2 = 00000000100111011010001011110001 00001010110000000000000000000000
7.829889e-07 00110101010100100010111010010111 
7.829888e-07 00110101010100100010111010010101 

x1, x2 = 00000000100100111000010100010000 00001010110000000000000000000000
7.327387e-07 00110101010001001011000101101011 
7.327386e-07 00110101010001001011000101101001 

x1, x2 = 00000000100101101100100110011000 10001010110000000000000000000000
-7.489695e-07 10110101010010010000110011001011 
-7.489694e-07 10110101010010010000110011001001 

x1, x2 = 10000000101110000100100111011011 10001010110000000000000000000000
9.153709e-07 00110101011101011011011111001111 
9.153708e-07 00110101011101011011011111001101 

x1, x2 = 00000000110111111111111111111111 00001011000001001001001000111101
8.056914e-07 00110101010110000100011010110010 
8.056913e-07 00110101010110000100011010110000 

x1, x2 = 00000000100110011101010010011111 00001011010000000000000000000000
3.820423e-07 00110100110011010001101101111111 
3.820423e-07 00110100110011010001101101111101 

x1, x2 = 00000000100101010010011011011100 10001011010000000000000000000000
-3.704225e-07 10110100110001101101111001111011 
-3.704224e-07 10110100110001101101111001111001 

x1, x2 = 00000000101010101110110001001001 00001011110000000000000000000000
2.122459e-07 00110100011000111110010110110111 
2.122459e-07 00110100011000111110010110110101 

x1, x2 = 00000000100000000000000000000001 10001011100000000100110111101001
-2.378531e-07 10110100011111110110010010001111 
-2.378531e-07 10110100011111110110010010001101 

x1, x2 = 00000000100001001010110000110111 10001011110000000000000000000000
-1.647481e-07 10110100001100001110010110011111 
-1.647481e-07 10110100001100001110010110011101 

x1, x2 = 10000000100010101101111000101100 00001011110000000000000000000000
-1.724410e-07 10110100001110010010100000111011 
-1.724410e-07 10110100001110010010100000111001 

x1, x2 = 00000000101100010001101001000010 00001100010000000000000000000000
1.099597e-07 00110011111011000010001100000011 
1.099597e-07 00110011111011000010001100000001 

x1, x2 = 00000000101010110001000101001110 00001100010000000000000000000000
1.062127e-07 00110011111001000001011100010011 
1.062127e-07 00110011111001000001011100010001 

x1, x2 = 00000000100100001001111010110001 00001100010000000000000000000000
8.979184e-08 00110011110000001101001110010111 
8.979183e-08 00110011110000001101001110010101 

x1, x2 = 00000000100110101110010001000000 10001100010000000000000000000000
-9.616936e-08 10110011110011101000010110101011 
-9.616935e-08 10110011110011101000010110101001 

x1, x2 = 10000000100111011100010010010110 00001100010000000000000000000000
-9.795521e-08 10110011110100100101101101110011 
-9.795520e-08 10110011110100100101101101110001 

x1, x2 = 10000000100100011110110000010111 00001100010000000000000000000000
-9.060044e-08 10110011110000101001000000011111 
-9.060043e-08 10110011110000101001000000011101 

x1, x2 = 00000000101111110100011000100000 00001100110000000000000000000000
5.937924e-08 00110011011111110000100000101011 
5.937924e-08 00110011011111110000100000101001 

x1, x2 = 00000000100010100011100011101101 00001100110000000000000000000000
4.290987e-08 00110011001110000100101111100111 
4.290986e-08 00110011001110000100101111100101 

x1, x2 = 00000000100011010111010011111111 10001100110000000000000000000000
-4.391404e-08 10110011001111001001101111111111 
-4.391403e-08 10110011001111001001101111111101 

x1, x2 = 10000000100011010000100001111011 00001100110000000000000000000000
-4.378244e-08 10110011001111000000101101001111 
-4.378244e-08 10110011001111000000101101001101 

x1, x2 = 10000000101111000111110100010110 00001100110000000000000000000000
-5.851457e-08 10110011011110110101000101110011 
-5.851456e-08 10110011011110110101000101110001 

x1, x2 = 10000000100110111010010101111000 10001100110000000000000000000000
4.831899e-08 00110011010011111000011101001011 
4.831898e-08 00110011010011111000011101001001 

x1, x2 = 00000000101010001010111010111111 00001101010000000000000000000000
2.618299e-08 00110010111000001110100011111111 
2.618298e-08 00110010111000001110100011111101 

x1, x2 = 00000000100010010111100110001000 10001101000010100001000011001110
-2.967477e-08 10110010111111101110011110000011 
-2.967477e-08 10110010111111101110011110000001 

x1, x2 = 10000000101110101110100011011100 00001101010000000000000000000000
-2.901219e-08 10110010111110010011011001111011 
-2.901219e-08 10110010111110010011011001111001 

x1, x2 = 10000000100001010010100011100100 00001101010000000000000000000000
-2.066911e-08 10110010101100011000101111011011 
-2.066911e-08 10110010101100011000101111011001 

x1, x2 = 10000000100000000000000000000001 10001101000110110000000100101111
2.461022e-08 00110010110100110110011001110010 
2.461022e-08 00110010110100110110011001110000 

x1, x2 = 00000000100101111101010011111110 00001101110000000000000000000000
1.178371e-08 00110010010010100111000101010011 
1.178371e-08 00110010010010100111000101010001 

x1, x2 = 00000000101010110010101011101111 10001101110000000000000000000000
-1.328436e-08 10110010011001000011100100111111 
-1.328436e-08 10110010011001000011100100111101 

x1, x2 = 00000000100110011100101111100111 10001101110000000000000000000000
-1.193618e-08 10110010010011010000111111011111 
-1.193618e-08 10110010010011010000111111011101 

x1, x2 = 00000000100010110111110110000011 10001110010000000000000000000000
-5.412935e-09 10110001101110011111110010101111 
-5.412935e-09 10110001101110011111110010101101 

x1, x2 = 00000000101101000011001101011001 10001110010000000000000000000000
-6.992703e-09 10110001111100000100010001110111 
-6.992702e-09 10110001111100000100010001110101 

x1, x2 = 10000000100011111111011111011010 10001110010000000000000000000000
5.586700e-09 00110001101111111111010100100011 
5.586700e-09 00110001101111111111010100100001 

x1, x2 = 00000000100001100101111001110100 00001110110000000000000000000000
2.607101e-09 00110001001100110010100010011011 
2.607101e-09 00110001001100110010100010011001 

x1, x2 = 00000000101110100010010000011010 10001110101111100001011110000100
-3.647865e-09 10110001011110101010110111101001 
-3.647865e-09 10110001011110101010110111101011 

x1, x2 = 00000000101100000010100001001101 10001110110000000000000000000000
-3.417904e-09 10110001011010101110000001100111 
-3.417904e-09 10110001011010101110000001100101 

x1, x2 = 10000000100001110110100101011111 00001110110000000000000000000000
-2.627331e-09 10110001001101001000110001111111 
-2.627331e-09 10110001001101001000110001111101 

x1, x2 = 10000000100001111000111110101000 00001110110000000000000000000000
-2.630233e-09 10110001001101001011111110001011 
-2.630232e-09 10110001001101001011111110001001 

x1, x2 = 00000000100010001011100101110001 00001111010000000000000000000000
1.326401e-09 00110000101101100100110010010111 
1.326401e-09 00110000101101100100110010010101 

x1, x2 = 00000000100100011010110000001111 00001111010000000000000000000000
1.413205e-09 00110000110000100011101010111111 
1.413205e-09 00110000110000100011101010111101 

x1, x2 = 00000000100000000000000000000001 10001111000000111100111010010010
-1.808847e-09 10110000111110001001101100101010 
-1.808847e-09 10110000111110001001101100101000 

x1, x2 = 00000000101101010010000011011101 10001111010000000000000000000000
-1.757176e-09 10110000111100011000000100100111 
-1.757176e-09 10110000111100011000000100100101 

x1, x2 = 00000000101101011101011101111010 10001111010000000000000000000000
-1.764097e-09 10110000111100100111010010100011 
-1.764097e-09 10110000111100100111010010100001 

x1, x2 = 10000000101000110110000000101011 00001111010000000000000000000000
-1.584952e-09 10110000110110011101010110001111 
-1.584952e-09 10110000110110011101010110001101 

x1, x2 = 10000000100011110101101001111110 10001111010000000000000000000000
1.390712e-09 00110000101111110010001101010011 
1.390712e-09 00110000101111110010001101010001 

x1, x2 = 00000000101111101010001101100011 00001111110000000000000000000000
9.247171e-10 00110000011111100010111100101111 
9.247170e-10 00110000011111100010111100101101 

x1, x2 = 10000000100001100011010110110010 00001111110000000000000000000000
-6.510030e-10 10110000001100101111001001000011 
-6.510029e-10 10110000001100101111001001000001 

x1, x2 = 10000000100100001010010100000101 10001111110000000000000000000000
7.016187e-10 00110000010000001101110000000111 
7.016186e-10 00110000010000001101110000000101 

x1, x2 = 10000000101101011010000111011011 10001111100001011111000010011000
1.262942e-09 00110000101011011001001111010010 
1.262942e-09 00110000101011011001001111010000 

x1, x2 = 00000000101101001101010000111001 00010000010000000000000000000000
4.385680e-10 00101111111100010001101011110111 
4.385680e-10 00101111111100010001101011110101 

x1, x2 = 00000000100011100101100110011000 10010000010000000000000000000000
-3.452441e-10 10101111101111011100110011001011 
-3.452441e-10 10101111101111011100110011001001 

x1, x2 = 10000000101011010000011100110101 00010000010000000000000000000000
-4.196485e-10 10101111111001101011010001000111 
-4.196485e-10 10101111111001101011010001000101 

x1, x2 = 00000000100000000000000000000010 10010000101100100110110110110011
-1.670267e-10 10101111001101111010010111011000 
-1.670267e-10 10101111001101111010010111010110 

x1, x2 = 10000000101000110001111100101010 00010000110000000000000000000000
-1.978111e-10 10101111010110010111111011100011 
-1.978111e-10 10101111010110010111111011100001 

x1, x2 = 00000000101011101000100001001111 00010001010000000000000000000000
1.058242e-10 00101110111010001011010110111111 
1.058242e-10 00101110111010001011010110111101 

x1, x2 = 00000000100001011111000010111000 10010001010000000000000000000000
-8.121200e-11 10101110101100101001011001001011 
-8.121199e-11 10101110101100101001011001001001 

x1, x2 = 00000000101010010101101110110001 10010001010000000000000000000000
-1.026869e-10 10101110111000011100111110010111 
-1.026869e-10 10101110111000011100111110010101 

x1, x2 = 10000000100001111100001011100100 00010001010000000000000000000000
-8.231612e-11 10101110101101010000001111011011 
-8.231611e-11 10101110101101010000001111011001 

x1, x2 = 10000000101101000000101001110000 00010001010000000000000000000000
-1.091641e-10 10101110111100000000110111101011 
-1.091641e-10 10101110111100000000110111101001 

x1, x2 = 00000000100001111111100110100001 00010001110000000000000000000000
4.122288e-11 00101110001101010100110011010111 
4.122288e-11 00101110001101010100110011010101 

x1, x2 = 00000000101110101101001000010100 00010001110000000000000000000000
5.663745e-11 00101110011110010001100000011011 
5.663745e-11 00101110011110010001100000011001 

x1, x2 = 10000000101001000111100101011100 00010001110000000000000000000000
-4.986276e-11 10101110010110110100110001111011 
-4.986276e-11 10101110010110110100110001111001 

x1, x2 = 10000000101110011101100000011110 00010001110000000000000000000000
-5.634144e-11 10101110011101111100101011010011 
-5.634143e-11 10101110011101111100101011010001 

x1, x2 = 00000000100000000000000000000001 00010010000001101000001100011000
2.769484e-11 00101101111100111001101100111101 
2.769484e-11 00101101111100111001101100111011 

x1, x2 = 10000000100011000110100001011000 10010010010000000000000000000000
2.128333e-11 00101101101110110011010111001011 
2.128332e-11 00101101101110110011010111001001 

x1, x2 = 10000000101110000000110010111000 10010010010000000000000000000000
2.789870e-11 00101101111101010110011001001011 
2.789870e-11 00101101111101010110011001001001 

x1, x2 = 00000000100100011001110001001111 00010010110000000000000000000000
1.103600e-11 00101101010000100010010110111111 
1.103600e-11 00101101010000100010010110111101 

x1, x2 = 00000000101000110110111101101101 00010010110000000000000000000000
1.238696e-11 00101101010110011110100111100111 
1.238696e-11 00101101010110011110100111100101 

x1, x2 = 10000000100101000000001000110101 00010010110000000000000000000000
-1.121775e-11 10101101010001010101100001000111 
-1.121775e-11 10101101010001010101100001000101 

x1, x2 = 10000000100100110011101110011100 00010010110000000000000000000000
-1.115896e-11 10101101010001000100111101111011 
-1.115896e-11 10101101010001000100111101111001 

x1, x2 = 10000000110111111111111111111111 10010010100000001111111000110100
2.526982e-11 00101101110111100100011010010001 
2.526981e-11 00101101110111100100011010001111 

x1, x2 = 10000000100101011011011011101110 10010010110000000000000000000000
1.134705e-11 00101101010001111001111010010011 
1.134705e-11 00101101010001111001111010010001 

x1, x2 = 00000000100110001001000110111001 00010011010000000000000000000000
5.781704e-12 00101100110010110110110011110111 
5.781704e-12 00101100110010110110110011110101 

x1, x2 = 00000000100110101100001100010011 10010011010000000000000000000000
-5.864801e-12 10101100110011100101100101101111 
-5.864800e-12 10101100110011100101100101101101 

x1, x2 = 10000000101100001010111001001110 00010011010000000000000000000000
-6.695430e-12 10101100111010111001001100010011 
-6.695429e-12 10101100111010111001001100010001 

x1, x2 = 10000000100111000000110010011110 00010011010000000000000000000000
-5.913583e-12 10101100110100000001000011010011 
-5.913583e-12 10101100110100000001000011010001 

x1, x2 = 10000000100110111001100100101010 10010011010000000000000000000000
5.896493e-12 00101100110011110111011011100011 
5.896492e-12 00101100110011110111011011100001 

x1, x2 = 00000000101001110011000100111110 00010011110000000000000000000000
3.167928e-12 00101100010111101110110001010011 
3.167928e-12 00101100010111101110110001010001 

x1, x2 = 00000000100000101110001000000000 10010011110000000000000000000000
-2.479942e-12 10101100001011101000001010101011 
-2.479942e-12 10101100001011101000001010101001 

x1, x2 = 10000000101101000100101000111001 00010011110000000000000000000000
-3.416099e-12 10101100011100000110001011110111 
-3.416098e-12 10101100011100000110001011110101 

x1, x2 = 10000000101011001111101001111110 10010011110000000000000000000000
3.277563e-12 00101100011001101010001101010011 
3.277562e-12 00101100011001101010001101010001 

x1, x2 = 10000000101001011001100010010011 00010100010000000000000000000000
-1.568840e-12 10101011110111001100101101101111 
-1.568840e-12 10101011110111001100101101101101 

x1, x2 = 10000000101101011101000110011000 10010100010000000000000000000000
1.722533e-12 00101011111100100110110011001011 
1.722533e-12 00101011111100100110110011001001 

x1, x2 = 10000000100101100100101111110101 10010100010000000000000000000000
1.423896e-12 00101011110010000110010101000111 
1.423896e-12 00101011110010000110010101000101 

x1, x2 = 00000000100101100110100001010001 00010100110000000000000000000000
7.124730e-13 00101011010010001000101100010111 
7.124729e-13 00101011010010001000101100010101 

x1, x2 = 00000000101100111111010000100000 10010100110000000000000000000000
-8.524316e-13 10101011011011111111000000101011 
-8.524315e-13 10101011011011111111000000101001 

x1, x2 = 00000000100011010100000111011110 10010101010000000000000000000000
-3.345645e-13 10101010101111000101011111010011 
-3.345644e-13 10101010101111000101011111010001 

x1, x2 = 00000000100011001010100001101111 00010101100111111010000010011011
2.003536e-13 00101010011000011001001111111101 
2.003536e-13 00101010011000011001001111111011 

x1, x2 = 00000000101100010010011101100010 10010101110000000000000000000000
-2.097923e-13 10101010011011000011010010000011 
-2.097923e-13 10101010011011000011010010000001 

x1, x2 = 10000000101110101101110000000100 00010101110000000000000000000000
-2.212860e-13 10101010011110010010010101011011 
-2.212860e-13 10101010011110010010010101011001 

x1, x2 = 10000000100000000000000000000000 10010101101011010001010101111100
1.681487e-13 00101010001111010101000110001101 
1.681487e-13 00101010001111010101000110001111 

x1, x2 = 10000000100100000111100111100010 10010101110000000000000000000000
1.710941e-13 00101010010000001010001010000011 
1.710941e-13 00101010010000001010001010000001 

x1, x2 = 00000000101011110000110011110100 00010110010000000000000000000000
1.036508e-13 00101001111010010110011010011011 
1.036508e-13 00101001111010010110011010011001 

x1, x2 = 00000000101111011100011101001001 00010110010000000000000000000000
1.123714e-13 00101001111111010000100110110111 
1.123714e-13 00101001111111010000100110110101 

x1, x2 = 00000000100110101000001111011010 10010110010000000000000000000000
-9.149129e-14 10101001110011100000010100100011 
-9.149127e-14 10101001110011100000010100100001 

x1, x2 = 10000000100000000000000000000001 10010110000011100001111000100010
1.023934e-13 00101001111001101001000111001001 
1.023934e-13 00101001111001101001000111000111 

x1, x2 = 10000000100000000000000000000010 00010110100000110000000101010101
-5.553947e-14 10101001011110100010000010100110 
-5.553946e-14 10101001011110100010000010100100 

x1, x2 = 10000000101111101001001011110010 10010111010000000000000000000000
2.821062e-14 00101000111111100001100101000011 
2.821062e-14 00101000111111100001100101000001 

x1, x2 = 10000000100101011111111101110010 10010111010000000000000000000000
2.220414e-14 00101000110001111111111101000011 
2.220414e-14 00101000110001111111111101000001 

x1, x2 = 00000000101011110001011100101001 00010111110000000000000000000000
1.295930e-14 00101000011010010111010000110111 
1.295930e-14 00101000011010010111010000110101 

x1, x2 = 10000000100000101101110110000000 00010111110000000000000000000000
-9.685973e-15 10101000001011100111110010101011 
-9.685972e-15 10101000001011100111110010101001 

x1, x2 = 10000000100110010100011011110011 00010111100010101011111111001000
-1.569883e-14 10101000100011010110011100001010 
-1.569883e-14 10101000100011010110011100001000 

x1, x2 = 10000000100110011010010011100111 10010111110000000000000000000000
1.137195e-14 00101000010011001101101111011111 
1.137195e-14 00101000010011001101101111011101 

x1, x2 = 00000000101010111001000111110100 10011000010000000000000000000000
-6.349370e-15 10100111111001001100001010011011 
-6.349370e-15 10100111111001001100001010011001 

x1, x2 = 00000000100000001110010101101110 00011000110000000000000000000000
2.385059e-15 00100111001010111101110010010011 
2.385059e-15 00100111001010111101110010010001 

x1, x2 = 00000000101001111101100111001110 10011000110000000000000000000000
-3.105864e-15 10100111010111111100110100010011 
-3.105863e-15 10100111010111111100110100010001 

x1, x2 = 10000000110111111111111111111111 00011000101000001001111001101101
-4.954635e-15 10100111101100101000001001110010 
-4.954635e-15 10100111101100101000001001110000 

x1, x2 = 10000000100010100011000100011111 00011000110000000000000000000000
-2.557063e-15 10100111001110000100000101111111 
-2.557063e-15 10100111001110000100000101111101 

x1, x2 = 10000000101100011001011001010011 10011000110000000000000000000000
3.286023e-15 00100111011011001100100001101111 
3.286023e-15 00100111011011001100100001101101 

x1, x2 = 10000000101010001111010111011011 10011000110000000000000000000000
3.126395e-15 00100111011000010100011111001111 
3.126395e-15 00100111011000010100011111001101 

x1, x2 = 00000000100101101000101111101011 00011001010000000000000000000000
1.392835e-15 00100110110010001011101010001111 
1.392835e-15 00100110110010001011101010001101 

x1, x2 = 00000000101011011000010011000011 10011001010000000000000000000000
-1.605370e-15 10100110111001110101101110101111 
-1.605369e-15 10100110111001110101101110101101 

x1, x2 = 00000000101010010011111101011011 10011001010000000000000000000000
-1.565854e-15 10100110111000011010100111001111 
-1.565854e-15 10100110111000011010100111001101 

x1, x2 = 10000000100011011100000100101011 00011001010000000000000000000000
-1.311493e-15 10100110101111010000000110001111 
-1.311493e-15 10100110101111010000000110001101 

x1, x2 = 00000000110111111111111111111111 10011001100010000110111101001101
-1.458220e-15 10100110110100100010011011010110 
-1.458220e-15 10100110110100100010011011010100 

x1, x2 = 10000000101100011001111010101011 00011001110000000000000000000000
-8.216566e-16 10100110011011001101001110001111 
-8.216565e-16 10100110011011001101001110001101 

x1, x2 = 10000000101011011100001011011001 10011001110000000000000000000000
8.038067e-16 00100110011001111010111001110111 
8.038066e-16 00100110011001111010111001110101 

x1, x2 = 00000000101100000011101101001001 00011010010000000000000000000000
4.076174e-16 00100101111010101111100110110111 
4.076174e-16 00100101111010101111100110110101 

x1, x2 = 00000000100001000110001001000010 10011010010000000000000000000000
-3.061991e-16 10100101101100001000001100000011 
-3.061990e-16 10100101101100001000001100000001 

x1, x2 = 00000000101011000111111100011110 10011010001100111101010100110000
-4.259728e-16 10100101111101011000111001111100 
-4.259727e-16 10100101111101011000111001111010 

x1, x2 = 00000000101110100000010100110011 10011010010000000000000000000000
-4.302584e-16 10100101111110000000011011101111 
-4.302584e-16 10100101111110000000011011101101 

x1, x2 = 10000000101010101011001111111010 10011010010000000000000000000000
3.948301e-16 00100101111000111001101010100011 
3.948300e-16 00100101111000111001101010100001 

x1, x2 = 00000000100100111111010100111100 10011010110000000000000000000000
-1.711107e-16 10100101010001010100011011111011 
-1.711107e-16 10100101010001010100011011111001 

x1, x2 = 10000000100011001011100101100111 00011010110000000000000000000000
-1.627451e-16 10100101001110111010000111011111 
-1.627451e-16 10100101001110111010000111011101 

x1, x2 = 10000000100100010101000000100011 00011010110000000000000000000000
-1.680520e-16 10100101010000011100000000101111 
-1.680519e-16 10100101010000011100000000101101 

x1, x2 = 10000000101111101011001010111101 10011010110000000000000000000000
2.205391e-16 00100101011111100100001110100111 
2.205391e-16 00100101011111100100001110100101 

x1, x2 = 00000000101000100000101110000111 00011011010000000000000000000000
9.370111e-17 00100100110110000000111101011111 
9.370109e-17 00100100110110000000111101011101 

x1, x2 = 00000000101100001110001000101001 00011011010000000000000000000000
1.022813e-16 00100100111010111101100000110111 
1.022813e-16 00100100111010111101100000110101 

x1, x2 = 00000000101000010001010110011111 00011011010000000000000000000000
9.314566e-17 00100100110101101100011101111111 
9.314565e-17 00100100110101101100011101111101 

x1, x2 = 00000000100101010010011111010101 10011011010000000000000000000000
-8.624790e-17 10100100110001101101111111000111 
-8.624789e-17 10100100110001101101111111000101 

x1, x2 = 10000000100101010011000101110111 00011011010000000000000000000000
-8.626966e-17 10100100110001101110110010011111 
-8.626965e-17 10100100110001101110110010011101 

x1, x2 = 10000000101110111111111010110110 00011011010000000000000000000000
-1.087064e-16 10100100111110101010100011110011 
-1.087064e-16 10100100111110101010100011110001 

x1, x2 = 10000000101111010001100110101100 10011011010000000000000000000000
1.093456e-16 00100100111111000010001000111011 
1.093456e-16 00100100111111000010001000111001 

x1, x2 = 10000000100001010110110110001101 10011011010000000000000000000000
7.715352e-17 00100100101100011110011101100111 
7.715351e-17 00100100101100011110011101100101 

x1, x2 = 00000000100110010010111010010001 00011011110000000000000000000000
4.428804e-17 00100100010011000011111000010111 
4.428803e-17 00100100010011000011111000010101 

x1, x2 = 00000000101000101010101100110101 10011011110000000000000000000000
-4.703089e-17 10100100010110001110010001000111 
-4.703089e-17 10100100010110001110010001000101 

x1, x2 = 00000000101111011010110100111001 10011011110000000000000000000000
-5.483942e-17 10100100011111001110011011110111 
-5.483942e-17 10100100011111001110011011110101 

x1, x2 = 10000000100111000110111110000110 00011011110000000000000000000000
-4.522876e-17 10100100010100001001010010110011 
-4.522876e-17 10100100010100001001010010110001 

x1, x2 = 10000000101101001001100010110111 00011011110000000000000000000000
-5.221418e-17 10100100011100001100101110011111 
-5.221417e-17 10100100011100001100101110011101 

x1, x2 = 00000000100000000000000000000010 00011100000000100011000110010100
2.728792e-17 00100011111110111010111111001001 
2.728792e-17 00100011111110111010111111000111 

x1, x2 = 00000000101011010110110111000010 10011100010000000000000000000000
-2.507091e-17 10100011111001110011110100000011 
-2.507091e-17 10100011111001110011110100000001 

x1, x2 = 10000000101111001010011110010001 00011100010000000000000000000000
-2.727196e-17 10100011111110111000101000010111 
-2.727195e-17 10100011111110111000101000010101 

x1, x2 = 00000000100111101100010010011000 00011100110000000000000000000000
1.147577e-17 00100011010100111011000011001011 
1.147577e-17 00100011010100111011000011001001 

x1, x2 = 00000000101100101010000100111011 10011100110000000000000000000000
-1.291139e-17 10100011011011100010110001001111 
-1.291139e-17 10100011011011100010110001001101 

x1, x2 = 00000000101110000111011000000000 10011100110000000000000000000000
-1.333286e-17 10100011011101011111001010101011 
-1.333286e-17 10100011011101011111001010101001 

x1, x2 = 00000000101110100110100110011000 10011100110000000000000000000000
-1.347392e-17 10100011011110001000110011001011 
-1.347392e-17 10100011011110001000110011001001 

x1, x2 = 10000000100000000000000000000001 00011100100001011111001101100000
-1.326128e-17 10100011011101001010000010011100 
-1.326128e-17 10100011011101001010000010011010 

x1, x2 = 10000000101000010010011011010110 00011100110000000000000000000000
-1.164807e-17 10100011010101101101111001110011 
-1.164807e-17 10100011010101101101111001110001 

x1, x2 = 10000000101001100011101111100110 00011100110000000000000000000000
-1.201542e-17 10100011010111011010010100110011 
-1.201541e-17 10100011010111011010010100110001 

x1, x2 = 10000000100011110000011100110101 10011100100110110010000100010011
1.279523e-17 00100011011011000000011111001001 
1.279523e-17 00100011011011000000011111000111 

x1, x2 = 00000000100000000000000000000001 00011101000000001000111010110010
6.908809e-18 00100010111111101110001111011011 
6.908808e-18 00100010111111101110001111011001 

x1, x2 = 00000000101011001110011010010010 00011101010000000000000000000000
6.248643e-18 00100010111001101000100011000011 
6.248642e-18 00100010111001101000100011000001 

x1, x2 = 00000000101001011111100011000011 10011101010000000000000000000000
-5.998230e-18 10100010110111010100101110101111 
-5.998229e-18 10100010110111010100101110101101 

x1, x2 = 00000000101001110101110000111100 10011101001100000101110011000100
-6.584712e-18 10100010111100101110111011011000 
-6.584711e-18 10100010111100101110111011010110 

x1, x2 = 10000000100111101110101010010110 00011101010000000000000000000000
-5.743248e-18 10100010110100111110001101110011 
-5.743248e-18 10100010110100111110001101110001 

x1, x2 = 10000000101011000100010110010100 00011101010000000000000000000000
-6.225915e-18 10100010111001011011001000011011 
-6.225914e-18 10100010111001011011001000011001 

x1, x2 = 10000000100110000111110111100101 10011101010000000000000000000000
5.511064e-18 00100010110010110101001010000111 
5.511063e-18 00100010110010110101001010000101 

x1, x2 = 10000000100001101110001110000010 10011101010000000000000000000000
4.874887e-18 00100010101100111101101000000011 
4.874887e-18 00100010101100111101101000000001 

x1, x2 = 10000000101001001000011010001110 00011101110000000000000000000000
-2.972984e-18 10100010010110110101111000010011 
-2.972983e-18 10100010010110110101111000010001 

x1, x2 = 10000000100010001010000000010010 00011101110000000000000000000000
-2.468824e-18 10100010001101100010101011000011 
-2.468823e-18 10100010001101100010101011000001 

x1, x2 = 10000000100001101101111101010000 10011101101001111000001110101111
2.793386e-18 00100010010011100001110110010010 
2.793386e-18 00100010010011100001110110010000 

x1, x2 = 00000000101110000000000000000000 00011110000001100100111110111110
2.376484e-18 00100010001011110101101010000100 
2.376484e-18 00100010001011110101101010000010 

x1, x2 = 00000000101110010010011101010111 10011110010000000000000000000000
-1.672867e-18 10100001111101101101111100011111 
-1.672867e-18 10100001111101101101111100011101 

x1, x2 = 10000000101111010111111001000100 00011110010000000000000000000000
-1.712075e-18 10100001111111001010100001011011 
-1.712075e-18 10100001111111001010100001011001 

x1, x2 = 10000000100111110101001101101100 10011110010000000000000000000000
1.439512e-18 00100001110101000110111100111011 
1.439512e-18 00100001110101000110111100111001 

x1, x2 = 00000000100101000010100011010101 00011110110000000000000000000000
6.693119e-19 00100001010001011000101111000111 
6.693118e-19 00100001010001011000101111000101 

x1, x2 = 00000000101110011001100110010000 10011110110000000000000000000000
-8.384490e-19 10100001011101110111011101101011 
-8.384489e-19 10100001011101110111011101101001 

x1, x2 = 10000000100000001100111001010010 00011110110000000000000000000000
-5.818820e-19 10100001001010111011110111000011 
-5.818819e-19 10100001001010111011110111000001 

x1, x2 = 10000000101001101111010111111000 00011110110000000000000000000000
-7.542470e-19 10100001010111101001110101001011 
-7.542469e-19 10100001010111101001110101001001 

x1, x2 = 10000000101010000111001110101001 10011110110000000000000000000000
7.609825e-19 00100001011000001001101000110111 
7.609824e-19 00100001011000001001101000110101 

x1, x2 = 00000000101100100011000001001111 00011111010000000000000000000000
4.024845e-19 00100000111011011001010110111111 
4.024845e-19 00100000111011011001010110111101 

x1, x2 = 00000000101111101000011001100010 10011111010000000000000000000000
-4.303491e-19 10100000111111100000100010000011 
-4.303490e-19 10100000111111100000100010000001 

x1, x2 = 00000000101011100101101101111111 10011111010000000000000000000000
-3.938306e-19 10100000111010000111100111111111 
-3.938305e-19 10100000111010000111100111111101 

x1, x2 = 10000000100110010001110011110111 00011111010000000000000000000000
-3.458450e-19 10100000110011000010011010011111 
-3.458450e-19 10100000110011000010011010011101 

x1, x2 = 10000000101000111000111110011011 10011111010000000000000000000000
3.694441e-19 00100000110110100001010011001111 
3.694440e-19 00100000110110100001010011001101 

x1, x2 = 10000000101110110001000011011011 00011111110000000000000000000000
-2.112679e-19 10100000011110010110101111001111 
-2.112679e-19 10100000011110010110101111001101 

x1, x2 = 10000000100110111100010111001101 10011111110000000000000000000000
1.759261e-19 00100000010011111011001001100111 
1.759261e-19 00100000010011111011001001100101 

x1, x2 = 00000000100000000000000000000001 00100000000000001000000001110010
1.079969e-19 00011111111111110000000000011111 
1.079969e-19 00011111111111110000000000011101 

x1, x2 = 00000000100111001100100101010000 10100000010000000000000000000000
-8.853548e-20 10011111110100010000110001101011 
-8.853547e-20 10011111110100010000110001101001 

x1, x2 = 10000000101100000010010100101111 00100000010000000000000000000000
-9.946722e-20 10011111111010101101110000111111 
-9.946721e-20 10011111111010101101110000111101 

x1, x2 = 10000000101100100110000001001100 10100000010000000000000000000000
1.007270e-19 00011111111011011101010110111011 
1.007270e-19 00011111111011011101010110111001 

x1, x2 = 10000000101101100111000111110111 10100000010000000000000000000000
1.030247e-19 00011111111100110100001010011111 
1.030247e-19 00011111111100110100001010011101 

x1, x2 = 10000000101011111100000000010011 10100000010000000000000000000000
9.924419e-20 00011111111010100101010101101111 
9.924418e-20 00011111111010100101010101101101 

x1, x2 = 00000000100100001000111100001100 00100000110000000000000000000000
4.081535e-20 00011111010000001011111010111011 
4.081534e-20 00011111010000001011111010111001 

x1, x2 = 00000000100110001100101001101000 10100000110000000000000000000000
-4.313957e-20 10011111010010111011100010001011 
-4.313957e-20 10011111010010111011100010001001 

x1, x2 = 00000000110000000000000000000000 00100001000001110010000001001010
3.851343e-20 00011111001101011101111111100001 
3.851342e-20 00011111001101011101111111011111 

x1, x2 = 00000000100010101101111111001101 10100001010000000000000000000000
-1.960517e-20 10011110101110010010101001100111 
-1.960517e-20 10011110101110010010101001100101 

x1, x2 = 00000000100010110010110011101100 10100001010000000000000000000000
-1.964770e-20 10011110101110011001000100111011 
-1.964770e-20 10011110101110011001000100111001 

x1, x2 = 10000000100011100011111111100101 00100001010000000000000000000000
-2.008168e-20 10011110101111011010101010000111 
-2.008168e-20 10011110101111011010101010000101 

x1, x2 = 10000000101000011010000110100110 10100001010000000000000000000000
2.281786e-20 00011110110101111000001000110011 
2.281786e-20 00011110110101111000001000110001 

x1, x2 = 10000000101000000000010001111110 10100001010000000000000000000000
2.259002e-20 00011110110101010101101101010011 
2.259002e-20 00011110110101010101101101010001 

x1, x2 = 10000000101100100000001011101111 10100001001000011100000010100001
2.982960e-20 00011111000011001101110111000101 
2.982959e-20 00011111000011001101110111000011 

x1, x2 = 00000000100101010100001011111001 10100001110000000000000000000000
-1.053579e-20 10011110010001110000001111110111 
-1.053579e-20 10011110010001110000001111110101 

x1, x2 = 00000000100101000001000111110010 10100001110000000000000000000000
-1.045169e-20 10011110010001010110110101000011 
-1.045169e-20 10011110010001010110110101000001 

x1, x2 = 10000000101111010001100010011110 10100001110000000000000000000000
1.334756e-20 00011110011111000010000011010011 
1.334756e-20 00011110011111000010000011010001 

x1, x2 = 00000000100011100010111011111111 10100010010000000000000000000000
-5.018091e-21 10011101101111011001001111111111 
-5.018090e-21 10011101101111011001001111111101 

x1, x2 = 10000000101110010101010100111000 00100010010000000000000000000000
-6.540961e-21 10011101111101110001110001001011 
-6.540960e-21 10011101111101110001110001001001 

x1, x2 = 10000000101010100110011010011100 10100010010000000000000000000000
6.013963e-21 00011101111000110011001101111011 
6.013962e-21 00011101111000110011001101111001 

x1, x2 = 10000000101100010011110011100000 10100010010000000000000000000000
6.255260e-21 00011101111011000101000100101011 
6.255260e-21 00011101111011000101000100101001 

x1, x2 = 00000000101101001001101011010000 00100010110000000000000000000000
3.187045e-21 00011101011100001100111001101011 
3.187045e-21 00011101011100001100111001101001 

x1, x2 = 00000000110111111111111111111111 10100010100100010010000001100011
-5.229516e-21 10011101110001011001000011001000 
-5.229516e-21 10011101110001011001000011000110 

x1, x2 = 00000000101001011000101110100110 10100010110000000000000000000000
-2.921302e-21 10011101010111001011101000110011 
-2.921302e-21 10011101010111001011101000110001 

x1, x2 = 00000000100011010100000011000001 10100010110000000000000000000000
-2.492623e-21 10011101001111000101011001010111 
-2.492623e-21 10011101001111000101011001010101 

x1, x2 = 00000000101000001101111001001001 10100010110000000000000000000000
-2.838766e-21 10011101010101100111110110110111 
-2.838765e-21 10011101010101100111110110110101 

x1, x2 = 10000000101101111000100011111101 00100010110000000000000000000000
-3.238756e-21 10011101011101001011011010100111 
-3.238756e-21 10011101011101001011011010100101 

x1, x2 = 10000000101111110111000011101100 00100010110000000000000000000000
-3.378269e-21 10011101011111110100000100111011 
-3.378269e-21 10011101011111110100000100111001 

x1, x2 = 10000000100100111000011000010010 10100010110000000000000000000000
2.603280e-21 00011101010001001011001011000011 
2.603280e-21 00011101010001001011001011000001 

x1, x2 = 00000000100001110110011011010001 10100011010000000000000000000000
-1.194684e-21 10011100101101001000100100010111 
-1.194684e-21 10011100101101001000100100010101 

x1, x2 = 10000000101101001000000100101111 10100011010000000000000000000000
1.592639e-21 00011100111100001010110000111111 
1.592639e-21 00011100111100001010110000111101 

x1, x2 = 00000000101011000001001001010101 00100011110000000000000000000000
7.591163e-22 00011100011001010110110111000111 
7.591162e-22 00011100011001010110110111000101 

x1, x2 = 00000000101010111100110000101001 00100011110000000000000000000000
7.579070e-22 00011100011001010001000000110111 
7.579069e-22 00011100011001010001000000110101 

x1, x2 = 00000000100101110011011001110000 10100011110000000000000000000000
-6.670942e-22 10011100010010011001110111101011 
-6.670942e-22 10011100010010011001110111101001 

x1, x2 = 10000000100100110101100010001110 00100011110000000000000000000000
-6.500357e-22 10011100010001000111011000010011 
-6.500356e-22 10011100010001000111011000010001 

x1, x2 = 10000000100010110011100100101110 00100011100100100000111110000000
-8.073828e-22 10011100011101000000010000111000 
-8.073827e-22 10011100011101000000010000110110 

x1, x2 = 10000000100110101000111111010100 00100011110000000000000000000000
-6.818696e-22 10011100010011100001010100011011 
-6.818695e-22 10011100010011100001010100011001 

x1, x2 = 10000000100001111011100101100000 10100011110000000000000000000000
5.987646e-22 00011100001101001111011100101011 
5.987645e-22 00011100001101001111011100101001 

x1, x2 = 00000000100011111011011010110010 00100100010000000000000000000000
3.170057e-22 00011011101111111001111001000011 
3.170057e-22 00011011101111111001111001000001 

x1, x2 = 00000000100100111010010110011000 10100100010000000000000000000000
-3.256816e-22 10011011110001001101110011001011 
-3.256816e-22 10011011110001001101110011001001 

x1, x2 = 10000000101110100100000100011011 10100100010000000000000000000000
4.108426e-22 00011011111110000101011011001111 
4.108425e-22 00011011111110000101011011001101 

x1, x2 = 10000000101111000001001100010001 10100100110000000000000000000000
2.074287e-22 00011011011110101100010000010111 
2.074287e-22 00011011011110101100010000010101 

x1, x2 = 10000000101010101111100001010010 10100101010000000000000000000000
9.428205e-23 00011010111000111111010111000011 
9.428204e-23 00011010111000111111010111000001 

x1, x2 = 00000000100000000000000000000001 00100101100001001000111110011100
5.111809e-23 00011010011101110011000100100011 
5.111809e-23 00011010011101110011000100100001 

x1, x2 = 00000000100000100001100100011110 00100101110000000000000000000000
3.587155e-23 00011010001011010111011011010011 
3.587154e-23 00011010001011010111011011010001 

x1, x2 = 10000000101110010101011011000100 00100101110000000000000000000000
-5.110292e-23 10011010011101110001111001011011 
-5.110292e-23 10011010011101110001111001011001 

x1, x2 = 10000000100111100110001000011110 10100101101011011100101001001100
4.824633e-23 00011010011010010100111000010000 
4.824634e-23 00011010011010010100111000010010 

x1, x2 = 10000000100111101011100000010001 10100101110000000000000000000000
4.376310e-23 00011010010100111010000000010111 
4.376309e-23 00011010010100111010000000010101 

INFO: [Common 17-41] Interrupt caught. Command should exit soon.
x1, x2 = 00000000100100100111011100011111 00100110010000000000000000000000
2.019221e-23 00011001110000110100100101111111 
2.019221e-23 00011001110000110100100101111101 

x1, x2 = 00000000101000100010100110111101 10100110010000000000000000000000
-2.235635e-23 10011001110110000011011110100111 
-2.235635e-23 10011001110110000011011110100101 

x1, x2 = 10000000100000000000000000000001 00100110000010010111111101001000
-2.464146e-23 10011001111011100101000101010000 
-2.464146e-23 10011001111011100101000101001110 

x1, x2 = 10000000101000101010000100010101 00100110010000000000000000000000
-2.242062e-23 10011001110110001101011011000111 
-2.242062e-23 10011001110110001101011011000101 

x1, x2 = 10000000100111111001000110110101 10100110010000000000000000000000
2.199875e-23 00011001110101001100001001000111 
2.199875e-23 00011001110101001100001001000101 

x1, x2 = 10000000100011011111110001001010 10100110010000000000000000000000
1.957461e-23 00011001101111010101000001100011 
1.957461e-23 00011001101111010101000001100001 

x1, x2 = 00000000100000000000000000000010 00100110101011001000111001101000
9.817471e-24 00011001001111011110010111000100 
9.817470e-24 00011001001111011110010111000010 

x1, x2 = 10000000101011010110100101101001 00100110110000000000000000000000
-1.195357e-23 10011001011001110011011100110111 
-1.195357e-23 10011001011001110011011100110101 

x1, x2 = 10000000100001010000101110100111 00100110110000000000000000000000
-9.171056e-24 10011001001100010110010011011111 
-9.171055e-24 10011001001100010110010011011101 

x1, x2 = 10000000101011000101111110100001 00100110110000000000000000000000
-1.188200e-23 10011001011001011101010011010111 
-1.188200e-23 10011001011001011101010011010101 

x1, x2 = 10000000101011011100100001011000 10100110110000000000000000000000
1.197913e-23 00011001011001111011010111001011 
1.197913e-23 00011001011001111011010111001001 

x1, x2 = 00000000100111010011001100110001 00100111010000000000000000000000
5.418032e-24 00011000110100011001100110010111 
5.418031e-24 00011000110100011001100110010101 

x1, x2 = 00000000101010010101100011110000 00100111010000000000000000000000
5.836704e-24 00011000111000011100101111101011 
5.836703e-24 00011000111000011100101111101001 

x1, x2 = 00000000100000000000000000000001 10100111000010000000000001011011
-6.228121e-24 10011000111100001111000001010010 
-6.228120e-24 10011000111100001111000001010000 

x1, x2 = 00000000101010110101100101010001 10100111010000000000000000000000
-5.905687e-24 10011000111001000111011100010111 
-5.905686e-24 10011000111001000111011100010101 

x1, x2 = 10000000101010101000010111111011 00100111010000000000000000000000
-5.877234e-24 10011000111000110101110101001111 
-5.877233e-24 10011000111000110101110101001101 

x1, x2 = 10000000101000100001011101000101 10100111010000000000000000000000
5.586602e-24 00011000110110000001111100000111 
5.586601e-24 00011000110110000001111100000101 

x1, x2 = 10000000101010100010011001011011 10100111010000000000000000000000
5.864360e-24 00011000111000101101110111001111 
5.864359e-24 00011000111000101101110111001101 

x1, x2 = 00000000100100000001111010101101 10100111110000000000000000000000
-2.483607e-24 10011000010000000010100011100111 
-2.483606e-24 10011000010000000010100011100101 

x1, x2 = 00000000101111001101111011011011 10100111110000000000000000000000
-3.254793e-24 10011000011110111101001111001111 
-3.254792e-24 10011000011110111101001111001101 

x1, x2 = 00000000101010001101000011000100 00101000010000000000000000000000
1.454593e-24 00010111111000010001011001011011 
1.454593e-24 00010111111000010001011001011001 

x1, x2 = 00000000101000100101011110110000 00101000010000000000000000000000
1.398819e-24 00010111110110000111010011101011 
1.398819e-24 00010111110110000111010011101001 

x1, x2 = 00000000101000110101101111010010 00101000010000000000000000000000
1.407574e-24 00010111110110011100111111000011 
1.407574e-24 00010111110110011100111111000001 

x1, x2 = 00000000101010000101100110110100 10101000010000000000000000000000
-1.450585e-24 10010111111000000111011110011011 
-1.450585e-24 10010111111000000111011110011001 

x1, x2 = 00000000101001011111111110101101 10101000010000000000000000000000
-1.430322e-24 10010111110111010101010011100111 
-1.430322e-24 10010111110111010101010011100101 

x1, x2 = 10000000100001100111100001101100 00101000010000000000000000000000
-1.158659e-24 10010111101100110100101100111011 
-1.158659e-24 10010111101100110100101100111001 

x1, x2 = 10000000100000000000000000000010 10101000000000011111110001100001
1.629087e-24 00010111111111000001011011001011 
1.629087e-24 00010111111111000001011011001001 

x1, x2 = 10000000101001111001001100000000 10101000010000000000000000000000
1.443897e-24 00010111110111110110111010101011 
1.443897e-24 00010111110111110110111010101001 

x1, x2 = 10000000100101110101111011100111 10101000010000000000000000000000
1.304280e-24 00010111110010011101001111011111 
1.304280e-24 00010111110010011101001111011101 

x1, x2 = 00000000100000001101101110110001 10101000110000000000000000000000
-5.551509e-25 10010111001010111100111110010111 
-5.551509e-25 10010111001010111100111110010101 

x1, x2 = 00000000101011100100011001101010 10101000110000000000000000000000
-7.508174e-25 10010111011010000101110111100011 
-7.508173e-25 10010111011010000101110111100001 

x1, x2 = 10000000100000000000000000000001 00101000100000100000000100110001
-8.144257e-25 10010111011111000000110101110100 
-8.144256e-25 10010111011111000000110101110010 

x1, x2 = 10000000101000010001111111111000 10101000110000000000000000000000
6.941634e-25 00010111010101101101010101001011 
6.941633e-25 00010111010101101101010101001001 

x1, x2 = 10000000100101101100001001001110 10101000110000000000000000000000
6.495048e-25 00010111010010010000001100010011 
6.495047e-25 00010111010010010000001100010001 

x1, x2 = 00000000100011101100111010011011 00101001010000000000000000000000
3.076230e-25 00010110101111100110100011001111 
3.076229e-25 00010110101111100110100011001101 

x1, x2 = 10000000101100010011011011000010 00101001010000000000000000000000
-3.817393e-25 10010110111011000100100100000011 
-3.817393e-25 10010110111011000100100100000001 

x1, x2 = 10000000101100000110001001111001 00101001010000000000000000000000
-3.799530e-25 10010110111010110010110111110111 
-3.799530e-25 10010110111010110010110111110101 

x1, x2 = 10000000100100000000111011100111 10101001010000000000000000000000
3.103181e-25 00010110110000000001001111011111 
3.103181e-25 00010110110000000001001111011101 

x1, x2 = 00000000101100101111010000011000 00101001110000000000000000000000
1.927433e-25 00010110011011101001101011001011 
1.927433e-25 00010110011011101001101011001001 

x1, x2 = 10000000100011000100011101111111 00101001110000000000000000000000
-1.510889e-25 10010110001110110000100111111111 
-1.510889e-25 10010110001110110000100111111101 

x1, x2 = 10000000100001010011001000001011 10101001110000000000000000000000
1.434593e-25 00010110001100011001100000001111 
1.434592e-25 00010110001100011001100000001101 

x1, x2 = 00000000101110111110000100010110 10101010010000000000000000000000
-1.011784e-25 10010101111110101000000101110011 
-1.011784e-25 10010101111110101000000101110001 

x1, x2 = 10000000100000000000000000000001 00101010000001001001000100101100
-9.983543e-26 10010101111101110010111000111001 
-9.983542e-26 10010101111101110010111000110111 

x1, x2 = 00000000100001011010101111111101 00101010110000000000000000000000
3.599308e-26 00010101001100100011101010100111 
3.599308e-26 00010101001100100011101010100101 

x1, x2 = 10000000100000000000000000000010 00101010101100100110111011100011
-3.708642e-26 10010101001101111010010010011111 
-3.708641e-26 10010101001101111010010010011101 

x1, x2 = 10000000100111101110111110010100 00101010110000000000000000000000
-4.279579e-26 10010101010100111110101000011011 
-4.279578e-26 10010101010100111110101000011001 

x1, x2 = 10000000100000000000000000000010 10101010100000011110000000010101
5.095230e-26 00010101011111000100110110110111 
5.095229e-26 00010101011111000100110110110101 

x1, x2 = 10000000101110111110100000100100 10101010110000000000000000000000
5.059663e-26 00010101011110101000101011011011 
5.059663e-26 00010101011110101000101011011001 

x1, x2 = 00000000101110100010010000100011 00101011010000000000000000000000
2.506061e-26 00010100111110000011000000101111 
2.506060e-26 00010100111110000011000000101101 

x1, x2 = 00000000101110000101101110110100 00101011010000000000000000000000
2.482056e-26 00010100111101011100111110011011 
2.482056e-26 00010100111101011100111110011001 

x1, x2 = 00000000100110000000100101110010 10101011010000000000000000000000
-2.046907e-26 10010100110010101011011101000011 
-2.046907e-26 10010100110010101011011101000001 

x1, x2 = 00000000100010110010010011001101 10101011010000000000000000000000
-1.873324e-26 10010100101110011000011001100111 
-1.873324e-26 10010100101110011000011001100101 

x1, x2 = 10000000100010110110111101100001 00101011010000000000000000000000
-1.877246e-26 10010100101110011110100111010111 
-1.877246e-26 10010100101110011110100111010101 

x1, x2 = 10000000101001001000000110110001 00101011010000000000000000000000
-2.214790e-26 10010100110110110101011110010111 
-2.214789e-26 10010100110110110101011110010101 

x1, x2 = 00000000101110001100100010101010 10101011110000000000000000000000
-1.243893e-26 10010100011101100110000011100011 
-1.243893e-26 10010100011101100110000011100001 

x1, x2 = 10000000100010001010100100001001 10101011110000000000000000000000
9.199442e-27 00010100001101100011011010110111 
9.199441e-27 00010100001101100011011010110101 

x1, x2 = 00000000100000000110101011111011 00101100010000000000000000000000
4.322298e-27 00010011101010110011100101001111 
4.322297e-27 00010011101010110011100101001101 

x1, x2 = 00000000100100001101101001111011 10101100010000000000000000000000
-4.875487e-27 10010011110000010010001101001111 
-4.875486e-27 10010011110000010010001101001101 

x1, x2 = 10000000101010000111011010001011 00101100010000000000000000000000
-5.670141e-27 10010011111000001001111000001111 
-5.670140e-27 10010011111000001001111000001101 

INFO: [Common 17-344] 'run' was cancelled
exit
INFO: [Common 17-206] Exiting xsim at Wed Oct 31 12:00:04 2018...
