#-----------------------------------------------------------
# xsim v2017.4 (64-bit)
# SW Build 2086221 on Fri Dec 15 20:54:30 MST 2017
# IP Build 2085800 on Fri Dec 15 22:25:07 MST 2017
# Start of session at: Fri Feb 15 19:11:15 2019
# Process ID: 11521
# Current directory: /home/tansei/Desktop/186cpu/fpu/FLE
# Command line: xsim -mode tcl -source {xsim.dir/test_flt.sim/xsim_script.tcl}
# Log file: /home/tansei/Desktop/186cpu/fpu/FLE/xsim.log
# Journal file: /home/tansei/Desktop/186cpu/fpu/FLE/xsim.jou
#-----------------------------------------------------------
source xsim.dir/test_flt.sim/xsim_script.tcl
# xsim {test_flt.sim} -autoloadwcfg -runall
Vivado Simulator 2017.4
Time resolution is 1 ps
run -all
INFO: [Common 17-41] Interrupt caught. Command should exit soon.
run: Time (s): cpu = 00:00:00.02 ; elapsed = 00:00:30 . Memory (MB): peak = 1247.012 ; gain = 8.004 ; free physical = 10935 ; free virtual = 31012
INFO: [Common 17-344] 'run' was cancelled
exit
INFO: [Common 17-41] Interrupt caught. Command should exit soon.
INFO: [Common 17-206] Exiting xsim at Fri Feb 15 19:12:15 2019...
