#-----------------------------------------------------------
# xsim v2017.4 (64-bit)
# SW Build 2086221 on Fri Dec 15 20:54:30 MST 2017
# IP Build 2085800 on Fri Dec 15 22:25:07 MST 2017
# Start of session at: Tue Dec 18 00:36:07 2018
# Process ID: 31053
# Current directory: /home/tansei/Desktop/186cpu/fpu/ITOF
# Command line: xsim -mode tcl -source {xsim.dir/test_itof.sim/xsim_script.tcl}
# Log file: /home/tansei/Desktop/186cpu/fpu/ITOF/xsim.log
# Journal file: /home/tansei/Desktop/186cpu/fpu/ITOF/xsim.jou
#-----------------------------------------------------------
source xsim.dir/test_itof.sim/xsim_script.tcl
# xsim {test_itof.sim} -autoloadwcfg -runall
Vivado Simulator 2017.4
Time resolution is 1 ps
run -all
x = xxxxxxxxxxxxxxxxxxxxxxxxxxxxxxxx 
xxxxxxxxxxxxxxxxxxxxxxxxxxxxxxxx 

x = 00010010000101010011010100100100 
01001101110010000101010011010100 

x = 11000000100010010101111010000001 
11001110000000010001001010111101 

x = 10000100100001001101011000001001 
11001110100001001000010011010110 

x = 10110001111100000101011001100011 
11001110101100011111000001010110 

x = 00000110101110010111101100001101 
01001100111010111001011110110000 

x = 01000110110111111001100110001101 
01001110110001101101111110011001 

x = 10110010110000101000010001100101 
11001110101100101100001010000100 

x = 10001001001101110101001000010010 
11001110100010010011011101010010 

x = 00000000111100111110001100000001 
01001011011110011111000110000000 

x = 00000110110101111100110100001101 
01001100111011010111110011010000 

x = 00111011001000111111000101110110 
01001110011101100100011111100010 

x = 00011110100011011100110100111101 
01001101111110100011011100110100 

x = 01110110110101000101011111101101 
01001110111101101101010001010111 

x = 01000110001011011111011110001100 
01001110110001100010110111110111 

x = 01111100111111011110100111111001 
01001110111111001111110111101001 

x = 11100011001101110010010011000110 
11001101100011001101110010010011 

x = 11100010111101111000010011000101 
11001101100010111101111000010011 

x = 11010101000100111101001010101010 
11001110001010100010011110100101 

x = 01110010101011111111011111100101 
01001110111100101010111111110111 

x = 10111011110100100111001001110111 
11001110101110111101001001110010 

x = 10001001001100101101011000010010 
11001110100010010011001011010110 

x = 01000111111011001101101110001111 
01001110110001111110110011011011 

x = 01111001001100000110100111110010 
01001110111110010011000001101001 

x = 11100111011101101001011011001110 
11001101100111011101101001011011 

x = 11110100000000000111101011101000 
11001101001000000000001111010111 

x = 11100010110010100100111011000101 
11001101100010110010100100111011 

x = 00101110010110000100100101011100 
01001110010111001011000010010010 

x = 11011110100011100010100010111101 
11001110001111010001110001010001 

x = 10010110101010110101100000101101 
11001110100101101010101101011000 

x = 10110010101001110010011001100101 
11001110101100101010011100100110 

x = 10110001111011110110001001100011 
11001110101100011110111101100010 

x = 00000101011100111000011100001010 
01001100110101110011100001110000 

x = 11000000001110110010001010000000 
11001110000000000111011001000101 

x = 00010000011001000010000100100000 
01001101110000011001000010000100 

x = 01010101011110000100010110101010 
01001110110101010111100001000101 

x = 11001110110011001100110010011101 
11001110000111011001100110011001 

x = 11001011001000000011111010010110 
11001110000101100100000001111101 

x = 10001001100000111011100000010011 
11001110100010011000001110111000 

x = 10000110101111000011100000001101 
11001110100001101011110000111000 

x = 10101001101001111101011001010011 
11001110101010011010011111010110 

x = 00110101100111111101110101101011 
01001110011010110011111110111010 

x = 11101010101001100010101011010101 
11001101101010101001100010101011 

x = 10000001000101110100101000000010 
11001110100000010001011101001010 

x = 11010111010101100011111010101110 
11001110001011101010110001111101 

x = 00001110111111111110100100011101 
01001101011101111111111101001000 

x = 11100111110001010111001011001111 
11001101100111110001010111001011 

x = 00010001100001000100100100100011 
01001101110001100001000100100100 

x = 00000101000010010110010100001010 
01001100110100001001011001010000 

x = 11100101011100110000101011001010 
11001101100101011100110000101011 

x = 10011110001100010100110000111100 
11001110100111100011000101001100 

x = 01111001011010001011110111110010 
01001110111110010110100010111101 

x = 01000101001011100110000110001010 
01001110110001010010111001100001 

x = 00100000110001001011001101000001 
01001110010000011000100101100110 

x = 11101100010010110011010011011000 
11001101101100010010110011010011 

x = 00111100001000001111001101111000 
01001110011110000100000111100110 

x = 11000100100010100001001010001001 
11001110000010010001010000100101 

x = 01110101110001010000110111101011 
01001110111101011100010100001101 

x = 01011011000000100110010110110110 
01001110110110110000001001100101 

x = 01100011010010111111100111000110 
01001110111000110100101111111001 

x = 01010111000101010001001110101110 
01001110110101110001010100010011 

x = 11011110011101010000001010111100 
11001110001111001110101000000101 

x = 00010101000011111101110100101010 
01001101110101000011111101110100 

x = 10000101110101111001101000001011 
11001110100001011101011110011010 

x = 10111000100101111011111001110001 
11001110101110001001011110111110 

x = 01000010111100100100000110000101 
01001110110000101111001001000001 

x = 00100111111100100101010101001111 
01001110010011111110010010101010 

x = 10011101110011000110000000111011 
11001110100111011100110001100000 

x = 00011101000001100011001100111010 
01001101111101000001100011001100 

x = 10111111001000110011001001111110 
11001110101111110010001100110010 

x = 00001010101010100100101100010101 
01001101010101010101001001011000 

x = 01111000110110011001101111110001 
01001110111110001101100110011011 

x = 01101100100111000100101111011001 
01001110111011001001110001001011 

x = 00110001001000110000011101100010 
01001110011000100100011000001110 

x = 00100110001101011111101101001100 
01001110010011000110101111110110 

x = 01001111101000010101010110011111 
01001110110011111010000101010101 

x = 01000111101110011010000110001111 
01001110110001111011100110100001 

x = 01111100011011011010100111111000 
01001110111111000110110110101001 

x = 11011011110011010110000010110111 
11001110001101111001101011000001 

x = 11001111110001000101011010011111 
11001110000111111000100010101101 

x = 10101110011111011001010001011100 
11001110101011100111110110010100 

x = 10101101110010111100000001011011 
11001110101011011100101111000000 

x = 01000100110111100011011110001001 
01001110110001001101111000110111 

x = 10100100101011100011001001001001 
11001110101001001010111000110010 

x = 11101000001000110011111011010000 
11001101101000001000110011111011 

x = 11101011111111101100000011010111 
11001101101011111111101100000011 

x = 10101000110001111111110001010001 
11001110101010001100011111111100 

x = 01001011001000010010111110010110 
01001110110010110010000100101111 

x = 00000110000111010111111100001100 
01001100111000011101011111110000 

x = 11100001001011001100111011000010 
11001101100001001011001100111011 

x = 01100100010101111110110111001000 
01001110111001000101011111101101 

x = 10111011100000100101101001110111 
11001110101110111000001001011010 

x = 00011110111100101110110100111101 
01001101111110111100101110110100 

x = 00001001000011001101101100010010 
01001101010010000110011011011000 

x = 10111111000001010000000001111110 
11001110101111110000010100000000 

x = 00110110111001011000000101101101 
01001110011011011100101100000010 

x = 00011100110110011110011100111001 
01001101111100110110011110011100 

x = 00001111110100101000111100011111 
01001101011111101001010001111000 

x = 11101001111010111111011011010011 
11001101101001111010111111011011 

x = 01000010110110010010111110000101 
01001110110000101101100100101111 

x = 10111100000101001000100001111000 
11001110101111000001010010001000 

x = 00101101110110100101100101011011 
01001110010110111011010010110010 

x = 00100100100010110100101101001001 
01001110010010010001011010010110 

x = 10011111111100101010111000111111 
11001110100111111111001010101110 

x = 00010101000011001010111100101010 
01001101110101000011001010111100 

x = 00101100000101010110001101011000 
01001110010110000010101011000110 

x = 11000011001111110011100010000110 
11001110000001100111111001110001 

x = 11000111000110100000110010001110 
11001110000011100011010000011001 

x = 11001110001011111111001010011100 
11001110000111000101111111100101 

x = 01111101001101011001100111111010 
01001110111111010011010110011001 

x = 10010011011111011011110000100110 
11001110100100110111110110111100 

x = 00111001100101100001011101110011 
01001110011100110010110000101110 

x = 11010001100010111011010010100011 
11001110001000110001011101101001 

x = 10010111100110011010100000101111 
11001110100101111001100110101000 

x = 11011001110100101001001010110011 
11001110001100111010010100100101 

x = 10101111110110000101011001011111 
11001110101011111101100001010110 

x = 00100010001010010000110101000100 
01001110010001000101001000011010 

x = 01111011111110001111110111110111 
01001110111110111111100011111101 

x = 11100101100110110011011011001011 
11001101100101100110110011011011 

x = 11110011000010010001101011100110 
11001101000110000100100011010111 

x = 00101101001010001101101101011010 
01001110010110100101000110110110 

x = 00010100110011111100000100101001 
01001101110100110011111100000100 

x = 11110110100000101110001011101101 
11001101001101000001011100010111 

x = 11101101010100110110110011011010 
11001101101101010100110110110011 

x = 10110010100111111011011001100101 
11001110101100101001111110110110 

x = 11011010100010101110001010110101 
11001110001101010001010111000101 

x = 11101111101111101001010011011111 
11001101101111101111101001010011 

x = 00111100111100010001100101111001 
01001110011110011110001000110010 

x = 00100010001100011111111101000100 
01001110010001000110001111111110 

x = 11101000011101000000110011010000 
11001101101000011101000000110011 

x = 00010101000010010000101100101010 
01001101110101000010010000101100 

x = 01010101111101101010110110101011 
01001110110101011111011010101101 

x = 00000111011011111100111100001110 
01001100111101101111110011110000 

x = 01101110010111011010110111011100 
01001110111011100101110110101101 

x = 11001101010111101011110010011010 
11001110000110101011110101111001 

x = 11111110110111110111001011111101 
11001011101101111101110010111111 

x = 11100001111100010000001011000011 
11001101100001111100010000001011 

x = 00101011000011101110110101010110 
01001110010101100001110111011010 

x = 00100111011110011110100101001110 
01001110010011101111001111010010 

x = 10110011110110010111011001100111 
11001110101100111101100101110110 

x = 10000101001100010011010000001010 
11001110100001010011000100110100 

x = 01011011011011111011100110110110 
01001110110110110110111110111001 

x = 10011100000011101000101000111000 
11001110100111000000111010001010 

x = 00111100110100011000011101111001 
01001110011110011010001100001110 

x = 11011100001010111100010010111000 
11001110001110000101011110001001 

x = 01001010011101001011111110010100 
01001110110010100111010010111111 

x = 01001001110001100101110110010011 
01001110110010011100011001011101 

x = 10000010001111110010110000000100 
11001110100000100011111100101100 

x = 10101100101101111100101001011001 
11001110101011001011011111001010 

x = 01101101110010110110100111011011 
01001110111011011100101101101001 

x = 10100110111111001101111001001101 
11001110101001101111110011011110 

x = 01101100101100001011011111011001 
01001110111011001011000010110111 

x = 10110110101001000010011001101101 
11001110101101101010010000100110 

x = 10111011010001011110001001110110 
11001110101110110100010111100010 

x = 01100101001110110100100111001010 
01001110111001010011101101001001 

x = 01011011000101110010110110110110 
01001110110110110001011100101101 

x = 01001010100100110111000110010101 
01001110110010101001001101110001 

x = 10100011000001110001101001000110 
11001110101000110000011100011010 

x = 00000010011101001001101100000100 
01001100010011101001001101100000 

x = 01111011110100100110000111110111 
01001110111110111101001001100001 

x = 00110100100110000000011101101001 
01001110011010010011000000001110 

x = 11011010011011101011101010110100 
11001110001101001101110101110101 

x = 01000100000000011000110110001000 
01001110110001000000000110001101 

x = 00010100011111001101100100101000 
01001101110100011111001101100100 

x = 10010110100100000000010000101101 
11001110100101101001000000000100 

x = 11100011110001010011000011000111 
11001101100011110001010011000011 

x = 10010111010111001001110000101110 
11001110100101110101110010011100 

x = 10000100011101111110010000001000 
11001110100001000111011111100100 

x = 00001110010000010100010100011100 
01001101011100100000101000101000 

x = 11111110101001111010011011111101 
11001011101010011110100110111111 

x = 00010100100111100000011100101001 
01001101110100100111100000011100 

x = 10001110001101111001000000011100 
11001110100011100011011110010000 

x = 01000011001101010110011110000110 
01001110110000110011010101100111 

x = 11101101001101000000100011011010 
11001101101101001101000000100011 

x = 10011110101101111100011000111101 
11001110100111101011011111000110 

x = 00110011010011101010011101100110 
01001110011001101001110101001110 

x = 10111000010101011100010001110000 
11001110101110000101010111000100 

x = 10111001111101010000010001110011 
11001110101110011111010100000100 

x = 01011101011100011001100110111010 
01001110110111010111000110011001 

x = 00101111001110101011001101011110 
01001110010111100111010101100110 

x = 01111101010001110111100111111010 
01001110111111010100011101111001 

x = 01101010100011100000010111010101 
01001110111010101000111000000101 

x = 10001101001001001111011000011010 
11001110100011010010010011110110 

x = 11011100111100000000000010111001 
11001110001110011110000000000001 

x = 00011011100001110110000100110111 
01001101111011100001110110000100 

x = 01001011001001110011011110010110 
01001110110010110010011100110111 

x = 01100000001110010010000111000000 
01001110111000000011100100100001 

x = 00010011001001011001111100100110 
01001101110011001001011001111100 

x = 11011011010001100001101010110110 
11001110001101101000110000110101 

x = 00111110100110011000001101111101 
01001110011111010011001100000110 

x = 01101110010111110000111111011100 
01001110111011100101111100001111 

x = 01000011011000010101011110000110 
01001110110000110110000101010111 

x = 00111100000000111111111101111000 
01001110011110000000011111111110 

x = 00111111010110101001101101111110 
01001110011111101011010100110110 

x = 11101101100011011000000011011011 
11001101101101100011011000000011 

x = 11100111110000111011011011001111 
11001101100111110000111011011011 

x = 00111100111011010010101101111001 
01001110011110011101101001010110 

x = 11111101001010001110010011111010 
11001100001001010001110010011111 

x = 10110000101111001110111001100001 
11001110101100001011110011101110 

x = 00001011100101000000100100010111 
01001101010111001010000001001000 

x = 11010000111101010111100010100001 
11001110001000011110101011110001 

x = 01000011011101111001000110000110 
01001110110000110111011110010001 

x = 10101000011000111001011001010000 
11001110101010000110001110010110 

x = 01111010100011000101100111110101 
01001110111110101000110001011001 

x = 10011010101101001000100000110101 
11001110100110101011010010001000 

x = 10010100100110101000101000101001 
11001110100101001001101010001010 

x = 01100000101100010111010111000001 
01001110111000001011000101110101 

x = 11100010111001010111010011000101 
11001101100010111001010111010011 

x = 11001100000000011011010010011000 
11001110000110000000001101101001 

x = 00100101101100100111101101001011 
01001110010010110110010011110110 

x = 10111001100011000100001001110011 
11001110101110011000110001000010 

x = 11110110001000101110011011101100 
11001101001100010001011100110111 

x = 11000101010100000001011010001010 
11001110000010101010000000101101 

x = 00100111010110001101000101001110 
01001110010011101011000110100010 

x = 11010100010010111000000010101000 
11001110001010001001011100000001 

x = 01010100100111101111110110101001 
01001110110101001001111011111101 

x = 11010000110010101000110010100001 
11001110001000011001010100011001 

x = 00000111000010111011100100001110 
01001100111100001011101110010000 

x = 11110011001101000110011011100110 
11001101000110011010001100110111 

x = 11001111110101101100000010011111 
11001110000111111010110110000001 

x = 00010101001011111011010100101010 
01001101110101001011111011010100 

x = 00010101010110100001110100101010 
01001101110101010110100001110100 

x = 11000110101101011111010010001101 
11001110000011010110101111101001 

x = 01001111011101011111111110011110 
01001110110011110111010111111111 

x = 10011100011011011110011000111000 
11001110100111000110110111100110 

x = 10111100110011111010100001111001 
11001110101111001100111110101000 

x = 01100100011001001110001111001000 
01001110111001000110010011100011 

x = 01100101001000110100010111001010 
01001110111001010010001101000101 

x = 00001001111111110100000100010011 
01001101010011111111101000001000 

x = 00110101101000001100100101101011 
01001110011010110100000110010010 

x = 11100011101101111010111011000111 
11001101100011101101111010111011 

x = 01011011000010111101110110110110 
01001110110110110000101111011101 

x = 01011101000001011001110110111010 
01001110110111010000010110011101 

x = 01100010000101101010101111000100 
01001110111000100001011010101011 

x = 01011100100000101001010110111001 
01001110110111001000001010010101 

x = 01001001001011111101001110010010 
01001110110010010010111111010011 

x = 11011010001001101001101010110100 
11001110001101000100110100110101 

x = 00111111101110110011101101111111 
01001110011111110111011001110110 

x = 11000011001100111001000010000110 
11001110000001100110011100100001 

x = 01111101011011011111010111111010 
01001110111111010110110111110101 

x = 11111001001001111001010011110010 
11001100100100100111100101001111 

x = 00011001010001010010000100110010 
01001101111001010001010010000100 

x = 11011110110011100101111010111101 
11001110001111011001110010111101 

x = 01000010010011111100110110000100 
01001110110000100100111111001101 

x = 11110010010010011010010011100100 
11001101000100100100110100100111 

x = 01100101010000111100111111001010 
01001110111001010100001111001111 

x = 01010100101010000111100110101001 
01001110110101001010100001111001 

x = 11010000100101011010100010100001 
11001110001000010010101101010001 

x = 01000111011001011010100110001110 
01001110110001110110010110101001 

x = 11111101100010110110101011111011 
11001100001100010110110101011111 

x = 10000101111001010001111000001011 
11001110100001011110010100011110 

x = 11110111100000101001000011101111 
11001101001111000001010010000111 

x = 01100100110010000011110111001001 
01001110111001001100100000111101 

x = 00011011011000001110010100110110 
01001101111011011000001110010100 

exit
INFO: [Common 17-206] Exiting xsim at Tue Dec 18 00:36:34 2018...
