#-----------------------------------------------------------
# xsim v2017.4 (64-bit)
# SW Build 2086221 on Fri Dec 15 20:54:30 MST 2017
# IP Build 2085800 on Fri Dec 15 22:25:07 MST 2017
# Start of session at: Tue Dec 18 00:33:14 2018
# Process ID: 30840
# Current directory: /home/tansei/Desktop/186cpu/fpu/ITOF
# Command line: xsim -mode tcl -source {xsim.dir/test_itof.sim/xsim_script.tcl}
# Log file: /home/tansei/Desktop/186cpu/fpu/ITOF/xsim.log
# Journal file: /home/tansei/Desktop/186cpu/fpu/ITOF/xsim.jou
#-----------------------------------------------------------
source xsim.dir/test_itof.sim/xsim_script.tcl
# xsim {test_itof.sim} -autoloadwcfg -runall
Vivado Simulator 2017.4
Time resolution is 1 ps
run -all
x = xxxxxxxxxxxxxxxxxxxxxxxxxxxxxxxx 
xxxxxxxxxxxxxxxxxxxxxxxxxxxxxxxx 

x = 00010010000101010011010100100100 
10010000101010011010100100100000 

x = 11000000100010010101111010000001 
00000010001001010111101000000100 

x = 10000100100001001101011000001001 
00001001000010011010110000010010 

x = 10110001111100000101011001100011 
01100011111000001010110011000110 

x = 00000110101110010111101100001101 
11010111001011110110000110100000 

x = 01000110110111111001100110001101 
10001101101111110011001100011010 

x = 10110010110000101000010001100101 
01100101100001010000100011001010 

x = 10001001001101110101001000010010 
00010010011011101010010000100100 

x = 00000000111100111110001100000001 
11110011111000110000000100000000 

x = 00000110110101111100110100001101 
11011010111110011010000110100000 

x = 00111011001000111111000101110110 
11101100100011111100010111011000 

x = 00011110100011011100110100111101 
11110100011011100110100111101000 

x = 01110110110101000101011111101101 
11101101101010001010111111011010 

x = 01000110001011011111011110001100 
10001100010110111110111100011000 

x = 01111100111111011110100111111001 
11111001111110111101001111110010 

x = 11100011001101110010010011000110 
00011001101110010010011000110000 

x = 11100010111101111000010011000101 
00010111101111000010011000101000 

x = 11010101000100111101001010101010 
01010100010011110100101010101000 

x = 01110010101011111111011111100101 
11100101010111111110111111001010 

x = 10111011110100100111001001110111 
01110111101001001110010011101110 

x = 10001001001100101101011000010010 
00010010011001011010110000100100 

x = 01000111111011001101101110001111 
10001111110110011011011100011110 

x = 01111001001100000110100111110010 
11110010011000001101001111100100 

x = 11100111011101101001011011001110 
00111011101101001011011001110000 

x = 11110100000000000111101011101000 
01000000000001111010111010000000 

x = 11100010110010100100111011000101 
00010110010100100111011000101000 

x = 00101110010110000100100101011100 
10111001011000010010010101110000 

x = 11011110100011100010100010111101 
01111010001110001010001011110100 

x = 10010110101010110101100000101101 
00101101010101101011000001011010 

x = 10110010101001110010011001100101 
01100101010011100100110011001010 

x = 10110001111011110110001001100011 
01100011110111101100010011000110 

x = 00000101011100111000011100001010 
10101110011100001110000101000000 

x = 11000000001110110010001010000000 
00000000111011001000101000000000 

x = 00010000011001000010000100100000 
10000011001000010000100100000000 

x = 01010101011110000100010110101010 
10101010111100001000101101010100 

x = 11001110110011001100110010011101 
00111011001100110011001001110100 

x = 11001011001000000011111010010110 
00101100100000001111101001011000 

x = 10001001100000111011100000010011 
00010011000001110111000000100110 

x = 10000110101111000011100000001101 
00001101011110000111000000011010 

x = 10101001101001111101011001010011 
01010011010011111010110010100110 

x = 00110101100111111101110101101011 
11010110011111110111010110101100 

x = 11101010101001100010101011010101 
01010101001100010101011010101000 

x = 10000001000101110100101000000010 
00000010001011101001010000000100 

x = 11010111010101100011111010101110 
01011101010110001111101010111000 

x = 00001110111111111110100100011101 
11101111111111101001000111010000 

x = 11100111110001010111001011001111 
00111110001010111001011001111000 

x = 00010001100001000100100100100011 
10001100001000100100100100011000 

x = 00000101000010010110010100001010 
10100001001011001010000101000000 

x = 11100101011100110000101011001010 
00101011100110000101011001010000 

x = 10011110001100010100110000111100 
00111100011000101001100001111000 

x = 01111001011010001011110111110010 
11110010110100010111101111100100 

x = 01000101001011100110000110001010 
10001010010111001100001100010100 

x = 00100000110001001011001101000001 
10000011000100101100110100000100 

x = 11101100010010110011010011011000 
01100010010110011010011011000000 

x = 00111100001000001111001101111000 
11110000100000111100110111100000 

x = 11000100100010100001001010001001 
00010010001010000100101000100100 

x = 01110101110001010000110111101011 
11101011100010100001101111010110 

x = 01011011000000100110010110110110 
10110110000001001100101101101100 

x = 01100011010010111111100111000110 
11000110100101111111001110001100 

x = 01010111000101010001001110101110 
10101110001010100010011101011100 

x = 11011110011101010000001010111100 
01111001110101000000101011110000 

x = 00010101000011111101110100101010 
10101000011111101110100101010000 

x = 10000101110101111001101000001011 
00001011101011110011010000010110 

x = 10111000100101111011111001110001 
01110001001011110111110011100010 

x = 01000010111100100100000110000101 
10000101111001001000001100001010 

x = 00100111111100100101010101001111 
10011111110010010101010100111100 

x = 10011101110011000110000000111011 
00111011100110001100000001110110 

x = 00011101000001100011001100111010 
11101000001100011001100111010000 

x = 10111111001000110011001001111110 
01111110010001100110010011111100 

x = 00001010101010100100101100010101 
10101010101001001011000101010000 

x = 01111000110110011001101111110001 
11110001101100110011011111100010 

x = 01101100100111000100101111011001 
11011001001110001001011110110010 

x = 00110001001000110000011101100010 
11000100100011000001110110001000 

x = 00100110001101011111101101001100 
10011000110101111110110100110000 

x = 01001111101000010101010110011111 
10011111010000101010101100111110 

x = 01000111101110011010000110001111 
10001111011100110100001100011110 

x = 01111100011011011010100111111000 
11111000110110110101001111110000 

x = 11011011110011010110000010110111 
01101111001101011000001011011100 

x = 11001111110001000101011010011111 
00111111000100010101101001111100 

x = 10101110011111011001010001011100 
01011100111110110010100010111000 

x = 10101101110010111100000001011011 
01011011100101111000000010110110 

x = 01000100110111100011011110001001 
10001001101111000110111100010010 

x = 10100100101011100011001001001001 
01001001010111000110010010010010 

x = 11101000001000110011111011010000 
01000001000110011111011010000000 

x = 11101011111111101100000011010111 
01011111111101100000011010111000 

x = 10101000110001111111110001010001 
01010001100011111111100010100010 

x = 01001011001000010010111110010110 
10010110010000100101111100101100 

x = 00000110000111010111111100001100 
11000011101011111110000110000000 

x = 11100001001011001100111011000010 
00001001011001100111011000010000 

x = 01100100010101111110110111001000 
11001000101011111101101110010000 

x = 10111011100000100101101001110111 
01110111000001001011010011101110 

x = 00011110111100101110110100111101 
11110111100101110110100111101000 

x = 00001001000011001101101100010010 
10010000110011011011000100100000 

x = 10111111000001010000000001111110 
01111110000010100000000011111100 

x = 00110110111001011000000101101101 
11011011100101100000010110110100 

x = 00011100110110011110011100111001 
11100110110011110011100111001000 

x = 00001111110100101000111100011111 
11111101001010001111000111110000 

x = 11101001111010111111011011010011 
01001111010111111011011010011000 

x = 01000010110110010010111110000101 
10000101101100100101111100001010 

x = 10111100000101001000100001111000 
01111000001010010001000011110000 

x = 00101101110110100101100101011011 
10110111011010010110010101101100 

x = 00100100100010110100101101001001 
10010010001011010010110100100100 

x = 10011111111100101010111000111111 
00111111111001010101110001111110 

x = 00010101000011001010111100101010 
10101000011001010111100101010000 

x = 00101100000101010110001101011000 
10110000010101011000110101100000 

x = 11000011001111110011100010000110 
00001100111111001110001000011000 

x = 11000111000110100000110010001110 
00011100011010000011001000111000 

x = 11001110001011111111001010011100 
00111000101111111100101001110000 

x = 01111101001101011001100111111010 
11111010011010110011001111110100 

x = 10010011011111011011110000100110 
00100110111110110111100001001100 

x = 00111001100101100001011101110011 
11100110010110000101110111001100 

x = 11010001100010111011010010100011 
01000110001011101101001010001100 

x = 10010111100110011010100000101111 
00101111001100110101000001011110 

x = 11011001110100101001001010110011 
01100111010010100100101011001100 

x = 10101111110110000101011001011111 
01011111101100001010110010111110 

x = 00100010001010010000110101000100 
10001000101001000011010100010000 

x = 01111011111110001111110111110111 
11110111111100011111101111101110 

x = 11100101100110110011011011001011 
00101100110110011011011001011000 

x = 11110011000010010001101011100110 
00110000100100011010111001100000 

x = 00101101001010001101101101011010 
10110100101000110110110101101000 

x = 00010100110011111100000100101001 
10100110011111100000100101001000 

x = 11110110100000101110001011101101 
01101000001011100010111011010000 

x = 11101101010100110110110011011010 
01101010100110110110011011010000 

x = 10110010100111111011011001100101 
01100101001111110110110011001010 

x = 11011010100010101110001010110101 
01101010001010111000101011010100 

x = 11101111101111101001010011011111 
01111101111101001010011011111000 

x = 00111100111100010001100101111001 
11110011110001000110010111100100 

x = 00100010001100011111111101000100 
10001000110001111111110100010000 

x = 11101000011101000000110011010000 
01000011101000000110011010000000 

x = 00010101000010010000101100101010 
10101000010010000101100101010000 

x = 01010101111101101010110110101011 
10101011111011010101101101010110 

x = 00000111011011111100111100001110 
11101101111110011110000111000000 

x = 01101110010111011010110111011100 
11011100101110110101101110111000 

x = 11001101010111101011110010011010 
00110101011110101111001001101000 

x = 11111110110111110111001011111101 
01101111101110010111111010000000 

x = 11100001111100010000001011000011 
00001111100010000001011000011000 

x = 00101011000011101110110101010110 
10101100001110111011010101011000 

x = 00100111011110011110100101001110 
10011101111001111010010100111000 

x = 10110011110110010111011001100111 
01100111101100101110110011001110 

x = 10000101001100010011010000001010 
00001010011000100110100000010100 

x = 01011011011011111011100110110110 
10110110110111110111001101101100 

x = 10011100000011101000101000111000 
00111000000111010001010001110000 

x = 00111100110100011000011101111001 
11110011010001100001110111100100 

x = 11011100001010111100010010111000 
01110000101011110001001011100000 

x = 01001010011101001011111110010100 
10010100111010010111111100101000 

x = 01001001110001100101110110010011 
10010011100011001011101100100110 

x = 10000010001111110010110000000100 
00000100011111100101100000001000 

x = 10101100101101111100101001011001 
01011001011011111001010010110010 

x = 01101101110010110110100111011011 
11011011100101101101001110110110 

x = 10100110111111001101111001001101 
01001101111110011011110010011010 

x = 01101100101100001011011111011001 
11011001011000010110111110110010 

x = 10110110101001000010011001101101 
01101101010010000100110011011010 

x = 10111011010001011110001001110110 
01110110100010111100010011101100 

x = 01100101001110110100100111001010 
11001010011101101001001110010100 

x = 01011011000101110010110110110110 
10110110001011100101101101101100 

x = 01001010100100110111000110010101 
10010101001001101110001100101010 

x = 10100011000001110001101001000110 
01000110000011100011010010001100 

x = 00000010011101001001101100000100 
10011101001001101100000100000000 

x = 01111011110100100110000111110111 
11110111101001001100001111101110 

x = 00110100100110000000011101101001 
11010010011000000001110110100100 

x = 11011010011011101011101010110100 
01101001101110101110101011010000 

x = 01000100000000011000110110001000 
10001000000000110001101100010000 

x = 00010100011111001101100100101000 
10100011111001101100100101000000 

x = 10010110100100000000010000101101 
00101101001000000000100001011010 

x = 11100011110001010011000011000111 
00011110001010011000011000111000 

x = 10010111010111001001110000101110 
00101110101110010011100001011100 

x = 10000100011101111110010000001000 
00001000111011111100100000010000 

x = 00001110010000010100010100011100 
11100100000101000101000111000000 

x = 11111110101001111010011011111101 
01010011110100110111111010000000 

x = 00010100100111100000011100101001 
10100100111100000011100101001000 

x = 10001110001101111001000000011100 
00011100011011110010000000111000 

x = 01000011001101010110011110000110 
10000110011010101100111100001100 

x = 11101101001101000000100011011010 
01101001101000000100011011010000 

x = 10011110101101111100011000111101 
00111101011011111000110001111010 

x = 00110011010011101010011101100110 
11001101001110101001110110011000 

x = 10111000010101011100010001110000 
01110000101010111000100011100000 

x = 10111001111101010000010001110011 
01110011111010100000100011100110 

x = 01011101011100011001100110111010 
10111010111000110011001101110100 

x = 00101111001110101011001101011110 
10111100111010101100110101111000 

x = 01111101010001110111100111111010 
11111010100011101111001111110100 

x = 01101010100011100000010111010101 
11010101000111000000101110101010 

x = 10001101001001001111011000011010 
00011010010010011110110000110100 

x = 11011100111100000000000010111001 
01110011110000000000001011100100 

x = 00011011100001110110000100110111 
11011100001110110000100110111000 

x = 01001011001001110011011110010110 
10010110010011100110111100101100 

x = 01100000001110010010000111000000 
11000000011100100100001110000000 

x = 00010011001001011001111100100110 
10011001001011001111100100110000 

x = 11011011010001100001101010110110 
01101101000110000110101011011000 

x = 00111110100110011000001101111101 
11111010011001100000110111110100 

x = 01101110010111110000111111011100 
11011100101111100001111110111000 

x = 01000011011000010101011110000110 
10000110110000101010111100001100 

x = 00111100000000111111111101111000 
11110000000011111111110111100000 

x = 00111111010110101001101101111110 
11111101011010100110110111111000 

x = 11101101100011011000000011011011 
01101100011011000000011011011000 

x = 11100111110000111011011011001111 
00111110000111011011011001111000 

x = 00111100111011010010101101111001 
11110011101101001010110111100100 

x = 11111101001010001110010011111010 
01001010001110010011111010000000 

x = 10110000101111001110111001100001 
01100001011110011101110011000010 

x = 00001011100101000000100100010111 
10111001010000001001000101110000 

x = 11010000111101010111100010100001 
01000011110101011110001010000100 

x = 01000011011101111001000110000110 
10000110111011110010001100001100 

x = 10101000011000111001011001010000 
01010000110001110010110010100000 

x = 01111010100011000101100111110101 
11110101000110001011001111101010 

x = 10011010101101001000100000110101 
00110101011010010001000001101010 

x = 10010100100110101000101000101001 
00101001001101010001010001010010 

x = 01100000101100010111010111000001 
11000001011000101110101110000010 

x = 11100010111001010111010011000101 
00010111001010111010011000101000 

x = 11001100000000011011010010011000 
00110000000001101101001001100000 

x = 00100101101100100111101101001011 
10010110110010011110110100101100 

x = 10111001100011000100001001110011 
01110011000110001000010011100110 

x = 11110110001000101110011011101100 
01100010001011100110111011000000 

x = 11000101010100000001011010001010 
00010101010000000101101000101000 

x = 00100111010110001101000101001110 
10011101011000110100010100111000 

x = 11010100010010111000000010101000 
01010001001011100000001010100000 

x = 01010100100111101111110110101001 
10101001001111011111101101010010 

x = 11010000110010101000110010100001 
01000011001010100011001010000100 

x = 00000111000010111011100100001110 
11100001011101110010000111000000 

x = 11110011001101000110011011100110 
00110011010001100110111001100000 

x = 11001111110101101100000010011111 
00111111010110110000001001111100 

x = 00010101001011111011010100101010 
10101001011111011010100101010000 

x = 00010101010110100001110100101010 
10101010110100001110100101010000 

x = 11000110101101011111010010001101 
00011010110101111101001000110100 

x = 01001111011101011111111110011110 
10011110111010111111111100111100 

x = 10011100011011011110011000111000 
00111000110110111100110001110000 

x = 10111100110011111010100001111001 
01111001100111110101000011110010 

x = 01100100011001001110001111001000 
11001000110010011100011110010000 

x = 01100101001000110100010111001010 
11001010010001101000101110010100 

x = 00001001111111110100000100010011 
10011111111101000001000100110000 

x = 00110101101000001100100101101011 
11010110100000110010010110101100 

x = 11100011101101111010111011000111 
00011101101111010111011000111000 

x = 01011011000010111101110110110110 
10110110000101111011101101101100 

x = 01011101000001011001110110111010 
10111010000010110011101101110100 

x = 01100010000101101010101111000100 
11000100001011010101011110001000 

x = 01011100100000101001010110111001 
10111001000001010010101101110010 

x = 01001001001011111101001110010010 
10010010010111111010011100100100 

x = 11011010001001101001101010110100 
01101000100110100110101011010000 

x = 00111111101110110011101101111111 
11111110111011001110110111111100 

x = 11000011001100111001000010000110 
00001100110011100100001000011000 

x = 01111101011011011111010111111010 
11111010110110111110101111110100 

x = 11111001001001111001010011110010 
00100100111100101001111001000000 

x = 00011001010001010010000100110010 
11001010001010010000100110010000 

x = 11011110110011100101111010111101 
01111011001110010111101011110100 

x = 01000010010011111100110110000100 
10000100100111111001101100001000 

x = 11110010010010011010010011100100 
00100100100110100100111001000000 

x = 01100101010000111100111111001010 
11001010100001111001111110010100 

x = 01010100101010000111100110101001 
10101001010100001111001101010010 

x = 11010000100101011010100010100001 
01000010010101101010001010000100 

x = 01000111011001011010100110001110 
10001110110010110101001100011100 

x = 11111101100010110110101011111011 
01100010110110101011111011000000 

x = 10000101111001010001111000001011 
00001011110010100011110000010110 

x = 11110111100000101001000011101111 
01111000001010010000111011110000 

x = 01100100110010000011110111001001 
11001001100100000111101110010010 

x = 00011011011000001110010100110110 
11011011000001110010100110110000 

exit
INFO: [Common 17-206] Exiting xsim at Tue Dec 18 00:33:43 2018...
