#-----------------------------------------------------------
# xsim v2017.4 (64-bit)
# SW Build 2086221 on Fri Dec 15 20:54:30 MST 2017
# IP Build 2085800 on Fri Dec 15 22:25:07 MST 2017
# Start of session at: Tue Dec 18 00:51:24 2018
# Process ID: 31760
# Current directory: /home/tansei/Desktop/186cpu/fpu/ITOF
# Command line: xsim -mode tcl -source {xsim.dir/test_itof.sim/xsim_script.tcl}
# Log file: /home/tansei/Desktop/186cpu/fpu/ITOF/xsim.log
# Journal file: /home/tansei/Desktop/186cpu/fpu/ITOF/xsim.jou
#-----------------------------------------------------------
source xsim.dir/test_itof.sim/xsim_script.tcl
# xsim {test_itof.sim} -autoloadwcfg -runall
Vivado Simulator 2017.4
Time resolution is 1 ps
run -all
x = xxxxxxxxxxxxxxxxxxxxxxxxxxxxxxxx 
xxxxxxxxxxxxxxxxxxxxxxxxxxxxxxxx 

x = 00010010000101010011010100100100 
01001101100100001010100110101001 

x = 11000000100010010101111010000001 
11001110011111011101101010000101 

x = 10000100100001001101011000001001 
11001110111101101111011001010011 

x = 10110001111100000101011001100011 
11001110100111000001111101010011 

x = 00000110101110010111101100001101 
01001100110101110010111101100001 

x = 01000110110111111001100110001101 
01001110100011011011111100110011 

x = 10110010110000101000010001100101 
11001110100110100111101011110111 

x = 10001001001101110101001000010010 
11001110111011011001000101011011 

x = 00000000111100111110001100000001 
01001011011100111110001100000001 

x = 00000110110101111100110100001101 
01001100110110101111100110100001 

x = 00111011001000111111000101110110 
01001110011011001000111111000101 

x = 00011110100011011100110100111101 
01001101111101000110111001101001 

x = 01110110110101000101011111101101 
01001110111011011010100010101111 

x = 01000110001011011111011110001100 
01001110100011000101101111101111 

x = 01111100111111011110100111111001 
01001110111110011111101111010011 

x = 11100011001101110010010011000110 
11001101111001100100011011011001 

x = 11100010111101111000010011000101 
11001101111010000100001111011001 

x = 11010101000100111101001010101010 
11001110001010111011000010110101 

x = 01110010101011111111011111100101 
01001110111001010101111111101111 

x = 10111011110100100111001001110111 
11001110100010000101101100011011 

x = 10001001001100101101011000010010 
11001110111011011001101001010011 

x = 01000111111011001101101110001111 
01001110100011111101100110110111 

x = 01111001001100000110100111110010 
01001110111100100110000011010011 

x = 11100111011101101001011011001110 
11001101110001000100101101001001 

x = 11110100000000000111101011101000 
11001101001111111111100001010001 

x = 11100010110010100100111011000101 
11001101111010011010110110001001 

x = 00101110010110000100100101011100 
01001110001110010110000100100101 

x = 11011110100011100010100010111101 
11001110000001011100011101011101 

x = 10010110101010110101100000101101 
11001110110100101010100101001111 

x = 10110010101001110010011001100101 
11001110100110101011000110110011 

x = 10110001111011110110001001100011 
11001110100111000010000100111011 

x = 00000101011100111000011100001010 
01001100101011100111000011100001 

x = 11000000001110110010001010000000 
11001110011111110001001101110110 

x = 00010000011001000010000100100000 
01001101100000110010000100001001 

x = 01010101011110000100010110101010 
01001110101010101111000010001011 

x = 11001110110011001100110010011101 
11001110010001001100110011001101 

x = 11001011001000000011111010010110 
11001110010100110111111100000101 

x = 10001001100000111011100000010011 
11001110111011001111100010001111 

x = 10000110101111000011100000001101 
11001110111100101000011110001111 

x = 10101001101001111101011001010011 
11001110101011001011000001010011 

x = 00110101100111111101110101101011 
01001110010101100111111101110101 

x = 11101010101001100010101011010101 
11001101101010101100111010101001 

x = 10000001000101110100101000000010 
11001110111111011101000101101011 

x = 11010111010101100011111010101110 
11001110001000101010011100000101 

x = 00001110111111111110100100011101 
01001101011011111111111010010001 

x = 11100111110001010111001011001111 
11001101110000011101010001101001 

x = 00010001100001000100100100100011 
01001101100011000010001001001001 

x = 00000101000010010110010100001010 
01001100101000010010110010100001 

x = 11100101011100110000101011001010 
11001101110101000110011110101001 

x = 10011110001100010100110000111100 
11001110110000111001110101100111 

x = 01111001011010001011110111110010 
01001110111100101101000101111011 

x = 01000101001011100110000110001010 
01001110100010100101110011000011 

x = 00100000110001001011001101000001 
01001110000000110001001011001101 

x = 11101100010010110011010011011000 
11001101100111011010011001011001 

x = 00111100001000001111001101111000 
01001110011100001000001111001101 

x = 11000100100010100001001010001001 
11001110011011011101011110110101 

x = 01110101110001010000110111101011 
01001110111010111000101000011011 

x = 01011011000000100110010110110110 
01001110101101100000010011001011 

x = 01100011010010111111100111000110 
01001110110001101001011111110011 

x = 01010111000101010001001110101110 
01001110101011100010101000100111 

x = 11011110011101010000001010111100 
11001110000001100010101111110101 

x = 00010101000011111101110100101010 
01001101101010000111111011101001 

x = 10000101110101111001101000001011 
11001110111101000101000011001011 

x = 10111000100101111011111001110001 
11001110100011101101000010000011 

x = 01000010111100100100000110000101 
01001110100001011110010010000011 

x = 00100111111100100101010101001111 
01001110000111111100100101010101 

x = 10011101110011000110000000111011 
11001110110001000110011100111111 

x = 00011101000001100011001100111010 
01001101111010000011000110011001 

x = 10111111001000110011001001111110 
11001110100000011011100110011011 

x = 00001010101010100100101100010101 
01001101001010101010010010110001 

x = 01111000110110011001101111110001 
01001110111100011011001100110111 

x = 01101100100111000100101111011001 
01001110110110010011100010010111 

x = 00110001001000110000011101100010 
01001110010001001000110000011101 

x = 00100110001101011111101101001100 
01001110000110001101011111101101 

x = 01001111101000010101010110011111 
01001110100111110100001010101011 

x = 01000111101110011010000110001111 
01001110100011110111001101000011 

x = 01111100011011011010100111111000 
01001110111110001101101101010011 

x = 11011011110011010110000010110111 
11001110000100001100101001111101 

x = 11001111110001000101011010011111 
11001110010000001110111010100101 

x = 10101110011111011001010001011100 
11001110101000110000010011010111 

x = 10101101110010111100000001011011 
11001110101001000110100001111111 

x = 01000100110111100011011110001001 
01001110100010011011110001101111 

x = 10100100101011100011001001001001 
11001110101101101010001110011011 

x = 11101000001000110011111011010000 
11001101101111101110011000001001 

x = 11101011111111101100000011010111 
11001101101000000000100111111001 

x = 10101000110001111111110001010001 
11001110101011100111000000000111 

x = 01001011001000010010111110010110 
01001110100101100100001001011111 

x = 00000110000111010111111100001100 
01001100110000111010111111100001 

x = 11100001001011001100111011000010 
11001101111101101001100110001001 

x = 01100100010101111110110111001000 
01001110110010001010111111011011 

x = 10111011100000100101101001110111 
11001110100010001111101101001011 

x = 00011110111100101110110100111101 
01001101111101111001011101101001 

x = 00001001000011001101101100010010 
01001101000100001100110110110001 

x = 10111111000001010000000001111110 
11001110100000011111010111111111 

x = 00110110111001011000000101101101 
01001110010110111001011000000101 

x = 00011100110110011110011100111001 
01001101111001101100111100111001 

x = 00001111110100101000111100011111 
01001101011111010010100011110001 

x = 11101001111010111111011011010011 
11001101101100001010000001001001 

x = 01000010110110010010111110000101 
01001110100001011011001001011111 

x = 10111100000101001000100001111000 
11001110100001111101011011101111 

x = 00101101110110100101100101011011 
01001110001101110110100101100101 

x = 00100100100010110100101101001001 
01001110000100100010110100101101 

x = 10011111111100101010111000111111 
11001110110000000001101010100011 

x = 00010101000011001010111100101010 
01001101101010000110010101111001 

x = 00101100000101010110001101011000 
01001110001100000101010110001101 

x = 11000011001111110011100010000110 
11001110011100110000001100011101 

x = 11000111000110100000110010001110 
11001110011000111001011111001101 

x = 11001110001011111111001010011100 
11001110010001110100000000110101 

x = 01111101001101011001100111111010 
01001110111110100110101100110011 

x = 10010011011111011011110000100110 
11001110110110010000010010000111 

x = 00111001100101100001011101110011 
01001110011001100101100001011101 

x = 11010001100010111011010010100011 
11001110001110011101000100101101 

x = 10010111100110011010100000101111 
11001110110100001100110010101111 

x = 11011001110100101001001010110011 
11001110000110001011010110110101 

x = 10101111110110000101011001011111 
11001110101000000100111101010011 

x = 00100010001010010000110101000100 
01001110000010001010010000110101 

x = 01111011111110001111110111110111 
01001110111101111111000111111011 

x = 11100101100110110011011011001011 
11001101110100110010011001001001 

x = 11110011000010010001101011100110 
11001101010011110110111001010001 

x = 00101101001010001101101101011010 
01001110001101001010001101101101 

x = 00010100110011111100000100101001 
01001101101001100111111000001001 

x = 11110110100000101110001011101101 
11001101000101111101000111010001 

x = 11101101010100110110110011011010 
11001101100101010110010010011001 

x = 10110010100111111011011001100101 
11001110100110101100000010010011 

x = 11011010100010101110001010110101 
11001110000101011101010001110101 

x = 11101111101111101001010011011111 
11001101100000100000101101011001 

x = 00111100111100010001100101111001 
01001110011100111100010001100101 

x = 00100010001100011111111101000100 
01001110000010001100011111111101 

x = 11101000011101000000110011010000 
11001101101111000101111110011001 

x = 00010101000010010000101100101010 
01001101101010000100100001011001 

x = 01010101111101101010110110101011 
01001110101010111110110101011011 

x = 00000111011011111100111100001110 
01001100111011011111100111100001 

x = 01101110010111011010110111011100 
01001110110111001011101101011011 

x = 11001101010111101011110010011010 
11001110010010101000010100001101 

x = 11111110110111110111001011111101 
11001011100100000100011010000001 

x = 11100001111100010000001011000011 
11001101111100000111011111101001 

x = 00101011000011101110110101010110 
01001110001011000011101110110101 

x = 00100111011110011110100101001110 
01001110000111011110011110100101 

x = 10110011110110010111011001100111 
11001110100110000100110100010011 

x = 10000101001100010011010000001010 
11001110111101011001110110010111 

x = 01011011011011111011100110110110 
01001110101101101101111101110011 

x = 10011100000011101000101000111000 
11001110110001111110001011101011 

x = 00111100110100011000011101111001 
01001110011100110100011000011101 

x = 11011100001010111100010010111000 
11001110000011110101000011101101 

x = 01001010011101001011111110010100 
01001110100101001110100101111111 

x = 01001001110001100101110110010011 
01001110100100111000110010111011 

x = 10000010001111110010110000000100 
11001110111110111000000110100111 

x = 10101100101101111100101001011001 
11001110101001101001000001101011 

x = 01101101110010110110100111011011 
01001110110110111001011011010011 

x = 10100110111111001101111001001101 
11001110101100100000011001000011 

x = 01101100101100001011011111011001 
01001110110110010110000101101111 

x = 10110110101001000010011001101101 
11001110100100101011011110110011 

x = 10111011010001011110001001110110 
11001110100010010111010000111011 

x = 01100101001110110100100111001010 
01001110110010100111011010010011 

x = 01011011000101110010110110110110 
01001110101101100010111001011011 

x = 01001010100100110111000110010101 
01001110100101010010011011100011 

x = 10100011000001110001101001000110 
11001110101110011111000111001011 

x = 00000010011101001001101100000100 
01001100000111010010011011000001 

x = 01111011110100100110000111110111 
01001110111101111010010011000011 

x = 00110100100110000000011101101001 
01001110010100100110000000011101 

x = 11011010011011101011101010110100 
11001110000101100100010100010101 

x = 01000100000000011000110110001000 
01001110100010000000001100011011 

x = 00010100011111001101100100101000 
01001101101000111110011011001001 

x = 10010110100100000000010000101101 
11001110110100101101111111110111 

x = 11100011110001010011000011000111 
11001101111000011101011001111001 

x = 10010111010111001001110000101110 
11001110110100010100011011000111 

x = 10000100011101111110010000001000 
11001110111101110001000000110111 

x = 00001110010000010100010100011100 
01001101011001000001010001010001 

x = 11111110101001111010011011111101 
11001011101011000010110010000001 

x = 00010100100111100000011100101001 
01001101101001001111000000111001 

x = 10001110001101111001000000011100 
11001110111000111001000011011111 

x = 01000011001101010110011110000110 
01001110100001100110101011001111 

x = 11101101001101000000100011011010 
11001101100101100101111110111001 

x = 10011110101101111100011000111101 
11001110110000101001000001110011 

x = 00110011010011101010011101100110 
01001110010011010011101010011101 

x = 10111000010101011100010001110000 
11001110100011110101010001110111 

x = 10111001111101010000010001110011 
11001110100011000001010111110111 

x = 01011101011100011001100110111010 
01001110101110101110001100110011 

x = 00101111001110101011001101011110 
01001110001111001110101011001101 

x = 01111101010001110111100111111010 
01001110111110101000111011110011 

x = 01101010100011100000010111010101 
01001110110101010001110000001011 

x = 10001101001001001111011000011010 
11001110111001011011011000010011 

x = 11011100111100000000000010111001 
11001110000011000011111111111101 

x = 00011011100001110110000100110111 
01001101110111000011101100001001 

x = 01001011001001110011011110010110 
01001110100101100100111001101111 

x = 01100000001110010010000111000000 
01001110110000000111001001000011 

x = 00010011001001011001111100100110 
01001101100110010010110011111001 

x = 11011011010001100001101010110110 
11001110000100101110011110010101 

x = 00111110100110011000001101111101 
01001110011110100110011000001101 

x = 01101110010111110000111111011100 
01001110110111001011111000011111 

x = 01000011011000010101011110000110 
01001110100001101100001010101111 

x = 00111100000000111111111101111000 
01001110011100000000111111111101 

x = 00111111010110101001101101111110 
01001110011111010110101001101101 

x = 11101101100011011000000011011011 
11001101100100111001001111111001 

x = 11100111110000111011011011001111 
11001101110000011110001001001001 

x = 00111100111011010010101101111001 
01001110011100111011010010101101 

x = 11111101001010001110010011111010 
11001100001101011100011011000001 

x = 10110000101111001110111001100001 
11001110100111101000011000100011 

x = 00001011100101000000100100010111 
01001101001110010100000010010001 

x = 11010000111101010111100010100001 
11001110001111000010101000011101 

x = 01000011011101111001000110000110 
01001110100001101110111100100011 

x = 10101000011000111001011001010000 
11001110101011110011100011010011 

x = 01111010100011000101100111110101 
01001110111101010001100010110011 

x = 10011010101101001000100000110101 
11001110110010101001011011101111 

x = 10010100100110101000101000101001 
11001110110101101100101011101011 

x = 01100000101100010111010111000001 
01001110110000010110001011101011 

x = 11100010111001010111010011000101 
11001101111010001101010001011001 

x = 11001100000000011011010010011000 
11001110010011111111100100101101 

x = 00100101101100100111101101001011 
01001110000101101100100111101101 

x = 10111001100011000100001001110011 
11001110100011001110011101111011 

x = 11110110001000101110011011101100 
11001101000111011101000110010001 

x = 11000101010100000001011010001010 
11001110011010101011111110100101 

x = 00100111010110001101000101001110 
01001110000111010110001101000101 

x = 11010100010010111000000010101000 
11001110001011101101000111111101 

x = 01010100100111101111110110101001 
01001110101010010011110111111011 

x = 11010000110010101000110010100001 
11001110001111001101010111001101 

x = 00000111000010111011100100001110 
01001100111000010111011100100001 

x = 11110011001101000110011011100110 
11001101010011001011100110010001 

x = 11001111110101101100000010011111 
11001110010000001010010011111101 

x = 00010101001011111011010100101010 
01001101101010010111110110101001 

x = 00010101010110100001110100101010 
01001101101010101101000011101001 

x = 11000110101101011111010010001101 
11001110011001010010100000101101 

x = 01001111011101011111111110011110 
01001110100111101110101111111111 

x = 10011100011011011110011000111000 
11001110110001110010010000110011 

x = 10111100110011111010100001111001 
11001110100001100110000010101111 

x = 01100100011001001110001111001000 
01001110110010001100100111000111 

x = 01100101001000110100010111001010 
01001110110010100100011010001011 

x = 00001001111111110100000100010011 
01001101000111111111010000010001 

x = 00110101101000001100100101101011 
01001110010101101000001100100101 

x = 11100011101101111010111011000111 
11001101111000100100001010001001 

x = 01011011000010111101110110110110 
01001110101101100001011110111011 

x = 01011101000001011001110110111010 
01001110101110100000101100111011 

x = 01100010000101101010101111000100 
01001110110001000010110101010111 

x = 01011100100000101001010110111001 
01001110101110010000010100101011 

x = 01001001001011111101001110010010 
01001110100100100101111110100111 

x = 11011010001001101001101010110100 
11001110000101110110010110010101 

x = 00111111101110110011101101111111 
01001110011111101110110011101101 

x = 11000011001100111001000010000110 
11001110011100110011000110111101 

x = 01111101011011011111010111111010 
01001110111110101101101111101011 

x = 11111001001001111001010011110010 
11001100110110110000110101100001 

x = 00011001010001010010000100110010 
01001101110010100010100100001001 

x = 11011110110011100101111010111101 
11001110000001001100011010000101 

x = 01000010010011111100110110000100 
01001110100001001001111110011011 

x = 11110010010010011010010011100100 
11001101010110110110010110110001 

x = 01100101010000111100111111001010 
01001110110010101000011110011111 

x = 01010100101010000111100110101001 
01001110101010010101000011110011 

x = 11010000100101011010100010100001 
11001110001111011010100101011101 

x = 01000111011001011010100110001110 
01001110100011101100101101010011 

x = 11111101100010110110101011111011 
11001100000111010010010101000001 

x = 10000101111001010001111000001011 
11001110111101000011010111000011 

x = 11110111100000101001000011101111 
11001101000001111101011011110001 

x = 01100100110010000011110111001001 
01001110110010011001000001111011 

x = 00011011011000001110010100110110 
01001101110110110000011100101001 

exit
INFO: [Common 17-206] Exiting xsim at Tue Dec 18 00:51:51 2018...
