#-----------------------------------------------------------
# xsim v2017.4 (64-bit)
# SW Build 2086221 on Fri Dec 15 20:54:30 MST 2017
# IP Build 2085800 on Fri Dec 15 22:25:07 MST 2017
# Start of session at: Thu Feb  7 19:16:43 2019
# Process ID: 13948
# Current directory: /home/tansei/Desktop/186cpu/fpu/FINV
# Command line: xsim -mode tcl -source {xsim.dir/test_finv.sim/xsim_script.tcl}
# Log file: /home/tansei/Desktop/186cpu/fpu/FINV/xsim.log
# Journal file: /home/tansei/Desktop/186cpu/fpu/FINV/xsim.jou
#-----------------------------------------------------------
source xsim.dir/test_finv.sim/xsim_script.tcl
# xsim {test_finv.sim} -autoloadwcfg -runall
Vivado Simulator 2017.4
Time resolution is 1 ps
run -all
oax2_2 = 00000000xxxxxxxxxxxxxxxxxxxxxxxx 

ox0_2  = 00000001xxxxxxxxxxxxxxxxxxxxxxx0 

oans   = 0000000xxxxxxxxxxxxxxxxxxxxxxxxx 

fybit  = 00111110001010101010101010101011 

x = 00001000101011010001010101111100
9.599592e+32 01110110001111010101000110001101 
9.599593e+32 01110110001111010101000110001111 

x = 10001101001010110111100111110100
-1.892497e+30 11110001101111110001011111100111 
-1.892497e+30 11110001101111110001011111101001 

x = 00011111001010110100100111110001
2.756961e+19 01011111101111110100110101110111 
2.756961e+19 01011111101111110100110101111001 

x = 10110101001010111001011111110110
-1.564368e+06 11001001101111101111011001111100 
-1.564368e+06 11001001101111101111011001111110 

x = 01001000001001100110010010100110
5.869006e-06 00110110110001001110111001100001 
5.869007e-06 00110110110001001110111001100011 

x = 11010110101010110111101001011101
-1.060771e-14 10101000001111110001011101110010 
-1.060772e-14 10101000001111110001011101110100 

x = 01011011001100101100011000101010
1.987264e-17 00100011101101110100101011110100 
1.987265e-17 00100011101101110100101011110110 

x = 01100010100111110011100000010001
6.809502e-22 00011100010011011100110111111000 
6.809503e-22 00011100010011011100110111111010 

x = 01100111001100101100100101000100
1.184422e-24 00010111101101110100011111000110 
1.184422e-24 00010111101101110100011111001000 

x = 01101011000111101111101000001110
5.203154e-27 00010011110011100001111000111111 
5.203154e-27 00010011110011100001111001000001 

$finish called at time : 10160 ns : File "/home/tansei/Desktop/186cpu/fpu/FINV/test_finv.sv" Line 114
exit
INFO: [Common 17-206] Exiting xsim at Thu Feb  7 19:17:10 2019...
