#-----------------------------------------------------------
# xsim v2017.4 (64-bit)
# SW Build 2086221 on Fri Dec 15 20:54:30 MST 2017
# IP Build 2085800 on Fri Dec 15 22:25:07 MST 2017
# Start of session at: Wed Oct 31 11:22:16 2018
# Process ID: 13786
# Current directory: /home/tansei/Desktop/186cpu/fpu/FINV
# Command line: xsim -mode tcl -source {xsim.dir/test_finv.sim/xsim_script.tcl}
# Log file: /home/tansei/Desktop/186cpu/fpu/FINV/xsim.log
# Journal file: /home/tansei/Desktop/186cpu/fpu/FINV/xsim.jou
#-----------------------------------------------------------
source xsim.dir/test_finv.sim/xsim_script.tcl
# xsim {test_finv.sim} -autoloadwcfg -runall
Vivado Simulator 2017.4
Time resolution is 1 ps
run -all
x = 00011011001011010001010101111100 
6.984622e+21 01100011101111010101000110001101 
6.984623e+21 01100011101111010101000110001111 

x = 00101011001010110111100111110100 
1.641480e+12 01010011101111110001011111100111 
1.641480e+12 01010011101111110001011111101001 

x = 11100110101010110100100111110001 
-2.472528e-24 10011000001111110100110101110111 
-2.472529e-24 10011000001111110100110101111001 

x = 01111110100000000000000000000000 
1.175494e-38 00000000100000000000000000000000 
0.000000e+00 00000000000000000000000000000000 

x = 11111110100000000000000000000000 
-1.175494e-38 10000000100000000000000000000000 
-0.000000e+00 10000000000000000000000000000000 

x = 00001111001010111001011111110110
1.182003e+29 01101111101111101111011001111100 
1.182003e+29 01101111101111101111011001111110 

x = 10100001101001100110010010100110
-8.868992e+17 11011101010001001110111001100001 
-8.868993e+17 11011101010001001110111001100011 

x = 10110000101010110111101001011101
-8.014962e+08 11001110001111110001011101110010 
-8.014963e+08 11001110001111110001011101110100 

x = 10110100101100101100011000101010
-3.003069e+06 11001010001101110100101011110100 
-3.003070e+06 11001010001101110100101011110110 

x = 00111100100111110011100000010001
5.145114e+01 01000010010011011100110111111000 
5.145115e+01 01000010010011011100110111111010 

x = 01000001001100101100100101000100
8.949237e-02 00111101101101110100011111000110 
8.949238e-02 00111101101101110100011111001000 

x = 01000101000111101111101000001110
3.931392e-04 00111001110011100001111000111111 
3.931392e-04 00111001110011100001111001000001 

x = 01100100001000101110100010110010
8.319080e-23 00011010110010010010010010011100 
8.319081e-23 00011010110010010010010010011110 

x = 01101110001010000000101010011011
7.691375e-29 00010000110000101111111111100001 
7.691376e-29 00010000110000101111111111100011 

x = 01110011001010101000010011111111
7.401953e-32 00001011110000000010101001101010 
7.401954e-32 00001011110000000010101001101100 

$finish called at time : 20320 ns : File "/home/tansei/Desktop/186cpu/fpu/FINV/test_finv.sv" Line 101
exit
INFO: [Common 17-206] Exiting xsim at Wed Oct 31 11:22:24 2018...
